<?xml version="1.0" encoding="UTF-8"?><testsuite failures="28" name="cucumber.runtime.formatter.JUnitFormatter" skipped="0" tests="98" time="3419.89598">
<testcase classname="Validate login with different users admin" name="Log into the GSA website as createDepartment" time="146.686597">
<system-out><![CDATA[And The user login into environment COMP_HOME_PAGE..........................passed
And Click on department sign in link........................................passed
And Click on department accept button.......................................passed
And Enters the department email id createDepartment.........................passed
And Enters the department password alertadminPassword1......................passed
Then Click on department sign in button.....................................passed
And Receive your one time department password myEmail.......................passed
And Enters department one time access code..................................passed
Then Click on department one time submit button.............................passed
]]></system-out>
</testcase>
<testcase classname="Validate login with different users admin" name="Super Admin" time="71.967473">
<system-out><![CDATA[Given User Click on go to department link...................................passed
Then User navigate into search page.........................................passed
And User click on edit agency details.......................................passed
And The user enters on month................................................passed
And The user enters on Day..................................................passed
And The user enters on Year.................................................passed
And The user enters on Description..........................................passed
And The user enters on Short Name...........................................passed
And click on submit agency details..........................................passed
And The user click on edit Agency Codes.....................................passed
And The user enters on Agency Code..........................................passed
And The user enters on CGAC.................................................passed
And The user enters on CFDA Code............................................passed
And TAS-2 Code code is visible..............................................passed
And The user click on submit Agency Codes...................................passed
]]></system-out>
</testcase>
<testcase classname="Validate login with different users admin" name="edit department" time="23.402292">
<system-out><![CDATA[Given User Click on Hierarchy...............................................passed
Then User navigate into sub-Tier page.......................................passed
And User click on edit subTier details......................................passed
And The user enters subTie end month........................................passed
And The user enters subTier end Day.........................................passed
And The user enters subTier end Year........................................passed
And The user enters subTier Short Name......................................passed
And User click on submit Details Sub-Tier Details...........................passed
And User click on edit subTier Agency Codese................................passed
And The user enters on subTier Agency Codes.................................passed
And TAS-2 code is not visible...............................................passed
And User click on submit subTier Agency Codese..............................passed
]]></system-out>
</testcase>
<testcase classname="Validate login with different users admin" name="Department created browser sign" time="6.160734">
<system-out><![CDATA[Given Department created browser sign out...................................passed
]]></system-out>
</testcase>
<testcase classname="Validate login with different users admin" name="Log into the GSA website as DepartAdmin" time="81.769631">
<system-out><![CDATA[And The user login into environment COMP_HOME_PAGE..........................passed
And Click on department sign in link........................................passed
And Click on department accept button.......................................passed
And Enters the department email id DepartAdmin..............................passed
And Enters the department password alertadminPassword.......................passed
Then Click on department sign in button.....................................passed
And Receive your one time department password myEmail.......................passed
And Enters department one time access code..................................passed
Then Click on department one time submit button.............................passed
]]></system-out>
</testcase>
<testcase classname="Validate login with different users admin" name="Department Admin" time="61.602809">
<failure message="org.openqa.selenium.NoSuchElementException: no such element: Unable to locate element: {&quot;method&quot;:&quot;xpath&quot;,&quot;selector&quot;:&quot;//*[@id=&quot;primary-content&quot;]/ng-component/div/div[1]/div[1]/title-and-section/div/h1/div&quot;}&#10;  (Session info: chrome=73.0.3683.86)&#10;  (Driver info: chromedriver=2.38.552522 (437e6fbedfa8762dec75e2c5b3ddb86763dc9dcb),platform=Windows NT 6.1.7601 SP1 x86_64) (WARNING: The server did not provide any stacktrace information)&#10;Command duration or timeout: 0 milliseconds&#10;For documentation on this error, please visit: http://seleniumhq.org/exceptions/no_such_element.html&#10;Build info: version: '3.11.0', revision: 'e59cfb3', time: '2018-03-11T20:26:55.152Z'&#10;System info: host: 'I07R7C-AF1F18', ip: '172.21.72.72', os.name: 'Windows 7', os.arch: 'amd64', os.version: '6.1', java.version: '1.8.0_191'&#10;Driver info: org.openqa.selenium.remote.RemoteWebDriver&#10;Capabilities {acceptInsecureCerts: false, acceptSslCerts: false, applicationCacheEnabled: false, browserConnectionEnabled: false, browserName: chrome, chrome: {chromedriverVersion: 2.38.552522 (437e6fbedfa876..., userDataDir: C:\Users\SH359E~1\AppData\L...}, cssSelectorsEnabled: true, databaseEnabled: false, handlesAlerts: true, hasTouchScreen: false, javascriptEnabled: true, locationContextEnabled: true, mobileEmulationEnabled: false, nativeEvents: true, networkConnectionEnabled: false, pageLoadStrategy: normal, platform: XP, platformName: XP, rotatable: false, setWindowRect: true, takesHeapSnapshot: true, takesScreenshot: true, unexpectedAlertBehaviour: , unhandledPromptBehavior: , version: 73.0.3683.86, webStorageEnabled: true}&#10;Session ID: a0a94d759c7c5abf2e417ee33b71162e&#10;*** Element info: {Using=xpath, value=//*[@id=&quot;primary-content&quot;]/ng-component/div/div[1]/div[1]/title-and-section/div/h1/div}&#13;&#10;&#9;at sun.reflect.NativeConstructorAccessorImpl.newInstance0(Native Method)&#13;&#10;&#9;at sun.reflect.NativeConstructorAccessorImpl.newInstance(NativeConstructorAccessorImpl.java:62)&#13;&#10;&#9;at sun.reflect.DelegatingConstructorAccessorImpl.newInstance(DelegatingConstructorAccessorImpl.java:45)&#13;&#10;&#9;at java.lang.reflect.Constructor.newInstance(Constructor.java:423)&#13;&#10;&#9;at org.openqa.selenium.remote.ErrorHandler.createThrowable(ErrorHandler.java:214)&#13;&#10;&#9;at org.openqa.selenium.remote.ErrorHandler.throwIfResponseFailed(ErrorHandler.java:166)&#13;&#10;&#9;at org.openqa.selenium.remote.http.JsonHttpResponseCodec.reconstructValue(JsonHttpResponseCodec.java:40)&#13;&#10;&#9;at org.openqa.selenium.remote.http.AbstractHttpResponseCodec.decode(AbstractHttpResponseCodec.java:80)&#13;&#10;&#9;at org.openqa.selenium.remote.http.AbstractHttpResponseCodec.decode(AbstractHttpResponseCodec.java:44)&#13;&#10;&#9;at org.openqa.selenium.remote.HttpCommandExecutor.execute(HttpCommandExecutor.java:158)&#13;&#10;&#9;at org.openqa.selenium.remote.RemoteWebDriver.execute(RemoteWebDriver.java:545)&#13;&#10;&#9;at org.openqa.selenium.remote.RemoteWebDriver.findElement(RemoteWebDriver.java:319)&#13;&#10;&#9;at org.openqa.selenium.remote.RemoteWebDriver.findElementByXPath(RemoteWebDriver.java:421)&#13;&#10;&#9;at org.openqa.selenium.By$ByXPath.findElement(By.java:361)&#13;&#10;&#9;at org.openqa.selenium.remote.RemoteWebDriver.findElement(RemoteWebDriver.java:311)&#13;&#10;&#9;at net.thucydides.core.webdriver.WebDriverFacade.findElement(WebDriverFacade.java:231)&#13;&#10;&#9;at gov.gsa.sam.stepdefinition.LoginDepartmentSubTierOfficeAdminStepDef.User_click_on_first_office(LoginDepartmentSubTierOfficeAdminStepDef.java:567)&#13;&#10;&#9;at ✽.User click on first office(src/test/resources/features/LoginDepartmentSubTierOfficeAdmin.feature:75)&#13;&#10;"><![CDATA[Given User Click on go to department link...................................passed
And Department Admin select check box in Organizations that I administer....passed
And Validate search results page............................................passed
Then User click on first subTier link.......................................passed
And TAS-2 code is not visible...............................................passed
Given User Click on Hierarchy...............................................passed
Then User click on first office.............................................failed
And TAS-2 code is not visible...............................................skipped
Given User Click on Hierarchy...............................................skipped
Then User click on first office.............................................skipped
And TAS-2 code is not visible...............................................skipped
And Go to profile page......................................................skipped
And Click on My Role Tab....................................................skipped
Then Department Admin Validate that the orgs that appear matches with user's role.skipped

StackTrace:
org.openqa.selenium.NoSuchElementException: no such element: Unable to locate element: {"method":"xpath","selector":"//*[@id="primary-content"]/ng-component/div/div[1]/div[1]/title-and-section/div/h1/div"}
  (Session info: chrome=73.0.3683.86)
  (Driver info: chromedriver=2.38.552522 (437e6fbedfa8762dec75e2c5b3ddb86763dc9dcb),platform=Windows NT 6.1.7601 SP1 x86_64) (WARNING: The server did not provide any stacktrace information)
Command duration or timeout: 0 milliseconds
For documentation on this error, please visit: http://seleniumhq.org/exceptions/no_such_element.html
Build info: version: '3.11.0', revision: 'e59cfb3', time: '2018-03-11T20:26:55.152Z'
System info: host: 'I07R7C-AF1F18', ip: '172.21.72.72', os.name: 'Windows 7', os.arch: 'amd64', os.version: '6.1', java.version: '1.8.0_191'
Driver info: org.openqa.selenium.remote.RemoteWebDriver
Capabilities {acceptInsecureCerts: false, acceptSslCerts: false, applicationCacheEnabled: false, browserConnectionEnabled: false, browserName: chrome, chrome: {chromedriverVersion: 2.38.552522 (437e6fbedfa876..., userDataDir: C:\Users\SH359E~1\AppData\L...}, cssSelectorsEnabled: true, databaseEnabled: false, handlesAlerts: true, hasTouchScreen: false, javascriptEnabled: true, locationContextEnabled: true, mobileEmulationEnabled: false, nativeEvents: true, networkConnectionEnabled: false, pageLoadStrategy: normal, platform: XP, platformName: XP, rotatable: false, setWindowRect: true, takesHeapSnapshot: true, takesScreenshot: true, unexpectedAlertBehaviour: , unhandledPromptBehavior: , version: 73.0.3683.86, webStorageEnabled: true}
Session ID: a0a94d759c7c5abf2e417ee33b71162e
*** Element info: {Using=xpath, value=//*[@id="primary-content"]/ng-component/div/div[1]/div[1]/title-and-section/div/h1/div}
	at sun.reflect.NativeConstructorAccessorImpl.newInstance0(Native Method)
	at sun.reflect.NativeConstructorAccessorImpl.newInstance(NativeConstructorAccessorImpl.java:62)
	at sun.reflect.DelegatingConstructorAccessorImpl.newInstance(DelegatingConstructorAccessorImpl.java:45)
	at java.lang.reflect.Constructor.newInstance(Constructor.java:423)
	at org.openqa.selenium.remote.ErrorHandler.createThrowable(ErrorHandler.java:214)
	at org.openqa.selenium.remote.ErrorHandler.throwIfResponseFailed(ErrorHandler.java:166)
	at org.openqa.selenium.remote.http.JsonHttpResponseCodec.reconstructValue(JsonHttpResponseCodec.java:40)
	at org.openqa.selenium.remote.http.AbstractHttpResponseCodec.decode(AbstractHttpResponseCodec.java:80)
	at org.openqa.selenium.remote.http.AbstractHttpResponseCodec.decode(AbstractHttpResponseCodec.java:44)
	at org.openqa.selenium.remote.HttpCommandExecutor.execute(HttpCommandExecutor.java:158)
	at org.openqa.selenium.remote.RemoteWebDriver.execute(RemoteWebDriver.java:545)
	at org.openqa.selenium.remote.RemoteWebDriver.findElement(RemoteWebDriver.java:319)
	at org.openqa.selenium.remote.RemoteWebDriver.findElementByXPath(RemoteWebDriver.java:421)
	at org.openqa.selenium.By$ByXPath.findElement(By.java:361)
	at org.openqa.selenium.remote.RemoteWebDriver.findElement(RemoteWebDriver.java:311)
	at net.thucydides.core.webdriver.WebDriverFacade.findElement(WebDriverFacade.java:231)
	at gov.gsa.sam.stepdefinition.LoginDepartmentSubTierOfficeAdminStepDef.User_click_on_first_office(LoginDepartmentSubTierOfficeAdminStepDef.java:567)
	at ✽.User click on first office(src/test/resources/features/LoginDepartmentSubTierOfficeAdmin.feature:75)
]]></failure>
</testcase>
<testcase classname="Validate login with different users admin" name="Department created browser sign" time="6.145921">
<system-out><![CDATA[Given Department created browser sign out...................................passed
]]></system-out>
</testcase>
<testcase classname="Validate login with different users admin" name="Log into the GSA website as SubTierAdmin" time="84.483911">
<system-out><![CDATA[And The user login into environment COMP_HOME_PAGE..........................passed
And Click on department sign in link........................................passed
And Click on department accept button.......................................passed
And Enters the department email id SubTierAdmin.............................passed
And Enters the department password alertadminPassword.......................passed
Then Click on department sign in button.....................................passed
And Receive your one time department password myEmail.......................passed
And Enters department one time access code..................................passed
Then Click on department one time submit button.............................passed
]]></system-out>
</testcase>
<testcase classname="Validate login with different users admin" name="SubTier Admin" time="57.588443">
<failure message="org.openqa.selenium.NoSuchElementException: no such element: Unable to locate element: {&quot;method&quot;:&quot;xpath&quot;,&quot;selector&quot;:&quot;//*[@id=&quot;primary-content&quot;]/div/div[3]/div[1]/a&quot;}&#10;  (Session info: chrome=73.0.3683.86)&#10;  (Driver info: chromedriver=2.38.552522 (437e6fbedfa8762dec75e2c5b3ddb86763dc9dcb),platform=Windows NT 6.1.7601 SP1 x86_64) (WARNING: The server did not provide any stacktrace information)&#10;Command duration or timeout: 0 milliseconds&#10;For documentation on this error, please visit: http://seleniumhq.org/exceptions/no_such_element.html&#10;Build info: version: '3.11.0', revision: 'e59cfb3', time: '2018-03-11T20:26:55.152Z'&#10;System info: host: 'I07R7C-AF1F18', ip: '172.21.72.72', os.name: 'Windows 7', os.arch: 'amd64', os.version: '6.1', java.version: '1.8.0_191'&#10;Driver info: org.openqa.selenium.remote.RemoteWebDriver&#10;Capabilities {acceptInsecureCerts: false, acceptSslCerts: false, applicationCacheEnabled: false, browserConnectionEnabled: false, browserName: chrome, chrome: {chromedriverVersion: 2.38.552522 (437e6fbedfa876..., userDataDir: C:\Users\SH359E~1\AppData\L...}, cssSelectorsEnabled: true, databaseEnabled: false, handlesAlerts: true, hasTouchScreen: false, javascriptEnabled: true, locationContextEnabled: true, mobileEmulationEnabled: false, nativeEvents: true, networkConnectionEnabled: false, pageLoadStrategy: normal, platform: XP, platformName: XP, rotatable: false, setWindowRect: true, takesHeapSnapshot: true, takesScreenshot: true, unexpectedAlertBehaviour: , unhandledPromptBehavior: , version: 73.0.3683.86, webStorageEnabled: true}&#10;Session ID: 0c89efe8cc3bdbcad44557e9f05e6841&#10;*** Element info: {Using=xpath, value=//*[@id=&quot;primary-content&quot;]/div/div[3]/div[1]/a}&#13;&#10;&#9;at sun.reflect.NativeConstructorAccessorImpl.newInstance0(Native Method)&#13;&#10;&#9;at sun.reflect.NativeConstructorAccessorImpl.newInstance(NativeConstructorAccessorImpl.java:62)&#13;&#10;&#9;at sun.reflect.DelegatingConstructorAccessorImpl.newInstance(DelegatingConstructorAccessorImpl.java:45)&#13;&#10;&#9;at java.lang.reflect.Constructor.newInstance(Constructor.java:423)&#13;&#10;&#9;at org.openqa.selenium.remote.ErrorHandler.createThrowable(ErrorHandler.java:214)&#13;&#10;&#9;at org.openqa.selenium.remote.ErrorHandler.throwIfResponseFailed(ErrorHandler.java:166)&#13;&#10;&#9;at org.openqa.selenium.remote.http.JsonHttpResponseCodec.reconstructValue(JsonHttpResponseCodec.java:40)&#13;&#10;&#9;at org.openqa.selenium.remote.http.AbstractHttpResponseCodec.decode(AbstractHttpResponseCodec.java:80)&#13;&#10;&#9;at org.openqa.selenium.remote.http.AbstractHttpResponseCodec.decode(AbstractHttpResponseCodec.java:44)&#13;&#10;&#9;at org.openqa.selenium.remote.HttpCommandExecutor.execute(HttpCommandExecutor.java:158)&#13;&#10;&#9;at org.openqa.selenium.remote.RemoteWebDriver.execute(RemoteWebDriver.java:545)&#13;&#10;&#9;at org.openqa.selenium.remote.RemoteWebDriver.findElement(RemoteWebDriver.java:319)&#13;&#10;&#9;at org.openqa.selenium.remote.RemoteWebDriver.findElementByXPath(RemoteWebDriver.java:421)&#13;&#10;&#9;at org.openqa.selenium.By$ByXPath.findElement(By.java:361)&#13;&#10;&#9;at org.openqa.selenium.remote.RemoteWebDriver.findElement(RemoteWebDriver.java:311)&#13;&#10;&#9;at net.thucydides.core.webdriver.WebDriverFacade.findElement(WebDriverFacade.java:231)&#13;&#10;&#9;at gov.gsa.sam.stepdefinition.LoginDepartmentSubTierOfficeAdminStepDef.User_click_on_first_office(LoginDepartmentSubTierOfficeAdminStepDef.java:562)&#13;&#10;&#9;at ✽.User click on first office(src/test/resources/features/LoginDepartmentSubTierOfficeAdmin.feature:108)&#13;&#10;"><![CDATA[Given User Click on go to department link...................................passed
And User select check box in Organizations that I administer................passed
And Validate search results page............................................passed
Then User click on first subTier link.......................................passed
Given User Click on Hierarchy...............................................passed
Then User click on first office.............................................failed
And TAS-2 code is not visible...............................................skipped
And Go to profile page......................................................skipped
And Click on My Role Tab....................................................skipped
Then subTier Validate that the orgs that appear matches with user's role....skipped

StackTrace:
org.openqa.selenium.NoSuchElementException: no such element: Unable to locate element: {"method":"xpath","selector":"//*[@id="primary-content"]/div/div[3]/div[1]/a"}
  (Session info: chrome=73.0.3683.86)
  (Driver info: chromedriver=2.38.552522 (437e6fbedfa8762dec75e2c5b3ddb86763dc9dcb),platform=Windows NT 6.1.7601 SP1 x86_64) (WARNING: The server did not provide any stacktrace information)
Command duration or timeout: 0 milliseconds
For documentation on this error, please visit: http://seleniumhq.org/exceptions/no_such_element.html
Build info: version: '3.11.0', revision: 'e59cfb3', time: '2018-03-11T20:26:55.152Z'
System info: host: 'I07R7C-AF1F18', ip: '172.21.72.72', os.name: 'Windows 7', os.arch: 'amd64', os.version: '6.1', java.version: '1.8.0_191'
Driver info: org.openqa.selenium.remote.RemoteWebDriver
Capabilities {acceptInsecureCerts: false, acceptSslCerts: false, applicationCacheEnabled: false, browserConnectionEnabled: false, browserName: chrome, chrome: {chromedriverVersion: 2.38.552522 (437e6fbedfa876..., userDataDir: C:\Users\SH359E~1\AppData\L...}, cssSelectorsEnabled: true, databaseEnabled: false, handlesAlerts: true, hasTouchScreen: false, javascriptEnabled: true, locationContextEnabled: true, mobileEmulationEnabled: false, nativeEvents: true, networkConnectionEnabled: false, pageLoadStrategy: normal, platform: XP, platformName: XP, rotatable: false, setWindowRect: true, takesHeapSnapshot: true, takesScreenshot: true, unexpectedAlertBehaviour: , unhandledPromptBehavior: , version: 73.0.3683.86, webStorageEnabled: true}
Session ID: 0c89efe8cc3bdbcad44557e9f05e6841
*** Element info: {Using=xpath, value=//*[@id="primary-content"]/div/div[3]/div[1]/a}
	at sun.reflect.NativeConstructorAccessorImpl.newInstance0(Native Method)
	at sun.reflect.NativeConstructorAccessorImpl.newInstance(NativeConstructorAccessorImpl.java:62)
	at sun.reflect.DelegatingConstructorAccessorImpl.newInstance(DelegatingConstructorAccessorImpl.java:45)
	at java.lang.reflect.Constructor.newInstance(Constructor.java:423)
	at org.openqa.selenium.remote.ErrorHandler.createThrowable(ErrorHandler.java:214)
	at org.openqa.selenium.remote.ErrorHandler.throwIfResponseFailed(ErrorHandler.java:166)
	at org.openqa.selenium.remote.http.JsonHttpResponseCodec.reconstructValue(JsonHttpResponseCodec.java:40)
	at org.openqa.selenium.remote.http.AbstractHttpResponseCodec.decode(AbstractHttpResponseCodec.java:80)
	at org.openqa.selenium.remote.http.AbstractHttpResponseCodec.decode(AbstractHttpResponseCodec.java:44)
	at org.openqa.selenium.remote.HttpCommandExecutor.execute(HttpCommandExecutor.java:158)
	at org.openqa.selenium.remote.RemoteWebDriver.execute(RemoteWebDriver.java:545)
	at org.openqa.selenium.remote.RemoteWebDriver.findElement(RemoteWebDriver.java:319)
	at org.openqa.selenium.remote.RemoteWebDriver.findElementByXPath(RemoteWebDriver.java:421)
	at org.openqa.selenium.By$ByXPath.findElement(By.java:361)
	at org.openqa.selenium.remote.RemoteWebDriver.findElement(RemoteWebDriver.java:311)
	at net.thucydides.core.webdriver.WebDriverFacade.findElement(WebDriverFacade.java:231)
	at gov.gsa.sam.stepdefinition.LoginDepartmentSubTierOfficeAdminStepDef.User_click_on_first_office(LoginDepartmentSubTierOfficeAdminStepDef.java:562)
	at ✽.User click on first office(src/test/resources/features/LoginDepartmentSubTierOfficeAdmin.feature:108)
]]></failure>
</testcase>
<testcase classname="Validate login with different users admin" name="Department created browser sign" time="6.150796">
<system-out><![CDATA[Given Department created browser sign out...................................passed
]]></system-out>
</testcase>
<testcase classname="Validate login with different users admin" name="Log into the GSA website as officeAdmin" time="73.808835">
<system-out><![CDATA[And The user login into environment COMP_HOME_PAGE..........................passed
And Click on department sign in link........................................passed
And Click on department accept button.......................................passed
And Enters the department email id officeAdmin..............................passed
And Enters the department password alertadminPassword.......................passed
Then Click on department sign in button.....................................passed
And Receive your one time department password myEmail.......................passed
And Enters department one time access code..................................passed
Then Click on department one time submit button.............................passed
]]></system-out>
</testcase>
<testcase classname="Validate login with different users admin" name="Office Admin" time="63.485704">
<failure message="org.openqa.selenium.NoSuchElementException: no such element: Unable to locate element: {&quot;method&quot;:&quot;xpath&quot;,&quot;selector&quot;:&quot;//*[@id=&quot;primary-content&quot;]/ng-component/div/div[1]/div[1]/title-and-section/div/h1/div&quot;}&#10;  (Session info: chrome=73.0.3683.86)&#10;  (Driver info: chromedriver=2.38.552522 (437e6fbedfa8762dec75e2c5b3ddb86763dc9dcb),platform=Windows NT 6.1.7601 SP1 x86_64) (WARNING: The server did not provide any stacktrace information)&#10;Command duration or timeout: 0 milliseconds&#10;For documentation on this error, please visit: http://seleniumhq.org/exceptions/no_such_element.html&#10;Build info: version: '3.11.0', revision: 'e59cfb3', time: '2018-03-11T20:26:55.152Z'&#10;System info: host: 'I07R7C-AF1F18', ip: '172.21.72.72', os.name: 'Windows 7', os.arch: 'amd64', os.version: '6.1', java.version: '1.8.0_191'&#10;Driver info: org.openqa.selenium.remote.RemoteWebDriver&#10;Capabilities {acceptInsecureCerts: false, acceptSslCerts: false, applicationCacheEnabled: false, browserConnectionEnabled: false, browserName: chrome, chrome: {chromedriverVersion: 2.38.552522 (437e6fbedfa876..., userDataDir: C:\Users\SH359E~1\AppData\L...}, cssSelectorsEnabled: true, databaseEnabled: false, handlesAlerts: true, hasTouchScreen: false, javascriptEnabled: true, locationContextEnabled: true, mobileEmulationEnabled: false, nativeEvents: true, networkConnectionEnabled: false, pageLoadStrategy: normal, platform: XP, platformName: XP, rotatable: false, setWindowRect: true, takesHeapSnapshot: true, takesScreenshot: true, unexpectedAlertBehaviour: , unhandledPromptBehavior: , version: 73.0.3683.86, webStorageEnabled: true}&#10;Session ID: 1e91c16ca794975024839fe5ed8ac53f&#10;*** Element info: {Using=xpath, value=//*[@id=&quot;primary-content&quot;]/ng-component/div/div[1]/div[1]/title-and-section/div/h1/div}&#13;&#10;&#9;at sun.reflect.NativeConstructorAccessorImpl.newInstance0(Native Method)&#13;&#10;&#9;at sun.reflect.NativeConstructorAccessorImpl.newInstance(NativeConstructorAccessorImpl.java:62)&#13;&#10;&#9;at sun.reflect.DelegatingConstructorAccessorImpl.newInstance(DelegatingConstructorAccessorImpl.java:45)&#13;&#10;&#9;at java.lang.reflect.Constructor.newInstance(Constructor.java:423)&#13;&#10;&#9;at org.openqa.selenium.remote.ErrorHandler.createThrowable(ErrorHandler.java:214)&#13;&#10;&#9;at org.openqa.selenium.remote.ErrorHandler.throwIfResponseFailed(ErrorHandler.java:166)&#13;&#10;&#9;at org.openqa.selenium.remote.http.JsonHttpResponseCodec.reconstructValue(JsonHttpResponseCodec.java:40)&#13;&#10;&#9;at org.openqa.selenium.remote.http.AbstractHttpResponseCodec.decode(AbstractHttpResponseCodec.java:80)&#13;&#10;&#9;at org.openqa.selenium.remote.http.AbstractHttpResponseCodec.decode(AbstractHttpResponseCodec.java:44)&#13;&#10;&#9;at org.openqa.selenium.remote.HttpCommandExecutor.execute(HttpCommandExecutor.java:158)&#13;&#10;&#9;at org.openqa.selenium.remote.RemoteWebDriver.execute(RemoteWebDriver.java:545)&#13;&#10;&#9;at org.openqa.selenium.remote.RemoteWebDriver.findElement(RemoteWebDriver.java:319)&#13;&#10;&#9;at org.openqa.selenium.remote.RemoteWebDriver.findElementByXPath(RemoteWebDriver.java:421)&#13;&#10;&#9;at org.openqa.selenium.By$ByXPath.findElement(By.java:361)&#13;&#10;&#9;at org.openqa.selenium.remote.RemoteWebDriver.findElement(RemoteWebDriver.java:311)&#13;&#10;&#9;at net.thucydides.core.webdriver.WebDriverFacade.findElement(WebDriverFacade.java:231)&#13;&#10;&#9;at gov.gsa.sam.stepdefinition.LoginDepartmentSubTierOfficeAdminStepDef.User_click_on_first_office(LoginDepartmentSubTierOfficeAdminStepDef.java:567)&#13;&#10;&#9;at ✽.User click on first office(src/test/resources/features/LoginDepartmentSubTierOfficeAdmin.feature:141)&#13;&#10;"><![CDATA[Given User Click on go to department link...................................passed
And Office admin select check box in Organizations that I administer........passed
And Validate search results page............................................passed
Then User click on first subTier link.......................................passed
And TAS-2 code is not visible...............................................passed
Given User Click on Hierarchy...............................................passed
Then User click on first office.............................................failed
Given User Click on Hierarchy...............................................skipped
Then User click on first office.............................................skipped
And Go to profile page......................................................skipped
And Click on My Role Tab....................................................skipped
Then Validate that the orgs that appear matches with user's role............skipped

StackTrace:
org.openqa.selenium.NoSuchElementException: no such element: Unable to locate element: {"method":"xpath","selector":"//*[@id="primary-content"]/ng-component/div/div[1]/div[1]/title-and-section/div/h1/div"}
  (Session info: chrome=73.0.3683.86)
  (Driver info: chromedriver=2.38.552522 (437e6fbedfa8762dec75e2c5b3ddb86763dc9dcb),platform=Windows NT 6.1.7601 SP1 x86_64) (WARNING: The server did not provide any stacktrace information)
Command duration or timeout: 0 milliseconds
For documentation on this error, please visit: http://seleniumhq.org/exceptions/no_such_element.html
Build info: version: '3.11.0', revision: 'e59cfb3', time: '2018-03-11T20:26:55.152Z'
System info: host: 'I07R7C-AF1F18', ip: '172.21.72.72', os.name: 'Windows 7', os.arch: 'amd64', os.version: '6.1', java.version: '1.8.0_191'
Driver info: org.openqa.selenium.remote.RemoteWebDriver
Capabilities {acceptInsecureCerts: false, acceptSslCerts: false, applicationCacheEnabled: false, browserConnectionEnabled: false, browserName: chrome, chrome: {chromedriverVersion: 2.38.552522 (437e6fbedfa876..., userDataDir: C:\Users\SH359E~1\AppData\L...}, cssSelectorsEnabled: true, databaseEnabled: false, handlesAlerts: true, hasTouchScreen: false, javascriptEnabled: true, locationContextEnabled: true, mobileEmulationEnabled: false, nativeEvents: true, networkConnectionEnabled: false, pageLoadStrategy: normal, platform: XP, platformName: XP, rotatable: false, setWindowRect: true, takesHeapSnapshot: true, takesScreenshot: true, unexpectedAlertBehaviour: , unhandledPromptBehavior: , version: 73.0.3683.86, webStorageEnabled: true}
Session ID: 1e91c16ca794975024839fe5ed8ac53f
*** Element info: {Using=xpath, value=//*[@id="primary-content"]/ng-component/div/div[1]/div[1]/title-and-section/div/h1/div}
	at sun.reflect.NativeConstructorAccessorImpl.newInstance0(Native Method)
	at sun.reflect.NativeConstructorAccessorImpl.newInstance(NativeConstructorAccessorImpl.java:62)
	at sun.reflect.DelegatingConstructorAccessorImpl.newInstance(DelegatingConstructorAccessorImpl.java:45)
	at java.lang.reflect.Constructor.newInstance(Constructor.java:423)
	at org.openqa.selenium.remote.ErrorHandler.createThrowable(ErrorHandler.java:214)
	at org.openqa.selenium.remote.ErrorHandler.throwIfResponseFailed(ErrorHandler.java:166)
	at org.openqa.selenium.remote.http.JsonHttpResponseCodec.reconstructValue(JsonHttpResponseCodec.java:40)
	at org.openqa.selenium.remote.http.AbstractHttpResponseCodec.decode(AbstractHttpResponseCodec.java:80)
	at org.openqa.selenium.remote.http.AbstractHttpResponseCodec.decode(AbstractHttpResponseCodec.java:44)
	at org.openqa.selenium.remote.HttpCommandExecutor.execute(HttpCommandExecutor.java:158)
	at org.openqa.selenium.remote.RemoteWebDriver.execute(RemoteWebDriver.java:545)
	at org.openqa.selenium.remote.RemoteWebDriver.findElement(RemoteWebDriver.java:319)
	at org.openqa.selenium.remote.RemoteWebDriver.findElementByXPath(RemoteWebDriver.java:421)
	at org.openqa.selenium.By$ByXPath.findElement(By.java:361)
	at org.openqa.selenium.remote.RemoteWebDriver.findElement(RemoteWebDriver.java:311)
	at net.thucydides.core.webdriver.WebDriverFacade.findElement(WebDriverFacade.java:231)
	at gov.gsa.sam.stepdefinition.LoginDepartmentSubTierOfficeAdminStepDef.User_click_on_first_office(LoginDepartmentSubTierOfficeAdminStepDef.java:567)
	at ✽.User click on first office(src/test/resources/features/LoginDepartmentSubTierOfficeAdmin.feature:141)
]]></failure>
</testcase>
<testcase classname="Validate login with different users admin" name="Department created browser sign" time="6.18148">
<system-out><![CDATA[Given Department created browser sign out...................................passed
]]></system-out>
</testcase>
<testcase classname="Validate error meaasage in sub tier page" name="Log into the GSA website" time="127.20618">
<system-out><![CDATA[Given user login into the environment COMP_HOME_PAGE........................passed
And Click on the sign in link...............................................passed
And Click on the accept button..............................................passed
And Enters the email id createDepartment....................................passed
And Enters the password alertadminPassword1.................................passed
Then Click on the sign in button............................................passed
And Receivev the your one time password myEmail.............................passed
And Enters the one time access code.........................................passed
Then Click on the one time submit button....................................passed
Then Click on go the department link........................................passed
And serach federal hierarchy administrative pages...........................passed
Then Click on first department link.........................................passed
]]></system-out>
</testcase>
<testcase classname="Validate error meaasage in sub tier page" name="This field cannot be empty" time="14.727335">
<system-out><![CDATA[Given User Click on edit submit agency details button.......................passed
Then User field cannot be empty field.......................................passed
And User Click edit submit agency code button...............................passed
Then Reading fields cannot be empty field...................................passed
]]></system-out>
</testcase>
<testcase classname="Validate error meaasage in sub tier page" name="" time="9.35747">
<system-out><![CDATA[Given click on federal hierancy link........................................passed
And serach federal hierarchy administrative pages...........................passed
Then Click on first department link.........................................passed
]]></system-out>
</testcase>
<testcase classname="Validate error meaasage in sub tier page" name="Description field is Empty" time="12.885526">
<system-out><![CDATA[And click on edit agency details............................................passed
And user enters month 12....................................................passed
And user enters Day 30......................................................passed
And user enters Year 2021...................................................passed
And user enters Description ................................................passed
And user enters Short Name Test.............................................passed
And click submit agency details.............................................passed
And user click edit Agency Codes............................................passed
And user enters Agency Code ................................................passed
And user enters CGAC code ..................................................passed
And user enters CFDA 33.....................................................passed
And click submit Agency Code................................................passed
When Validate error message Description cannot be empty.....................passed
]]></system-out>
</testcase>
<testcase classname="Validate error meaasage in sub tier page" name="" time="9.370297">
<system-out><![CDATA[Given click on federal hierancy link........................................passed
And serach federal hierarchy administrative pages...........................passed
Then Click on first department link.........................................passed
]]></system-out>
</testcase>
<testcase classname="Validate error meaasage in sub tier page" name="This field is required" time="3.853903">
<system-out><![CDATA[Given User Click on edit button field is required...........................passed
Then Reading field is required..............................................passed
]]></system-out>
</testcase>
<testcase classname="Validate error meaasage in sub tier page" name="Required Field" time="9.365163">
<system-out><![CDATA[Given click on federal hierancy link........................................passed
And serach federal hierarchy administrative pages...........................passed
Then Click on first department link.........................................passed
]]></system-out>
</testcase>
<testcase classname="Validate error meaasage in sub tier page" name="Agency is Required" time="3.690418">
<system-out><![CDATA[And user click edit Agency Codes............................................passed
And user enters Agency Code ................................................passed
And user enters CGAC code 123...............................................passed
And user enters CFDA 33.....................................................passed
When Validate error message Agency field is required........................passed
]]></system-out>
</testcase>
<testcase classname="Validate error meaasage in sub tier page" name="" time="9.439745">
<system-out><![CDATA[Given click on federal hierancy link........................................passed
And serach federal hierarchy administrative pages...........................passed
Then Click on first department link.........................................passed
]]></system-out>
</testcase>
<testcase classname="Validate error meaasage in sub tier page" name="CGAC is Required" time="3.691602">
<system-out><![CDATA[And user click edit Agency Codes............................................passed
And user enters Agency Code 12..............................................passed
And user enters CGAC code ..................................................passed
And user enters CFDA 33.....................................................passed
When Validate error message Agency field is required........................passed
]]></system-out>
</testcase>
<testcase classname="Validate error meaasage in sub tier page" name="" time="9.353699">
<system-out><![CDATA[Given click on federal hierancy link........................................passed
And serach federal hierarchy administrative pages...........................passed
Then Click on first department link.........................................passed
]]></system-out>
</testcase>
<testcase classname="Validate error meaasage in sub tier page" name=": Reading CGAC only numbers expection" time="6.460627">
<system-out><![CDATA[Given User Click on edit button only number.................................passed
Then Reading only number....................................................passed
]]></system-out>
</testcase>
<testcase classname="Validate error meaasage in sub tier page" name="" time="9.383162">
<system-out><![CDATA[Given click on federal hierancy link........................................passed
And serach federal hierarchy administrative pages...........................passed
Then Click on first department link.........................................passed
]]></system-out>
</testcase>
<testcase classname="Validate error meaasage in sub tier page" name="CGAC only numbers" time="5.107291">
<system-out><![CDATA[And user click edit Agency Codes............................................passed
And user enters Agency Code 12..............................................passed
And user enters CGAC code aaa...............................................passed
And click submit Agency Code................................................passed
When Validate error message CGACNum1 only numbers...........................passed
]]></system-out>
</testcase>
<testcase classname="Validate error meaasage in sub tier page" name="" time="9.392891">
<system-out><![CDATA[Given click on federal hierancy link........................................passed
And serach federal hierarchy administrative pages...........................passed
Then Click on first department link.........................................passed
]]></system-out>
</testcase>
<testcase classname="Validate error meaasage in sub tier page" name="_2" time="9.370232">
<system-out><![CDATA[Given click on federal hierancy link........................................passed
And serach federal hierarchy administrative pages...........................passed
Then Click on first department link.........................................passed
]]></system-out>
</testcase>
<testcase classname="Validate error meaasage in sub tier page" name="Date field" time="12.960668">
<system-out><![CDATA[And click on edit agency details............................................passed
And user enters month ......................................................passed
And user enters Day 30......................................................passed
And user enters Year 2021...................................................passed
And user enters Description Hello...........................................passed
And user enters Short Name Test.............................................passed
And click submit agency details.............................................passed
When Validate error message date fields are required........................passed
]]></system-out>
</testcase>
<testcase classname="Validate error meaasage in sub tier page" name="Click on federal Hierancy" time="16.881552">
<system-out><![CDATA[Given click on federal hierancy link........................................passed
And serach federal hierarchy administrative pages...........................passed
Then Click on first department link.........................................passed
And Click on Hierarchy link.................................................passed
And Click on sub-tier link..................................................passed
]]></system-out>
</testcase>
<testcase classname="Validate error meaasage in sub tier page" name="Date field expection" time="35.43326">
<failure message="org.openqa.selenium.TimeoutException: Expected condition failed: waiting for visibility of element located by By.xpath: //*[@id=&quot;primary-content&quot;]/ng-component/div/div[1]/div[3]/div[6]/form/sam-fieldset-wrapper/div/fieldset/sam-date/sam-fieldset-wrapper/div/fieldset/span (tried for 30 second(s) with 500 milliseconds interval)&#13;&#10;&#9;at org.openqa.selenium.support.ui.WebDriverWait.timeoutException(WebDriverWait.java:81)&#13;&#10;&#9;at org.openqa.selenium.support.ui.FluentWait.until(FluentWait.java:271)&#13;&#10;&#9;at gov.gsa.sam.stepdefinition.NegEditDepartmentSubTierStepDef.date_field_Expection(NegEditDepartmentSubTierStepDef.java:650)&#13;&#10;&#9;at ✽.date field Expection(src/test/resources/features/NegEditDepartmentSubTier.feature:209)&#13;&#10;Caused by: org.openqa.selenium.NoSuchElementException: Cannot locate an element using By.xpath: //*[@id=&quot;primary-content&quot;]/ng-component/div/div[1]/div[3]/div[6]/form/sam-fieldset-wrapper/div/fieldset/sam-date/sam-fieldset-wrapper/div/fieldset/span&#10;For documentation on this error, please visit: http://seleniumhq.org/exceptions/no_such_element.html&#10;Build info: version: '3.11.0', revision: 'e59cfb3', time: '2018-03-11T20:26:55.152Z'&#10;System info: host: 'I07R7C-AF1F18', ip: '172.21.72.72', os.name: 'Windows 7', os.arch: 'amd64', os.version: '6.1', java.version: '1.8.0_191'&#10;Driver info: driver.version: unknown&#13;&#10;&#9;at org.openqa.selenium.support.ui.ExpectedConditions.lambda$findElement$0(ExpectedConditions.java:896)&#13;&#10;&#9;at java.util.Optional.orElseThrow(Optional.java:290)&#13;&#10;&#9;at org.openqa.selenium.support.ui.ExpectedConditions.findElement(ExpectedConditions.java:895)&#13;&#10;&#9;at org.openqa.selenium.support.ui.ExpectedConditions.access$000(ExpectedConditions.java:44)&#13;&#10;&#9;at org.openqa.selenium.support.ui.ExpectedConditions$7.apply(ExpectedConditions.java:206)&#13;&#10;&#9;at org.openqa.selenium.support.ui.ExpectedConditions$7.apply(ExpectedConditions.java:202)&#13;&#10;&#9;at org.openqa.selenium.support.ui.FluentWait.until(FluentWait.java:248)&#13;&#10;&#9;at gov.gsa.sam.stepdefinition.NegEditDepartmentSubTierStepDef.date_field_Expection(NegEditDepartmentSubTierStepDef.java:650)&#13;&#10;&#9;at sun.reflect.NativeMethodAccessorImpl.invoke0(Native Method)&#13;&#10;&#9;at sun.reflect.NativeMethodAccessorImpl.invoke(NativeMethodAccessorImpl.java:62)&#13;&#10;&#9;at sun.reflect.DelegatingMethodAccessorImpl.invoke(DelegatingMethodAccessorImpl.java:43)&#13;&#10;&#9;at java.lang.reflect.Method.invoke(Method.java:498)&#13;&#10;&#9;at cucumber.runtime.Utils$1.call(Utils.java:32)&#13;&#10;&#9;at cucumber.runtime.Timeout.timeout(Timeout.java:16)&#13;&#10;&#9;at cucumber.runtime.Utils.invoke(Utils.java:26)&#13;&#10;&#9;at cucumber.runtime.java.JavaStepDefinition.execute(JavaStepDefinition.java:37)&#13;&#10;&#9;at cucumber.runtime.StepDefinitionMatch.runStep(StepDefinitionMatch.java:40)&#13;&#10;&#9;at cucumber.api.TestStep.executeStep(TestStep.java:102)&#13;&#10;&#9;at cucumber.api.TestStep.run(TestStep.java:83)&#13;&#10;&#9;at cucumber.api.TestCase.run(TestCase.java:58)&#13;&#10;&#9;at cucumber.runner.Runner.runPickle(Runner.java:80)&#13;&#10;&#9;at cucumber.runtime.junit.PickleRunners$NoStepDescriptions.run(PickleRunners.java:140)&#13;&#10;&#9;at cucumber.runtime.junit.FeatureRunner.runChild(FeatureRunner.java:68)&#13;&#10;&#9;at cucumber.runtime.junit.FeatureRunner.runChild(FeatureRunner.java:23)&#13;&#10;&#9;at org.junit.runners.ParentRunner$3.run(ParentRunner.java:290)&#13;&#10;&#9;at org.junit.runners.ParentRunner$1.schedule(ParentRunner.java:71)&#13;&#10;&#9;at org.junit.runners.ParentRunner.runChildren(ParentRunner.java:288)&#13;&#10;&#9;at org.junit.runners.ParentRunner.access$000(ParentRunner.java:58)&#13;&#10;&#9;at org.junit.runners.ParentRunner$2.evaluate(ParentRunner.java:268)&#13;&#10;&#9;at org.junit.runners.ParentRunner.run(ParentRunner.java:363)&#13;&#10;&#9;at cucumber.runtime.junit.FeatureRunner.run(FeatureRunner.java:73)&#13;&#10;&#9;at cucumber.api.junit.Cucumber.runChild(Cucumber.java:117)&#13;&#10;&#9;at cucumber.api.junit.Cucumber.runChild(Cucumber.java:55)&#13;&#10;&#9;at org.junit.runners.ParentRunner$3.run(ParentRunner.java:290)&#13;&#10;&#9;at org.junit.runners.ParentRunner$1.schedule(ParentRunner.java:71)&#13;&#10;&#9;at org.junit.runners.ParentRunner.runChildren(ParentRunner.java:288)&#13;&#10;&#9;at org.junit.runners.ParentRunner.access$000(ParentRunner.java:58)&#13;&#10;&#9;at org.junit.runners.ParentRunner$2.evaluate(ParentRunner.java:268)&#13;&#10;&#9;at cucumber.api.junit.Cucumber$1.evaluate(Cucumber.java:126)&#13;&#10;&#9;at org.junit.runners.ParentRunner.run(ParentRunner.java:363)&#13;&#10;&#9;at org.apache.maven.surefire.junit4.JUnit4Provider.execute(JUnit4Provider.java:365)&#13;&#10;&#9;at org.apache.maven.surefire.junit4.JUnit4Provider.executeWithRerun(JUnit4Provider.java:272)&#13;&#10;&#9;at org.apache.maven.surefire.junit4.JUnit4Provider.executeTestSet(JUnit4Provider.java:236)&#13;&#10;&#9;at org.apache.maven.surefire.junit4.JUnit4Provider.invoke(JUnit4Provider.java:159)&#13;&#10;&#9;at org.apache.maven.surefire.booter.ForkedBooter.invokeProviderInSameClassLoader(ForkedBooter.java:386)&#13;&#10;&#9;at org.apache.maven.surefire.booter.ForkedBooter.runSuitesInProcess(ForkedBooter.java:323)&#13;&#10;&#9;at org.apache.maven.surefire.booter.ForkedBooter.main(ForkedBooter.java:143)&#13;&#10;"><![CDATA[Given Reading date field Expection..........................................passed
Then date field Expection...................................................failed

StackTrace:
org.openqa.selenium.TimeoutException: Expected condition failed: waiting for visibility of element located by By.xpath: //*[@id="primary-content"]/ng-component/div/div[1]/div[3]/div[6]/form/sam-fieldset-wrapper/div/fieldset/sam-date/sam-fieldset-wrapper/div/fieldset/span (tried for 30 second(s) with 500 milliseconds interval)
	at org.openqa.selenium.support.ui.WebDriverWait.timeoutException(WebDriverWait.java:81)
	at org.openqa.selenium.support.ui.FluentWait.until(FluentWait.java:271)
	at gov.gsa.sam.stepdefinition.NegEditDepartmentSubTierStepDef.date_field_Expection(NegEditDepartmentSubTierStepDef.java:650)
	at ✽.date field Expection(src/test/resources/features/NegEditDepartmentSubTier.feature:209)
Caused by: org.openqa.selenium.NoSuchElementException: Cannot locate an element using By.xpath: //*[@id="primary-content"]/ng-component/div/div[1]/div[3]/div[6]/form/sam-fieldset-wrapper/div/fieldset/sam-date/sam-fieldset-wrapper/div/fieldset/span
For documentation on this error, please visit: http://seleniumhq.org/exceptions/no_such_element.html
Build info: version: '3.11.0', revision: 'e59cfb3', time: '2018-03-11T20:26:55.152Z'
System info: host: 'I07R7C-AF1F18', ip: '172.21.72.72', os.name: 'Windows 7', os.arch: 'amd64', os.version: '6.1', java.version: '1.8.0_191'
Driver info: driver.version: unknown
	at org.openqa.selenium.support.ui.ExpectedConditions.lambda$findElement$0(ExpectedConditions.java:896)
	at java.util.Optional.orElseThrow(Optional.java:290)
	at org.openqa.selenium.support.ui.ExpectedConditions.findElement(ExpectedConditions.java:895)
	at org.openqa.selenium.support.ui.ExpectedConditions.access$000(ExpectedConditions.java:44)
	at org.openqa.selenium.support.ui.ExpectedConditions$7.apply(ExpectedConditions.java:206)
	at org.openqa.selenium.support.ui.ExpectedConditions$7.apply(ExpectedConditions.java:202)
	at org.openqa.selenium.support.ui.FluentWait.until(FluentWait.java:248)
	at gov.gsa.sam.stepdefinition.NegEditDepartmentSubTierStepDef.date_field_Expection(NegEditDepartmentSubTierStepDef.java:650)
	at sun.reflect.NativeMethodAccessorImpl.invoke0(Native Method)
	at sun.reflect.NativeMethodAccessorImpl.invoke(NativeMethodAccessorImpl.java:62)
	at sun.reflect.DelegatingMethodAccessorImpl.invoke(DelegatingMethodAccessorImpl.java:43)
	at java.lang.reflect.Method.invoke(Method.java:498)
	at cucumber.runtime.Utils$1.call(Utils.java:32)
	at cucumber.runtime.Timeout.timeout(Timeout.java:16)
	at cucumber.runtime.Utils.invoke(Utils.java:26)
	at cucumber.runtime.java.JavaStepDefinition.execute(JavaStepDefinition.java:37)
	at cucumber.runtime.StepDefinitionMatch.runStep(StepDefinitionMatch.java:40)
	at cucumber.api.TestStep.executeStep(TestStep.java:102)
	at cucumber.api.TestStep.run(TestStep.java:83)
	at cucumber.api.TestCase.run(TestCase.java:58)
	at cucumber.runner.Runner.runPickle(Runner.java:80)
	at cucumber.runtime.junit.PickleRunners$NoStepDescriptions.run(PickleRunners.java:140)
	at cucumber.runtime.junit.FeatureRunner.runChild(FeatureRunner.java:68)
	at cucumber.runtime.junit.FeatureRunner.runChild(FeatureRunner.java:23)
	at org.junit.runners.ParentRunner$3.run(ParentRunner.java:290)
	at org.junit.runners.ParentRunner$1.schedule(ParentRunner.java:71)
	at org.junit.runners.ParentRunner.runChildren(ParentRunner.java:288)
	at org.junit.runners.ParentRunner.access$000(ParentRunner.java:58)
	at org.junit.runners.ParentRunner$2.evaluate(ParentRunner.java:268)
	at org.junit.runners.ParentRunner.run(ParentRunner.java:363)
	at cucumber.runtime.junit.FeatureRunner.run(FeatureRunner.java:73)
	at cucumber.api.junit.Cucumber.runChild(Cucumber.java:117)
	at cucumber.api.junit.Cucumber.runChild(Cucumber.java:55)
	at org.junit.runners.ParentRunner$3.run(ParentRunner.java:290)
	at org.junit.runners.ParentRunner$1.schedule(ParentRunner.java:71)
	at org.junit.runners.ParentRunner.runChildren(ParentRunner.java:288)
	at org.junit.runners.ParentRunner.access$000(ParentRunner.java:58)
	at org.junit.runners.ParentRunner$2.evaluate(ParentRunner.java:268)
	at cucumber.api.junit.Cucumber$1.evaluate(Cucumber.java:126)
	at org.junit.runners.ParentRunner.run(ParentRunner.java:363)
	at org.apache.maven.surefire.junit4.JUnit4Provider.execute(JUnit4Provider.java:365)
	at org.apache.maven.surefire.junit4.JUnit4Provider.executeWithRerun(JUnit4Provider.java:272)
	at org.apache.maven.surefire.junit4.JUnit4Provider.executeTestSet(JUnit4Provider.java:236)
	at org.apache.maven.surefire.junit4.JUnit4Provider.invoke(JUnit4Provider.java:159)
	at org.apache.maven.surefire.booter.ForkedBooter.invokeProviderInSameClassLoader(ForkedBooter.java:386)
	at org.apache.maven.surefire.booter.ForkedBooter.runSuitesInProcess(ForkedBooter.java:323)
	at org.apache.maven.surefire.booter.ForkedBooter.main(ForkedBooter.java:143)
]]></failure>
</testcase>
<testcase classname="Validate error meaasage in sub tier page" name="Click on federal Hierancy" time="15.157022">
<system-out><![CDATA[Given click on federal hierancy link........................................passed
And serach federal hierarchy administrative pages...........................passed
Then Click on first department link.........................................passed
And Click on Hierarchy link.................................................passed
And Click on sub-tier link..................................................passed
]]></system-out>
</testcase>
<testcase classname="Validate error meaasage in sub tier page" name="Super Admin Edit SubTier" time="13.979622">
<system-out><![CDATA[And click subTier details...................................................passed
And user enters subTie month ...............................................passed
And user enters subTier end Day 12..........................................passed
And user enters subTier end Year 2021.......................................passed
And user enters subTier Short Name  test....................................passed
And User click submit Details Sub-Tier Details..............................passed
When Validate error message date fields are required........................passed
]]></system-out>
</testcase>
<testcase classname="Validate error meaasage in sub tier page" name="0ne" time="15.041121">
<system-out><![CDATA[Given click on federal hierancy link........................................passed
And serach federal hierarchy administrative pages...........................passed
Then Click on first department link.........................................passed
And Click on Hierarchy link.................................................passed
And Click on sub-tier link..................................................passed
]]></system-out>
</testcase>
<testcase classname="Validate error meaasage in sub tier page" name="Agency Code Field Edit SubTier" time="7.474479">
<system-out><![CDATA[And Click on the edit subtier Agency Code...................................passed
And user clear subTier Agency...............................................passed
And click submit subTier Agency Code........................................passed
Then Read Agecy code expecrion..............................................passed
]]></system-out>
</testcase>
<testcase classname="Validate error meaasage in sub tier page" name="two" time="15.048576">
<system-out><![CDATA[Given click on federal hierancy link........................................passed
And serach federal hierarchy administrative pages...........................passed
Then Click on first department link.........................................passed
And Click on Hierarchy link.................................................passed
And Click on sub-tier link..................................................passed
]]></system-out>
</testcase>
<testcase classname="Validate error meaasage in sub tier page" name="Super Admin Edit SubTier" time="7.460922">
<system-out><![CDATA[And Click on the edit subtier Agency Code...................................passed
And user enters subTier Agency .............................................passed
And click submit subTier Agency Code........................................passed
When Validate error message Agency1 Code cannot be empty....................passed
]]></system-out>
</testcase>
<testcase classname="Validate error meaasage in sub tier page" name="browser sign out" time="6.173403">
<system-out><![CDATA[Given Department created browser sign out...................................passed
]]></system-out>
</testcase>
<testcase classname="Editing Request Office Page" name="Log into the GSA website as createDepartment" time="85.898595">
<system-out><![CDATA[And The user login into environment COMP_HOME_PAGE..........................passed
And Click on department sign in link........................................passed
And Click on department accept button.......................................passed
And Enters the department email id createDepartment.........................passed
And Enters the department password alertadminPassword1......................passed
Then Click on department sign in button.....................................passed
And Receive your one time department password myEmail.......................passed
And Enters department one time access code..................................passed
Then Click on department one time submit button.............................passed
]]></system-out>
</testcase>
<testcase classname="Editing Request Office Page" name="Account name" time="29.513077">
<system-out><![CDATA[And Go to profile page......................................................passed
And Reading details in account details page.................................passed
Then Click on the workspace.................................................passed
]]></system-out>
</testcase>
<testcase classname="Editing Request Office Page" name="My Workspace" time="75.762383">
<system-out><![CDATA[Given User Click on go to department link...................................passed
Then User navigate into search page and serach for gsa department...........passed
Given User Click on Hierarchy...............................................passed
Then Click on the first subTier link........................................passed
And Read agency name and agency code on subTier profile page................passed
Given User Click on Hierarchy...............................................passed
Then Click on the first subTier link........................................passed
]]></system-out>
</testcase>
<testcase classname="Editing Request Office Page" name="Edit request office positive scenarios" time="732.700728">
<system-out><![CDATA[Given Reading the Request Office Profile Page...............................passed
Given Click on edit button..................................................passed
Then Validates values on request office profile page and request office edit page.passed
And The user enters office details Name ....................................passed
And The user read create office start date..................................passed
And The user enters office end date.........................................passed
And The user enters office short name Test..................................passed
And The user enters Edit office ACC ........................................passed
And The user enters POC check box POCCheckBox...............................passed
And The user enters POC name Shanthi Dutta..................................passed
And The user enters POC Email shanthi.dutta+SuperAdmin@gsa.gov..............passed
And The user enters POC Number 5714998137...................................passed
And The user Edit select office type contract Awards .......................passed
And The user enters contract Awards start month ............................passed
And The user enters contract Awards start day ..............................passed
And The user enters contract Awards start year .............................passed
And The user enters contract Awards start year .............................passed
And The user enters contract Awards end month ..............................passed
And The user enters contract Awards end day ................................passed
And The user enters contract Awards end year ...............................passed
And The user edit select office type Financial Awards ......................passed
And The user enters tomorrow is start date for Financial Awards.............passed
And The user has entered Financial Awards end date..........................passed
And The User UnSelect Contract Funding......................................passed
And The User UnSelect Financial Assistance Funding..........................passed
And The user enters street address 2245 spring field........................passed
And The user enters country USA - UNITED STATES.............................passed
And The enters zip .........................................................passed
And The enters city ........................................................passed
And The enters state .......................................................passed
And The user enters TAC2 street address ....................................passed
And The user enters TAC2 country ...........................................passed
And The enters TAC2 zip ....................................................passed
And The enters TAC2 city ...................................................passed
And The enters TAC2 state ..................................................passed
And The user enters TAC3 street address ....................................passed
And The user enters TAC3 country ...........................................passed
And The enters TAC3 zip ....................................................passed
And The enters TAC3 city ...................................................passed
And The enters TAC3 state ..................................................passed
Then The user click on submit create office button..........................passed
Then The user click on Confirmation create office button....................passed
And Click on close button on edit office Request page.......................passed
Then Validating profile values..............................................passed
Then Financial Awards End Year is inactive status and end date will be office type end date.passed
Then contract Awards Active status and end date will be office type end date.passed
Given Reading the Request Office Profile Page...............................passed
Given Click on edit button..................................................passed
Then Validates values on request office profile page and request office edit page.passed
And The user enters office details Name ....................................passed
And The user read create office start date..................................passed
And The user enters office end date.........................................passed
And The user enters office short name Test..................................passed
And The user enters Edit office ACC ........................................passed
And The user enters POC check box POCCheckBox...............................passed
And The user enters POC name Shanthi Dutta..................................passed
And The user enters POC Email shanthi.dutta+SuperAdmin@gsa.gov..............passed
And The user enters POC Number 5714998137...................................passed
And The User UnSelect Contract Awards.......................................passed
And The User UnSelect Financial Assistance Awards...........................passed
And The User UnSelect Contract Funding......................................passed
And The User UnSelect Financial Assistance Funding..........................passed
And The user enters street address 2245 spring field........................passed
And The user enters country USA - UNITED STATES.............................passed
And The enters zip .........................................................passed
And The enters city ........................................................passed
And The enters state .......................................................passed
And The user enters TAC2 street address ....................................passed
And The user enters TAC2 country ...........................................passed
And The enters TAC2 zip ....................................................passed
And The enters TAC2 city ...................................................passed
And The enters TAC2 state ..................................................passed
And The user enters TAC3 street address ....................................passed
And The user enters TAC3 country ...........................................passed
And The enters TAC3 zip ....................................................passed
And The enters TAC3 city ...................................................passed
And The enters TAC3 state ..................................................passed
Then The user click on submit create office button..........................passed
Then The user click on Confirmation create office button....................passed
And Click on close button on edit office Request page.......................passed
Then Deselect all office type in request office page........................passed
]]></system-out>
</testcase>
<testcase classname="Create and Editing department and sub tier" name="Log into the GSA website" time="12.11278">
<failure message="org.openqa.selenium.NoSuchElementException: no such element: Unable to locate element: {&quot;method&quot;:&quot;xpath&quot;,&quot;selector&quot;:&quot;//*[@id=&quot;signin-button&quot;]&quot;}&#10;  (Session info: chrome=73.0.3683.86)&#10;  (Driver info: chromedriver=2.38.552522 (437e6fbedfa8762dec75e2c5b3ddb86763dc9dcb),platform=Windows NT 6.1.7601 SP1 x86_64) (WARNING: The server did not provide any stacktrace information)&#10;Command duration or timeout: 0 milliseconds&#10;For documentation on this error, please visit: http://seleniumhq.org/exceptions/no_such_element.html&#10;Build info: version: '3.11.0', revision: 'e59cfb3', time: '2018-03-11T20:26:55.152Z'&#10;System info: host: 'I07R7C-AF1F18', ip: '172.21.72.72', os.name: 'Windows 7', os.arch: 'amd64', os.version: '6.1', java.version: '1.8.0_191'&#10;Driver info: org.openqa.selenium.remote.RemoteWebDriver&#10;Capabilities {acceptInsecureCerts: false, acceptSslCerts: false, applicationCacheEnabled: false, browserConnectionEnabled: false, browserName: chrome, chrome: {chromedriverVersion: 2.38.552522 (437e6fbedfa876..., userDataDir: C:\Users\SH359E~1\AppData\L...}, cssSelectorsEnabled: true, databaseEnabled: false, handlesAlerts: true, hasTouchScreen: false, javascriptEnabled: true, locationContextEnabled: true, mobileEmulationEnabled: false, nativeEvents: true, networkConnectionEnabled: false, pageLoadStrategy: normal, platform: XP, platformName: XP, rotatable: false, setWindowRect: true, takesHeapSnapshot: true, takesScreenshot: true, unexpectedAlertBehaviour: , unhandledPromptBehavior: , version: 73.0.3683.86, webStorageEnabled: true}&#10;Session ID: 1d62cde8d7afcea7cfd0fb49b4835e97&#10;*** Element info: {Using=xpath, value=//*[@id=&quot;signin-button&quot;]}&#13;&#10;&#9;at sun.reflect.NativeConstructorAccessorImpl.newInstance0(Native Method)&#13;&#10;&#9;at sun.reflect.NativeConstructorAccessorImpl.newInstance(NativeConstructorAccessorImpl.java:62)&#13;&#10;&#9;at sun.reflect.DelegatingConstructorAccessorImpl.newInstance(DelegatingConstructorAccessorImpl.java:45)&#13;&#10;&#9;at java.lang.reflect.Constructor.newInstance(Constructor.java:423)&#13;&#10;&#9;at org.openqa.selenium.remote.ErrorHandler.createThrowable(ErrorHandler.java:214)&#13;&#10;&#9;at org.openqa.selenium.remote.ErrorHandler.throwIfResponseFailed(ErrorHandler.java:166)&#13;&#10;&#9;at org.openqa.selenium.remote.http.JsonHttpResponseCodec.reconstructValue(JsonHttpResponseCodec.java:40)&#13;&#10;&#9;at org.openqa.selenium.remote.http.AbstractHttpResponseCodec.decode(AbstractHttpResponseCodec.java:80)&#13;&#10;&#9;at org.openqa.selenium.remote.http.AbstractHttpResponseCodec.decode(AbstractHttpResponseCodec.java:44)&#13;&#10;&#9;at org.openqa.selenium.remote.HttpCommandExecutor.execute(HttpCommandExecutor.java:158)&#13;&#10;&#9;at org.openqa.selenium.remote.RemoteWebDriver.execute(RemoteWebDriver.java:545)&#13;&#10;&#9;at org.openqa.selenium.remote.RemoteWebDriver.findElement(RemoteWebDriver.java:319)&#13;&#10;&#9;at org.openqa.selenium.remote.RemoteWebDriver.findElementByXPath(RemoteWebDriver.java:421)&#13;&#10;&#9;at org.openqa.selenium.By$ByXPath.findElement(By.java:361)&#13;&#10;&#9;at org.openqa.selenium.remote.RemoteWebDriver.findElement(RemoteWebDriver.java:311)&#13;&#10;&#9;at net.thucydides.core.webdriver.WebDriverFacade.findElement(WebDriverFacade.java:231)&#13;&#10;&#9;at gov.gsa.sam.stepdefinition.CreateDepartmentStepDef.the_user_click_on_sign_in_link1(CreateDepartmentStepDef.java:244)&#13;&#10;&#9;at ✽.The user click on department sign in link(src/test/resources/features/createDepartment.feature:14)&#13;&#10;"><![CDATA[And The user enters environment department COMP_HOME_PAGE...................passed
And The user click on department sign in link...............................failed
And Then click on department accept button..................................skipped
And The user enters the department email id createDepartment................skipped
And The user enters the department password alertadminPassword1.............skipped
Then The user click on department sign in button............................skipped
And The user want to receive your one time department password myEmail......skipped
And The user enters department one time access code.........................skipped
Then The user click on department one time submit button....................skipped

StackTrace:
org.openqa.selenium.NoSuchElementException: no such element: Unable to locate element: {"method":"xpath","selector":"//*[@id="signin-button"]"}
  (Session info: chrome=73.0.3683.86)
  (Driver info: chromedriver=2.38.552522 (437e6fbedfa8762dec75e2c5b3ddb86763dc9dcb),platform=Windows NT 6.1.7601 SP1 x86_64) (WARNING: The server did not provide any stacktrace information)
Command duration or timeout: 0 milliseconds
For documentation on this error, please visit: http://seleniumhq.org/exceptions/no_such_element.html
Build info: version: '3.11.0', revision: 'e59cfb3', time: '2018-03-11T20:26:55.152Z'
System info: host: 'I07R7C-AF1F18', ip: '172.21.72.72', os.name: 'Windows 7', os.arch: 'amd64', os.version: '6.1', java.version: '1.8.0_191'
Driver info: org.openqa.selenium.remote.RemoteWebDriver
Capabilities {acceptInsecureCerts: false, acceptSslCerts: false, applicationCacheEnabled: false, browserConnectionEnabled: false, browserName: chrome, chrome: {chromedriverVersion: 2.38.552522 (437e6fbedfa876..., userDataDir: C:\Users\SH359E~1\AppData\L...}, cssSelectorsEnabled: true, databaseEnabled: false, handlesAlerts: true, hasTouchScreen: false, javascriptEnabled: true, locationContextEnabled: true, mobileEmulationEnabled: false, nativeEvents: true, networkConnectionEnabled: false, pageLoadStrategy: normal, platform: XP, platformName: XP, rotatable: false, setWindowRect: true, takesHeapSnapshot: true, takesScreenshot: true, unexpectedAlertBehaviour: , unhandledPromptBehavior: , version: 73.0.3683.86, webStorageEnabled: true}
Session ID: 1d62cde8d7afcea7cfd0fb49b4835e97
*** Element info: {Using=xpath, value=//*[@id="signin-button"]}
	at sun.reflect.NativeConstructorAccessorImpl.newInstance0(Native Method)
	at sun.reflect.NativeConstructorAccessorImpl.newInstance(NativeConstructorAccessorImpl.java:62)
	at sun.reflect.DelegatingConstructorAccessorImpl.newInstance(DelegatingConstructorAccessorImpl.java:45)
	at java.lang.reflect.Constructor.newInstance(Constructor.java:423)
	at org.openqa.selenium.remote.ErrorHandler.createThrowable(ErrorHandler.java:214)
	at org.openqa.selenium.remote.ErrorHandler.throwIfResponseFailed(ErrorHandler.java:166)
	at org.openqa.selenium.remote.http.JsonHttpResponseCodec.reconstructValue(JsonHttpResponseCodec.java:40)
	at org.openqa.selenium.remote.http.AbstractHttpResponseCodec.decode(AbstractHttpResponseCodec.java:80)
	at org.openqa.selenium.remote.http.AbstractHttpResponseCodec.decode(AbstractHttpResponseCodec.java:44)
	at org.openqa.selenium.remote.HttpCommandExecutor.execute(HttpCommandExecutor.java:158)
	at org.openqa.selenium.remote.RemoteWebDriver.execute(RemoteWebDriver.java:545)
	at org.openqa.selenium.remote.RemoteWebDriver.findElement(RemoteWebDriver.java:319)
	at org.openqa.selenium.remote.RemoteWebDriver.findElementByXPath(RemoteWebDriver.java:421)
	at org.openqa.selenium.By$ByXPath.findElement(By.java:361)
	at org.openqa.selenium.remote.RemoteWebDriver.findElement(RemoteWebDriver.java:311)
	at net.thucydides.core.webdriver.WebDriverFacade.findElement(WebDriverFacade.java:231)
	at gov.gsa.sam.stepdefinition.CreateDepartmentStepDef.the_user_click_on_sign_in_link1(CreateDepartmentStepDef.java:244)
	at ✽.The user click on department sign in link(src/test/resources/features/createDepartment.feature:14)
]]></failure>
</testcase>
<testcase classname="Create and Editing department and sub tier" name="Account name" time="31.381863">
<system-out><![CDATA[And Go to profile page......................................................passed
And Reading details in account details page.................................passed
Then Click on the workspace.................................................passed
]]></system-out>
</testcase>
<testcase classname="Create and Editing department and sub tier" name="Create department" time="78.787117">
<system-out><![CDATA[Given Click on above Go to Federal Hierarchy link...........................passed
Then The user click on create department button.............................passed
And The user enters department name Test33..................................passed
And The user enters start month 01..........................................passed
And The user enters start day 08............................................passed
And The user enters start year 2021.........................................passed
And The user enters end month 01............................................passed
And The user enters end day 09..............................................passed
And The user enters end year 2023...........................................passed
And The user enters fh Description data testdesc............................passed
And The user enters short Name ShortBoll....................................passed
And The user enters fh Agency codes 2345....................................passed
And The user enters fh CGAC code 345........................................passed
And The user enters CFDA code 12............................................passed
And The user enters fh TAS code 12..........................................passed
Then The User click on the department confirm button........................passed
Then The User click on the confirmation department Submit button............passed
]]></system-out>
</testcase>
<testcase classname="Create and Editing department and sub tier" name="Edit Department" time="58.128908">
<system-out><![CDATA[Given User click on edit agency details button..............................passed
And The user enters edit end month 01.......................................passed
And The user enters edit end day 09.........................................passed
And The user enters edit end year 2022......................................passed
And The user enters edit Description data Second Test11.....................passed
And The user enters edit short Name Second Name.............................passed
Then User click on edit agency details submit button........................passed
Then User click on edit agency code button..................................passed
And The user enters edit Agency codes VFGH..................................passed
And The user enters edit CGAC code 987......................................passed
And The user enters edit CFDA code 6........................................passed
Then User click on edit agency code submit button...........................passed
]]></system-out>
</testcase>
<testcase classname="Create and Editing department and sub tier" name="Create Sub Tier" time="33.258798">
<system-out><![CDATA[Given Click on Create Sub Tier..............................................passed
And The user enters sub Tier details Test13.................................passed
And The user enters sub tier start month 01.................................passed
And The user enters sub tier start day 08...................................passed
And The user enters sub tier start year 2022................................passed
And The user enters sub tier end month 1....................................passed
And The user enters sub tier end day 09.....................................passed
And The user enters sub tier end year 2019..................................passed
And The user enters sub tier short name ShortBoll...........................passed
And The user enters sub tier Agency codes 103...............................passed
Then The User click on the sub tier confirm button..........................passed
Then The User click on the sub tier edit button.............................passed
Then The User click on the sub tier submit button...........................passed
When The User click on the confirmation sub tier Submit button..............passed
Then User navigate to sub Tier profile page.................................passed
]]></system-out>
</testcase>
<testcase classname="Create and Editing department and sub tier" name="Edit Sub Tier" time="35.324829">
<system-out><![CDATA[Given Click on edit Sub Tier button.........................................passed
And The user click on edit sub tier detail..................................passed
And The user edit sub tier end month 01.....................................passed
And The user edit sub tier end day 09.......................................passed
And The user edit sub tier end year 2022....................................passed
And The user edit sub tier short name Edit..................................passed
And The user click on edit sub tier submit button...........................passed
And The user click on edit sub tier codes...................................passed
And The user edit sub tier Agency codes 1234................................passed
Then The user click on the sub tier codes submit button.....................passed
]]></system-out>
</testcase>
<testcase classname="Create and Editing department and sub tier" name="Create office" time="153.370757">
[...]
Given User click on subTier breadcrumb link.................................failed
Given Click on edit button..................................................skipped
And The user enters office details Name Test101.............................skipped
And The user enters create office start month ..............................skipped
And The user enters create office start day ................................skipped
And The user enters create office start year ...............................skipped
And The user enters create office end month ................................skipped
And The user enters create office end day ..................................skipped
And The user enters create office end year .................................skipped
And Select Poc check box....................................................skipped
And The user select office type Financial funding x.........................skipped
And The user enters Financial funding start month x.........................skipped
And The user enters Financial funding start day x...........................skipped
And The user enters Financial funding start year x..........................skipped
And The user enters Financial funding end month x...........................skipped
And The user enters Financial funding end day x.............................skipped
And The user enters Financial funding end year x............................skipped
And The user select office type contract funding  ..........................skipped
And The user enters other contract funding start month M....................skipped
And The user enters other contract funding start day D......................skipped
And The user enters other contract funding start year ......................skipped
And The user enters other contract funding end month .......................skipped
And The user enters other contract funding end day .........................skipped
And The user enters other contract funding end year ........................skipped
And The user enters street address .........................................skipped
And The user enters country ................................................skipped
And The enters zip .........................................................skipped
And The enters city ........................................................skipped
And The enters state .......................................................skipped
And The user enters TAC2 street address ....................................skipped
And The user enters TAC2 country ...........................................skipped
And The enters TAC2 zip ....................................................skipped
And The enters TAC2 city ...................................................skipped
And The enters TAC2 state ..................................................skipped
And The user enters TAC3 street address ....................................skipped
And The user enters TAC3 country ...........................................skipped
And The enters TAC3 zip ....................................................skipped
And The enters TAC3 city ...................................................skipped
And The enters TAC3 state ..................................................skipped
Then The user click on submit create office button..........................skipped
And Validation on funding error messages ContractFunding5...................skipped

StackTrace:
org.openqa.selenium.NoSuchElementException: no such element: Unable to locate element: {"method":"xpath","selector":"//*[@id="main-container"]/ng-component/div/div/div[2]/page/div/div/div[1]/div/sam-breadcrumbs/ul/li[4]/a"}
  (Session info: chrome=73.0.3683.86)
  (Driver info: chromedriver=2.38.552522 (437e6fbedfa8762dec75e2c5b3ddb86763dc9dcb),platform=Windows NT 6.1.7601 SP1 x86_64) (WARNING: The server did not provide any stacktrace information)
Command duration or timeout: 0 milliseconds
For documentation on this error, please visit: http://seleniumhq.org/exceptions/no_such_element.html
Build info: version: '3.11.0', revision: 'e59cfb3', time: '2018-03-11T20:26:55.152Z'
System info: host: 'I07R7C-AF1F18', ip: '172.21.72.72', os.name: 'Windows 7', os.arch: 'amd64', os.version: '6.1', java.version: '1.8.0_191'
Driver info: org.openqa.selenium.remote.RemoteWebDriver
Capabilities {acceptInsecureCerts: false, acceptSslCerts: false, applicationCacheEnabled: false, browserConnectionEnabled: false, browserName: chrome, chrome: {chromedriverVersion: 2.38.552522 (437e6fbedfa876..., userDataDir: C:\Users\SH359E~1\AppData\L...}, cssSelectorsEnabled: true, databaseEnabled: false, handlesAlerts: true, hasTouchScreen: false, javascriptEnabled: true, locationContextEnabled: true, mobileEmulationEnabled: false, nativeEvents: true, networkConnectionEnabled: false, pageLoadStrategy: normal, platform: XP, platformName: XP, rotatable: false, setWindowRect: true, takesHeapSnapshot: true, takesScreenshot: true, unexpectedAlertBehaviour: , unhandledPromptBehavior: , version: 73.0.3683.86, webStorageEnabled: true}
Session ID: 64b81c4f3df0c7a01590797b0bf9d7d4
*** Element info: {Using=xpath, value=//*[@id="main-container"]/ng-component/div/div/div[2]/page/div/div/div[1]/div/sam-breadcrumbs/ul/li[4]/a}
	at sun.reflect.GeneratedConstructorAccessor31.newInstance(Unknown Source)
	at sun.reflect.DelegatingConstructorAccessorImpl.newInstance(DelegatingConstructorAccessorImpl.java:45)
	at java.lang.reflect.Constructor.newInstance(Constructor.java:423)
	at org.openqa.selenium.remote.ErrorHandler.createThrowable(ErrorHandler.java:214)
	at org.openqa.selenium.remote.ErrorHandler.throwIfResponseFailed(ErrorHandler.java:166)
	at org.openqa.selenium.remote.http.JsonHttpResponseCodec.reconstructValue(JsonHttpResponseCodec.java:40)
	at org.openqa.selenium.remote.http.AbstractHttpResponseCodec.decode(AbstractHttpResponseCodec.java:80)
	at org.openqa.selenium.remote.http.AbstractHttpResponseCodec.decode(AbstractHttpResponseCodec.java:44)
	at org.openqa.selenium.remote.HttpCommandExecutor.execute(HttpCommandExecutor.java:158)
	at org.openqa.selenium.remote.RemoteWebDriver.execute(RemoteWebDriver.java:545)
	at org.openqa.selenium.remote.RemoteWebDriver.findElement(RemoteWebDriver.java:319)
	at org.openqa.selenium.remote.RemoteWebDriver.findElementByXPath(RemoteWebDriver.java:421)
	at org.openqa.selenium.By$ByXPath.findElement(By.java:361)
	at org.openqa.selenium.remote.RemoteWebDriver.findElement(RemoteWebDriver.java:311)
	at net.thucydides.core.webdriver.WebDriverFacade.findElement(WebDriverFacade.java:231)
	at gov.gsa.sam.stepdefinition.NegRequestOfficeStepDef.User_click_on_subTier_breadcrumb_link(NegRequestOfficeStepDef.java:178)
	at ✽.User click on subTier breadcrumb link(src/test/resources/features/negRequestOffice.feature:134)
]]></failure>
</testcase>
<testcase classname="Validate error meaasage in office page" name="Validation on office address error messages" time="5.17948">
<failure message="org.openqa.selenium.NoSuchElementException: no such element: Unable to locate element: {&quot;method&quot;:&quot;xpath&quot;,&quot;selector&quot;:&quot;//*[@id=&quot;main-container&quot;]/ng-component/div/div/div[2]/page/div/div/div[1]/div/sam-breadcrumbs/ul/li[4]/a&quot;}&#10;  (Session info: chrome=73.0.3683.86)&#10;  (Driver info: chromedriver=2.38.552522 (437e6fbedfa8762dec75e2c5b3ddb86763dc9dcb),platform=Windows NT 6.1.7601 SP1 x86_64) (WARNING: The server did not provide any stacktrace information)&#10;Command duration or timeout: 0 milliseconds&#10;For documentation on this error, please visit: http://seleniumhq.org/exceptions/no_such_element.html&#10;Build info: version: '3.11.0', revision: 'e59cfb3', time: '2018-03-11T20:26:55.152Z'&#10;System info: host: 'I07R7C-AF1F18', ip: '172.21.72.72', os.name: 'Windows 7', os.arch: 'amd64', os.version: '6.1', java.version: '1.8.0_191'&#10;Driver info: org.openqa.selenium.remote.RemoteWebDriver&#10;Capabilities {acceptInsecureCerts: false, acceptSslCerts: false, applicationCacheEnabled: false, browserConnectionEnabled: false, browserName: chrome, chrome: {chromedriverVersion: 2.38.552522 (437e6fbedfa876..., userDataDir: C:\Users\SH359E~1\AppData\L...}, cssSelectorsEnabled: true, databaseEnabled: false, handlesAlerts: true, hasTouchScreen: false, javascriptEnabled: true, locationContextEnabled: true, mobileEmulationEnabled: false, nativeEvents: true, networkConnectionEnabled: false, pageLoadStrategy: normal, platform: XP, platformName: XP, rotatable: false, setWindowRect: true, takesHeapSnapshot: true, takesScreenshot: true, unexpectedAlertBehaviour: , unhandledPromptBehavior: , version: 73.0.3683.86, webStorageEnabled: true}&#10;Session ID: 64b81c4f3df0c7a01590797b0bf9d7d4&#10;*** Element info: {Using=xpath, value=//*[@id=&quot;main-container&quot;]/ng-component/div/div/div[2]/page/div/div/div[1]/div/sam-breadcrumbs/ul/li[4]/a}&#13;&#10;&#9;at sun.reflect.GeneratedConstructorAccessor31.newInstance(Unknown Source)&#13;&#10;&#9;at sun.reflect.DelegatingConstructorAccessorImpl.newInstance(DelegatingConstructorAccessorImpl.java:45)&#13;&#10;&#9;at java.lang.reflect.Constructor.newInstance(Constructor.java:423)&#13;&#10;&#9;at org.openqa.selenium.remote.ErrorHandler.createThrowable(ErrorHandler.java:214)&#13;&#10;&#9;at org.openqa.selenium.remote.ErrorHandler.throwIfResponseFailed(ErrorHandler.java:166)&#13;&#10;&#9;at org.openqa.selenium.remote.http.JsonHttpResponseCodec.reconstructValue(JsonHttpResponseCodec.java:40)&#13;&#10;&#9;at org.openqa.selenium.remote.http.AbstractHttpResponseCodec.decode(AbstractHttpResponseCodec.java:80)&#13;&#10;&#9;at org.openqa.selenium.remote.http.AbstractHttpResponseCodec.decode(AbstractHttpResponseCodec.java:44)&#13;&#10;&#9;at org.openqa.selenium.remote.HttpCommandExecutor.execute(HttpCommandExecutor.java:158)&#13;&#10;&#9;at org.openqa.selenium.remote.RemoteWebDriver.execute(RemoteWebDriver.java:545)&#13;&#10;&#9;at org.openqa.selenium.remote.RemoteWebDriver.findElement(RemoteWebDriver.java:319)&#13;&#10;&#9;at org.openqa.selenium.remote.RemoteWebDriver.findElementByXPath(RemoteWebDriver.java:421)&#13;&#10;&#9;at org.openqa.selenium.By$ByXPath.findElement(By.java:361)&#13;&#10;&#9;at org.openqa.selenium.remote.RemoteWebDriver.findElement(RemoteWebDriver.java:311)&#13;&#10;&#9;at net.thucydides.core.webdriver.WebDriverFacade.findElement(WebDriverFacade.java:231)&#13;&#10;&#9;at gov.gsa.sam.stepdefinition.NegRequestOfficeStepDef.User_click_on_subTier_breadcrumb_link(NegRequestOfficeStepDef.java:178)&#13;&#10;&#9;at ✽.User click on subTier breadcrumb link(src/test/resources/features/negRequestOffice.feature:241)&#13;&#10;"><![CDATA[And Scroll up...............................................................passed
Given User click on subTier breadcrumb link.................................failed
Given Click on edit button..................................................skipped
And The user enters office details Name ....................................skipped
And The user enters create office start month ..............................skipped
And The user enters create office start day ................................skipped
And The user enters create office start year ...............................skipped
And Select Poc check box....................................................skipped
And The user select office type contract Awards ............................skipped
And Click on the mailing address plus symbol................................skipped
And The user enters street address .........................................skipped
And The user enters country ................................................skipped
And The enters zip .........................................................skipped
And The enters city ........................................................skipped
And The enters state .......................................................skipped
And Select address type.....................................................skipped
And Click on the first plus symbol..........................................skipped
And The user enters awards office TAC3 street address ......................skipped
And The user enters TAC3 country ...........................................skipped
And The enters TAC3 zip ....................................................skipped
And The enters TAC3 city ...................................................skipped
And The enters TAC3 state ..................................................skipped
And The user enters awards office TAC2 street address ......................skipped
And The user enters TAC2 country ...........................................skipped
And The enters TAC2 zip ....................................................skipped
And The enters TAC2 city ...................................................skipped
And The enters TAC2 state ..................................................skipped
Then Shipping address TAC2 cross symbol is visible..........................skipped
Then Billing address TAC3 cross symbol is visible...........................skipped
And Click on the second cross button........................................skipped
Then The user click on submit create office button..........................skipped
Then The user click on Confirmation create office button....................skipped
And Click on edit button on confirmation office Request page................skipped
And Deselect Contract Awards................................................skipped
And The user select office type contract funding  ..........................skipped
And The user select office type Financial Awards ...........................skipped
And The user enters awards office TAC3 street address ......................skipped
And The user enters TAC3 country ...........................................skipped
And The enters TAC3 zip ....................................................skipped
And The enters TAC3 city ...................................................skipped
And The enters TAC3 state ..................................................skipped
Then Shipping address word Required is visible..............................skipped
Then Billing address word Required is visible...............................skipped
Then Shipping address TAC2 cross symbol is visible..........................skipped
Then Billing address TAC3 cross symbol is visible...........................skipped
Then The user click on submit create office button..........................skipped
Then The user click on Confirmation create office button....................skipped
And Click on close button on office Request page............................skipped

StackTrace:
org.openqa.selenium.NoSuchElementException: no such element: Unable to locate element: {"method":"xpath","selector":"//*[@id="main-container"]/ng-component/div/div/div[2]/page/div/div/div[1]/div/sam-breadcrumbs/ul/li[4]/a"}
  (Session info: chrome=73.0.3683.86)
  (Driver info: chromedriver=2.38.552522 (437e6fbedfa8762dec75e2c5b3ddb86763dc9dcb),platform=Windows NT 6.1.7601 SP1 x86_64) (WARNING: The server did not provide any stacktrace information)
Command duration or timeout: 0 milliseconds
For documentation on this error, please visit: http://seleniumhq.org/exceptions/no_such_element.html
Build info: version: '3.11.0', revision: 'e59cfb3', time: '2018-03-11T20:26:55.152Z'
System info: host: 'I07R7C-AF1F18', ip: '172.21.72.72', os.name: 'Windows 7', os.arch: 'amd64', os.version: '6.1', java.version: '1.8.0_191'
Driver info: org.openqa.selenium.remote.RemoteWebDriver
Capabilities {acceptInsecureCerts: false, acceptSslCerts: false, applicationCacheEnabled: false, browserConnectionEnabled: false, browserName: chrome, chrome: {chromedriverVersion: 2.38.552522 (437e6fbedfa876..., userDataDir: C:\Users\SH359E~1\AppData\L...}, cssSelectorsEnabled: true, databaseEnabled: false, handlesAlerts: true, hasTouchScreen: false, javascriptEnabled: true, locationContextEnabled: true, mobileEmulationEnabled: false, nativeEvents: true, networkConnectionEnabled: false, pageLoadStrategy: normal, platform: XP, platformName: XP, rotatable: false, setWindowRect: true, takesHeapSnapshot: true, takesScreenshot: true, unexpectedAlertBehaviour: , unhandledPromptBehavior: , version: 73.0.3683.86, webStorageEnabled: true}
Session ID: 64b81c4f3df0c7a01590797b0bf9d7d4
*** Element info: {Using=xpath, value=//*[@id="main-container"]/ng-component/div/div/div[2]/page/div/div/div[1]/div/sam-breadcrumbs/ul/li[4]/a}
	at sun.reflect.GeneratedConstructorAccessor31.newInstance(Unknown Source)
	at sun.reflect.DelegatingConstructorAccessorImpl.newInstance(DelegatingConstructorAccessorImpl.java:45)
	at java.lang.reflect.Constructor.newInstance(Constructor.java:423)
	at org.openqa.selenium.remote.ErrorHandler.createThrowable(ErrorHandler.java:214)
	at org.openqa.selenium.remote.ErrorHandler.throwIfResponseFailed(ErrorHandler.java:166)
	at org.openqa.selenium.remote.http.JsonHttpResponseCodec.reconstructValue(JsonHttpResponseCodec.java:40)
	at org.openqa.selenium.remote.http.AbstractHttpResponseCodec.decode(AbstractHttpResponseCodec.java:80)
	at org.openqa.selenium.remote.http.AbstractHttpResponseCodec.decode(AbstractHttpResponseCodec.java:44)
	at org.openqa.selenium.remote.HttpCommandExecutor.execute(HttpCommandExecutor.java:158)
	at org.openqa.selenium.remote.RemoteWebDriver.execute(RemoteWebDriver.java:545)
	at org.openqa.selenium.remote.RemoteWebDriver.findElement(RemoteWebDriver.java:319)
	at org.openqa.selenium.remote.RemoteWebDriver.findElementByXPath(RemoteWebDriver.java:421)
	at org.openqa.selenium.By$ByXPath.findElement(By.java:361)
	at org.openqa.selenium.remote.RemoteWebDriver.findElement(RemoteWebDriver.java:311)
	at net.thucydides.core.webdriver.WebDriverFacade.findElement(WebDriverFacade.java:231)
	at gov.gsa.sam.stepdefinition.NegRequestOfficeStepDef.User_click_on_subTier_breadcrumb_link(NegRequestOfficeStepDef.java:178)
	at ✽.User click on subTier breadcrumb link(src/test/resources/features/negRequestOffice.feature:241)
]]></failure>
</testcase>
<testcase classname="Validate error meaasage in office page" name="Department created browser sign out" time="6.159459">
<system-out><![CDATA[Given Department created browser sign out...................................passed
]]></system-out>
</testcase>
</testsuite>
