<?xml version="1.0" encoding="UTF-8"?>
<testsuite xmlns:xsi="http://www.w3.org/2001/XMLSchema-instance" xsi:noNamespaceSchemaLocation="https://maven.apache.org/surefire/maven-surefire-plugin/xsd/surefire-test-report.xsd" name="gov.gsa.sam.runners.FH2" time="3,660.159" tests="98" errors="23" skipped="0" failures="5">
  <properties>
[...]
</properties>
  <testcase name="Log into the GSA website as createDepartment" classname="Validate login with different users admin" time="127.885"/>
  <testcase name="Super Admin" classname="Validate login with different users admin" time="71.937"/>
  <testcase name="edit department" classname="Validate login with different users admin" time="23.392"/>
  <testcase name="Department created browser sign" classname="Validate login with different users admin" time="6.161"/>
  <testcase name="Department created browser sign" classname="Validate login with different users admin" time="6.172"/>
  <testcase name="Department created browser sign" classname="Validate login with different users admin" time="6.144"/>
  <testcase name="Department created browser sign" classname="Validate login with different users admin" time="6.169"/>
  <testcase name="Log into the GSA website as DepartAdmin" classname="Validate login with different users admin" time="81.748"/>
  <testcase name="Department Admin" classname="Validate login with different users admin" time="62.138">
    <error message="no such element: Unable to locate element: {&quot;method&quot;:&quot;xpath&quot;,&quot;selector&quot;:&quot;//*[@id=&quot;primary-content&quot;]/ng-component/div/div[1]/div[1]/title-and-section/div/h1/div&quot;}&#10;  (Session info: chrome=73.0.3683.86)&#10;  (Driver info: chromedriver=2.38.552522 (437e6fbedfa8762dec75e2c5b3ddb86763dc9dcb),platform=Windows NT 6.1.7601 SP1 x86_64) (WARNING: The server did not provide any stacktrace information)&#10;Command duration or timeout: 0 milliseconds&#10;For documentation on this error, please visit: http://seleniumhq.org/exceptions/no_such_element.html&#10;Build info: version: &apos;3.11.0&apos;, revision: &apos;e59cfb3&apos;, time: &apos;2018-03-11T20:26:55.152Z&apos;&#10;System info: host: &apos;I07R7C-AF1F18&apos;, ip: &apos;172.21.72.72&apos;, os.name: &apos;Windows 7&apos;, os.arch: &apos;amd64&apos;, os.version: &apos;6.1&apos;, java.version: &apos;1.8.0_191&apos;&#10;Driver info: org.openqa.selenium.remote.RemoteWebDriver&#10;Capabilities {acceptInsecureCerts: false, acceptSslCerts: false, applicationCacheEnabled: false, browserConnectionEnabled: false, browserName: chrome, chrome: {chromedriverVersion: 2.38.552522 (437e6fbedfa876..., userDataDir: C:\Users\SH359E~1\AppData\L...}, cssSelectorsEnabled: true, databaseEnabled: false, handlesAlerts: true, hasTouchScreen: false, javascriptEnabled: true, locationContextEnabled: true, mobileEmulationEnabled: false, nativeEvents: true, networkConnectionEnabled: false, pageLoadStrategy: normal, platform: XP, platformName: XP, rotatable: false, setWindowRect: true, takesHeapSnapshot: true, takesScreenshot: true, unexpectedAlertBehaviour: , unhandledPromptBehavior: , version: 73.0.3683.86, webStorageEnabled: true}&#10;Session ID: a0a94d759c7c5abf2e417ee33b71162e&#10;*** Element info: {Using=xpath, value=//*[@id=&quot;primary-content&quot;]/ng-component/div/div[1]/div[1]/title-and-section/div/h1/div}" type="org.openqa.selenium.NoSuchElementException">org.openqa.selenium.NoSuchElementException: 
no such element: Unable to locate element: {"method":"xpath","selector":"//*[@id="primary-content"]/ng-component/div/div[1]/div[1]/title-and-section/div/h1/div"}
  (Session info: chrome=73.0.3683.86)
  (Driver info: chromedriver=2.38.552522 (437e6fbedfa8762dec75e2c5b3ddb86763dc9dcb),platform=Windows NT 6.1.7601 SP1 x86_64) (WARNING: The server did not provide any stacktrace information)
Command duration or timeout: 0 milliseconds
For documentation on this error, please visit: http://seleniumhq.org/exceptions/no_such_element.html
Build info: version: '3.11.0', revision: 'e59cfb3', time: '2018-03-11T20:26:55.152Z'
System info: host: 'I07R7C-AF1F18', ip: '172.21.72.72', os.name: 'Windows 7', os.arch: 'amd64', os.version: '6.1', java.version: '1.8.0_191'
Driver info: org.openqa.selenium.remote.RemoteWebDriver
Capabilities {acceptInsecureCerts: false, acceptSslCerts: false, applicationCacheEnabled: false, browserConnectionEnabled: false, browserName: chrome, chrome: {chromedriverVersion: 2.38.552522 (437e6fbedfa876..., userDataDir: C:\Users\SH359E~1\AppData\L...}, cssSelectorsEnabled: true, databaseEnabled: false, handlesAlerts: true, hasTouchScreen: false, javascriptEnabled: true, locationContextEnabled: true, mobileEmulationEnabled: false, nativeEvents: true, networkConnectionEnabled: false, pageLoadStrategy: normal, platform: XP, platformName: XP, rotatable: false, setWindowRect: true, takesHeapSnapshot: true, takesScreenshot: true, unexpectedAlertBehaviour: , unhandledPromptBehavior: , version: 73.0.3683.86, webStorageEnabled: true}
Session ID: a0a94d759c7c5abf2e417ee33b71162e
*** Element info: {Using=xpath, value=//*[@id="primary-content"]/ng-component/div/div[1]/div[1]/title-and-section/div/h1/div}
</error>
    <system-out><![CDATA[
  @LoginDepartmentSubTierOfficeAdminRunner @DepartmentAdmin
  Scenario: Department Admin                                                          &amp#27;[90m# src/test/resources/features/LoginDepartmentSubTierOfficeAdmin.feature:68&amp#27;[0m
    &amp#27;[32mGiven &amp#27;[0m&amp#27;[32mUser Click on go to department link&amp#27;[0m                                         &amp#27;[90m# LoginDepartmentSubTierOfficeAdminStepDef.User_Click_on_go_to_department_link()&amp#27;[0m
    &amp#27;[32mAnd &amp#27;[0m&amp#27;[32mDepartment Admin select check box in Organizations that I administer&amp#27;[0m          &amp#27;[90m# LoginDepartmentSubTierOfficeAdminStepDef.Department_Admin_select_check_box_in_Organizations_that_I_administer()&amp#27;[0m
    &amp#27;[32mAnd &amp#27;[0m&amp#27;[32mValidate search results page&amp#27;[0m                                                  &amp#27;[90m# LoginDepartmentSubTierOfficeAdminStepDef.Validate_search_results_page()&amp#27;[0m
    &amp#27;[32mThen &amp#27;[0m&amp#27;[32mUser click on first subTier link&amp#27;[0m                                             &amp#27;[90m# LoginDepartmentSubTierOfficeAdminStepDef.User_click_on_first_subTier_link()&amp#27;[0m
    &amp#27;[32mAnd &amp#27;[0m&amp#27;[32mTAS-2 code is not visible&amp#27;[0m                                                     &amp#27;[90m# LoginDepartmentSubTierOfficeAdminStepDef.TAS2_code_is_not_visible()&amp#27;[0m
    &amp#27;[32mGiven &amp#27;[0m&amp#27;[32mUser Click on Hierarchy&amp#27;[0m                                                     &amp#27;[90m# LoginDepartmentSubTierOfficeAdminStepDef.User_Click_on_Hierarchy()&amp#27;[0m
    &amp#27;[31mThen &amp#27;[0m&amp#27;[31mUser click on first office&amp#27;[0m                                                   &amp#27;[90m# LoginDepartmentSubTierOfficeAdminStepDef.User_click_on_first_office()&amp#27;[0m
      &amp#27;[31morg.openqa.selenium.NoSuchElementException: no such element: Unable to locate element: {"method":"xpath","selector":"//*[@id="primary-content"]/ng-component/div/div[1]/div[1]/title-and-section/div/h1/div"}
  (Session info: chrome=73.0.3683.86)
  (Driver info: chromedriver=2.38.552522 (437e6fbedfa8762dec75e2c5b3ddb86763dc9dcb),platform=Windows NT 6.1.7601 SP1 x86_64) (WARNING: The server did not provide any stacktrace information)
Command duration or timeout: 0 milliseconds
For documentation on this error, please visit: http://seleniumhq.org/exceptions/no_such_element.html
Build info: version: '3.11.0', revision: 'e59cfb3', time: '2018-03-11T20:26:55.152Z'
System info: host: 'I07R7C-AF1F18', ip: '172.21.72.72', os.name: 'Windows 7', os.arch: 'amd64', os.version: '6.1', java.version: '1.8.0_191'
Driver info: org.openqa.selenium.remote.RemoteWebDriver
Capabilities {acceptInsecureCerts: false, acceptSslCerts: false, applicationCacheEnabled: false, browserConnectionEnabled: false, browserName: chrome, chrome: {chromedriverVersion: 2.38.552522 (437e6fbedfa876..., userDataDir: C:\Users\SH359E~1\AppData\L...}, cssSelectorsEnabled: true, databaseEnabled: false, handlesAlerts: true, hasTouchScreen: false, javascriptEnabled: true, locationContextEnabled: true, mobileEmulationEnabled: false, nativeEvents: true, networkConnectionEnabled: false, pageLoadStrategy: normal, platform: XP, platformName: XP, rotatable: false, setWindowRect: true, takesHeapSnapshot: true, takesScreenshot: true, unexpectedAlertBehaviour: , unhandledPromptBehavior: , version: 73.0.3683.86, webStorageEnabled: true}
Session ID: a0a94d759c7c5abf2e417ee33b71162e
*** Element info: {Using=xpath, value=//*[@id="primary-content"]/ng-component/div/div[1]/div[1]/title-and-section/div/h1/div}
	at sun.reflect.NativeConstructorAccessorImpl.newInstance0(Native Method)
	at sun.reflect.NativeConstructorAccessorImpl.newInstance(NativeConstructorAccessorImpl.java:62)
	at sun.reflect.DelegatingConstructorAccessorImpl.newInstance(DelegatingConstructorAccessorImpl.java:45)
	at java.lang.reflect.Constructor.newInstance(Constructor.java:423)
	at org.openqa.selenium.remote.ErrorHandler.createThrowable(ErrorHandler.java:214)
	at org.openqa.selenium.remote.ErrorHandler.throwIfResponseFailed(ErrorHandler.java:166)
	at org.openqa.selenium.remote.http.JsonHttpResponseCodec.reconstructValue(JsonHttpResponseCodec.java:40)
	at org.openqa.selenium.remote.http.AbstractHttpResponseCodec.decode(AbstractHttpResponseCodec.java:80)
	at org.openqa.selenium.remote.http.AbstractHttpResponseCodec.decode(AbstractHttpResponseCodec.java:44)
	at org.openqa.selenium.remote.HttpCommandExecutor.execute(HttpCommandExecutor.java:158)
	at org.openqa.selenium.remote.RemoteWebDriver.execute(RemoteWebDriver.java:545)
	at org.openqa.selenium.remote.RemoteWebDriver.findElement(RemoteWebDriver.java:319)
	at org.openqa.selenium.remote.RemoteWebDriver.findElementByXPath(RemoteWebDriver.java:421)
	at org.openqa.selenium.By$ByXPath.findElement(By.java:361)
	at org.openqa.selenium.remote.RemoteWebDriver.findElement(RemoteWebDriver.java:311)
	at net.thucydides.core.webdriver.WebDriverFacade.findElement(WebDriverFacade.java:231)
	at gov.gsa.sam.stepdefinition.LoginDepartmentSubTierOfficeAdminStepDef.User_click_on_first_office(LoginDepartmentSubTierOfficeAdminStepDef.java:567)
	at ?.User click on first office(src/test/resources/features/LoginDepartmentSubTierOfficeAdmin.feature:75)
&amp#27;[0m
    &amp#27;[36mAnd &amp#27;[0m&amp#27;[36mTAS-2 code is not visible&amp#27;[0m                                                     &amp#27;[90m# LoginDepartmentSubTierOfficeAdminStepDef.TAS2_code_is_not_visible()&amp#27;[0m
    &amp#27;[36mGiven &amp#27;[0m&amp#27;[36mUser Click on Hierarchy&amp#27;[0m                                                     &amp#27;[90m# LoginDepartmentSubTierOfficeAdminStepDef.User_Click_on_Hierarchy()&amp#27;[0m
    &amp#27;[36mThen &amp#27;[0m&amp#27;[36mUser click on first office&amp#27;[0m                                                   &amp#27;[90m# LoginDepartmentSubTierOfficeAdminStepDef.User_click_on_first_office()&amp#27;[0m
    &amp#27;[36mAnd &amp#27;[0m&amp#27;[36mTAS-2 code is not visible&amp#27;[0m                                                     &amp#27;[90m# LoginDepartmentSubTierOfficeAdminStepDef.TAS2_code_is_not_visible()&amp#27;[0m
    &amp#27;[36mAnd &amp#27;[0m&amp#27;[36mGo to profile page&amp#27;[0m                                                            &amp#27;[90m# LoginDepartmentSubTierOfficeAdminStepDef.Go_to_profile_page()&amp#27;[0m
    &amp#27;[36mAnd &amp#27;[0m&amp#27;[36mClick on My Role Tab&amp#27;[0m                                                          &amp#27;[90m# LoginDepartmentSubTierOfficeAdminStepDef.Click_on_My_Role_Tab()&amp#27;[0m
    &amp#27;[36mThen &amp#27;[0m&amp#27;[36mDepartment Admin Validate that the orgs that appear matches with user's role&amp#27;[0m &amp#27;[90m# LoginDepartmentSubTierOfficeAdminStepDef.Department_Admin_Validate_that_the_orgs_that_appear_matches_with_user_role()&amp#27;[0m
]]></system-out>
    <system-err><![CDATA[[main] INFO net.thucydides.core.steps.ConsoleLoggingListener - 
        __    _____ _____ ____ _____   ____   _    ____  ____  _____ ____  
  _     \ \  |_   _| ____/ ___|_   _| |  _ \ / \  / ___|/ ___|| ____|  _ \ 
 (_)_____| |   | | |  _| \___ \ | |   | |_) / _ \ \___ \\___ \|  _| | | | |
  _|_____| |   | | | |___ ___) || |   |  __/ ___ \ ___) |___) | |___| |_| |
 (_)     | |   |_| |_____|____/ |_|   |_| /_/   \_\____/|____/|_____|____/ 
        /_/                                                                

TEST PASSED: Log into the GSA website as DepartAdmin
----------------------------------------------------------------------------
[main] INFO net.thucydides.core.steps.ConsoleLoggingListener - 
 _____ _____ ____ _____   ____ _____  _    ____ _____ _____ ____  
|_   _| ____/ ___|_   _| / ___|_   _|/ \  |  _ \_   _| ____|  _ \ 
  | | |  _| \___ \ | |   \___ \ | | / _ \ | |_) || | |  _| | | | |
  | | | |___ ___) || |    ___) || |/ ___ \|  _ < | | | |___| |_| |
  |_| |_____|____/ |_|   |____/ |_/_/   \_\_| \_\|_| |_____|____/ 
                                                                  

TEST STARTED: Department Admin
-------------------------------------------------------------------(validate-login-with-different-users-admin;department-admin)
[main] INFO gov.gsa.sam.stepdefinition.LoginDepartmentSubTierOfficeAdminStepDef - Test:::WebDriverFacade for chrome
[main] INFO gov.gsa.sam.stepdefinition.LoginDepartmentSubTierOfficeAdminStepDef - GENERAL SERVICES ADMINISTRATIONGENERAL SERVICES ADMINISTRATION 
[main] INFO gov.gsa.sam.stepdefinition.LoginDepartmentSubTierOfficeAdminStepDef - CGAC: 047
[main] INFO gov.gsa.sam.stepdefinition.LoginDepartmentSubTierOfficeAdminStepDef - User click on the search button
[main] INFO gov.gsa.sam.stepdefinition.LoginDepartmentSubTierOfficeAdminStepDef - TAS-2::false
[main] INFO gov.gsa.sam.stepdefinition.LoginDepartmentSubTierOfficeAdminStepDef - OMB Bureau Codefalse
[main] INFO gov.gsa.sam.stepdefinition.LoginDepartmentSubTierOfficeAdminStepDef - User Click on Hierarchy
[main] ERROR net.thucydides.core.steps.ConsoleLoggingListener - 
           __  _____ _____ ____ _____   _____ _    ___ _     _____ ____  
  _       / / |_   _| ____/ ___|_   _| |  ___/ \  |_ _| |   | ____|  _ \ 
 (_)_____| |    | | |  _| \___ \ | |   | |_ / _ \  | || |   |  _| | | | |
  _|_____| |    | | | |___ ___) || |   |  _/ ___ \ | || |___| |___| |_| |
 (_)     | |    |_| |_____|____/ |_|   |_|/_/   \_\___|_____|_____|____/ 
          \_\                                                            

TEST FAILED WITH ERROR: Department Admin
---------------------------------------------------------------------
[main] ERROR net.thucydides.core.steps.ConsoleLoggingListener - TEST FAILED AT STEP Then User click on first office
[main] ERROR net.thucydides.core.steps.ConsoleLoggingListener - no such element: Unable to locate element: {"method":"xpath","selector":"//*[@id="primary-content"]g-component/div/div[1]/div[1]/title-and-section/div/h1/div"}  (Session info: chrome=73.0.3683.86)  (Driver info: chromedriver=2.38.552522 (437e6fbedfa8762dec75e2c5b3ddb86763dc9dcb),platform=Windows NT 6.1.7601 SP1 x86_64) (WARNING: The server did not provide any stacktrace information)Command duration or timeout: 0 millisecondsFor documentation on this error, please visit: http://seleniumhq.org/exceptionso_such_element.htmlBuild info: version: '3.11.0', revision: 'e59cfb3', time: '2018-03-11T20:26:55.152Z'System info: host: 'I07R7C-AF1F18', ip: '172.21.72.72', os.name: 'Windows 7', os.arch: 'amd64', os.version: '6.1', java.version: '1.8.0_191'Driver info: org.openqa.selenium.remote.RemoteWebDriverCapabilities {acceptInsecureCerts: false, acceptSslCerts: false, applicationCacheEnabled: false, browserConnectionEnabled: false, browserName: chrome, chrome: {chromedriverVersion: 2.38.552522 (437e6fbedfa876..., userDataDir: C:\Users\SH359E~1\AppData\L...}, cssSelectorsEnabled: true, databaseEnabled: false, handlesAlerts: true, hasTouchScreen: false, javascriptEnabled: true, locationContextEnabled: true, mobileEmulationEnabled: false, nativeEvents: true, networkConnectionEnabled: false, pageLoadStrategy: normal, platform: XP, platformName: XP, rotatable: false, setWindowRect: true, takesHeapSnapshot: true, takesScreenshot: true, unexpectedAlertBehaviour: , unhandledPromptBehavior: , version: 73.0.3683.86, webStorageEnabled: true}Session ID: a0a94d759c7c5abf2e417ee33b71162e*** Element info: {Using=xpath, value=//*[@id="primary-content"]g-component/div/div[1]/div[1]/title-and-section/div/h1/div}For documentation on this error, please visit: http://seleniumhq.org/exceptionso_such_element.htmlBuild info: version: '3.11.0', revision: 'e59cfb3', time: '2018-03-11T20:26:55.152Z'System info: host: 'I07R7C-AF1F18', ip: '172.21.72.72', os.name: 'Windows 7', os.arch: 'amd64', os.version: '6.1', java.version: '1.8.0_191'Driver info: driver.version: unknown
]]></system-err>
  </testcase>
  <testcase name="Log into the GSA website as SubTierAdmin" classname="Validate login with different users admin" time="84.445"/>
  <testcase name="SubTier Admin" classname="Validate login with different users admin" time="57.593">
    <error message="no such element: Unable to locate element: {&quot;method&quot;:&quot;xpath&quot;,&quot;selector&quot;:&quot;//*[@id=&quot;primary-content&quot;]/div/div[3]/div[1]/a&quot;}&#10;  (Session info: chrome=73.0.3683.86)&#10;  (Driver info: chromedriver=2.38.552522 (437e6fbedfa8762dec75e2c5b3ddb86763dc9dcb),platform=Windows NT 6.1.7601 SP1 x86_64) (WARNING: The server did not provide any stacktrace information)&#10;Command duration or timeout: 0 milliseconds&#10;For documentation on this error, please visit: http://seleniumhq.org/exceptions/no_such_element.html&#10;Build info: version: &apos;3.11.0&apos;, revision: &apos;e59cfb3&apos;, time: &apos;2018-03-11T20:26:55.152Z&apos;&#10;System info: host: &apos;I07R7C-AF1F18&apos;, ip: &apos;172.21.72.72&apos;, os.name: &apos;Windows 7&apos;, os.arch: &apos;amd64&apos;, os.version: &apos;6.1&apos;, java.version: &apos;1.8.0_191&apos;&#10;Driver info: org.openqa.selenium.remote.RemoteWebDriver&#10;Capabilities {acceptInsecureCerts: false, acceptSslCerts: false, applicationCacheEnabled: false, browserConnectionEnabled: false, browserName: chrome, chrome: {chromedriverVersion: 2.38.552522 (437e6fbedfa876..., userDataDir: C:\Users\SH359E~1\AppData\L...}, cssSelectorsEnabled: true, databaseEnabled: false, handlesAlerts: true, hasTouchScreen: false, javascriptEnabled: true, locationContextEnabled: true, mobileEmulationEnabled: false, nativeEvents: true, networkConnectionEnabled: false, pageLoadStrategy: normal, platform: XP, platformName: XP, rotatable: false, setWindowRect: true, takesHeapSnapshot: true, takesScreenshot: true, unexpectedAlertBehaviour: , unhandledPromptBehavior: , version: 73.0.3683.86, webStorageEnabled: true}&#10;Session ID: 0c89efe8cc3bdbcad44557e9f05e6841&#10;*** Element info: {Using=xpath, value=//*[@id=&quot;primary-content&quot;]/div/div[3]/div[1]/a}" type="org.openqa.selenium.NoSuchElementException">org.openqa.selenium.NoSuchElementException: 
no such element: Unable to locate element: {"method":"xpath","selector":"//*[@id="primary-content"]/div/div[3]/div[1]/a"}
  (Session info: chrome=73.0.3683.86)
  (Driver info: chromedriver=2.38.552522 (437e6fbedfa8762dec75e2c5b3ddb86763dc9dcb),platform=Windows NT 6.1.7601 SP1 x86_64) (WARNING: The server did not provide any stacktrace information)
Command duration or timeout: 0 milliseconds
For documentation on this error, please visit: http://seleniumhq.org/exceptions/no_such_element.html
Build info: version: '3.11.0', revision: 'e59cfb3', time: '2018-03-11T20:26:55.152Z'
System info: host: 'I07R7C-AF1F18', ip: '172.21.72.72', os.name: 'Windows 7', os.arch: 'amd64', os.version: '6.1', java.version: '1.8.0_191'
Driver info: org.openqa.selenium.remote.RemoteWebDriver
Capabilities {acceptInsecureCerts: false, acceptSslCerts: false, applicationCacheEnabled: false, browserConnectionEnabled: false, browserName: chrome, chrome: {chromedriverVersion: 2.38.552522 (437e6fbedfa876..., userDataDir: C:\Users\SH359E~1\AppData\L...}, cssSelectorsEnabled: true, databaseEnabled: false, handlesAlerts: true, hasTouchScreen: false, javascriptEnabled: true, locationContextEnabled: true, mobileEmulationEnabled: false, nativeEvents: true, networkConnectionEnabled: false, pageLoadStrategy: normal, platform: XP, platformName: XP, rotatable: false, setWindowRect: true, takesHeapSnapshot: true, takesScreenshot: true, unexpectedAlertBehaviour: , unhandledPromptBehavior: , version: 73.0.3683.86, webStorageEnabled: true}
Session ID: 0c89efe8cc3bdbcad44557e9f05e6841
*** Element info: {Using=xpath, value=//*[@id="primary-content"]/div/div[3]/div[1]/a}
</error>
    <system-out><![CDATA[
  @LoginDepartmentSubTierOfficeAdminRunner @SubTierAdminSubTier
  Scenario: SubTier Admin                                                    &amp#27;[90m# src/test/resources/features/LoginDepartmentSubTierOfficeAdmin.feature:101&amp#27;[0m
    &amp#27;[32mGiven &amp#27;[0m&amp#27;[32mUser Click on go to department link&amp#27;[0m                                &amp#27;[90m# LoginDepartmentSubTierOfficeAdminStepDef.User_Click_on_go_to_department_link()&amp#27;[0m
    &amp#27;[32mAnd &amp#27;[0m&amp#27;[32mUser select check box in Organizations that I administer&amp#27;[0m             &amp#27;[90m# LoginDepartmentSubTierOfficeAdminStepDef.User_select_check_box_in_Organizations_that_I_administer()&amp#27;[0m
    &amp#27;[32mAnd &amp#27;[0m&amp#27;[32mValidate search results page&amp#27;[0m                                         &amp#27;[90m# LoginDepartmentSubTierOfficeAdminStepDef.Validate_search_results_page()&amp#27;[0m
    &amp#27;[32mThen &amp#27;[0m&amp#27;[32mUser click on first subTier link&amp#27;[0m                                    &amp#27;[90m# LoginDepartmentSubTierOfficeAdminStepDef.User_click_on_first_subTier_link()&amp#27;[0m
    &amp#27;[32mGiven &amp#27;[0m&amp#27;[32mUser Click on Hierarchy&amp#27;[0m                                            &amp#27;[90m# LoginDepartmentSubTierOfficeAdminStepDef.User_Click_on_Hierarchy()&amp#27;[0m
    &amp#27;[31mThen &amp#27;[0m&amp#27;[31mUser click on first office&amp#27;[0m                                          &amp#27;[90m# LoginDepartmentSubTierOfficeAdminStepDef.User_click_on_first_office()&amp#27;[0m
      &amp#27;[31morg.openqa.selenium.NoSuchElementException: no such element: Unable to locate element: {"method":"xpath","selector":"//*[@id="primary-content"]/div/div[3]/div[1]/a"}
  (Session info: chrome=73.0.3683.86)
  (Driver info: chromedriver=2.38.552522 (437e6fbedfa8762dec75e2c5b3ddb86763dc9dcb),platform=Windows NT 6.1.7601 SP1 x86_64) (WARNING: The server did not provide any stacktrace information)
Command duration or timeout: 0 milliseconds
For documentation on this error, please visit: http://seleniumhq.org/exceptions/no_such_element.html
Build info: version: '3.11.0', revision: 'e59cfb3', time: '2018-03-11T20:26:55.152Z'
System info: host: 'I07R7C-AF1F18', ip: '172.21.72.72', os.name: 'Windows 7', os.arch: 'amd64', os.version: '6.1', java.version: '1.8.0_191'
Driver info: org.openqa.selenium.remote.RemoteWebDriver
Capabilities {acceptInsecureCerts: false, acceptSslCerts: false, applicationCacheEnabled: false, browserConnectionEnabled: false, browserName: chrome, chrome: {chromedriverVersion: 2.38.552522 (437e6fbedfa876..., userDataDir: C:\Users\SH359E~1\AppData\L...}, cssSelectorsEnabled: true, databaseEnabled: false, handlesAlerts: true, hasTouchScreen: false, javascriptEnabled: true, locationContextEnabled: true, mobileEmulationEnabled: false, nativeEvents: true, networkConnectionEnabled: false, pageLoadStrategy: normal, platform: XP, platformName: XP, rotatable: false, setWindowRect: true, takesHeapSnapshot: true, takesScreenshot: true, unexpectedAlertBehaviour: , unhandledPromptBehavior: , version: 73.0.3683.86, webStorageEnabled: true}
Session ID: 0c89efe8cc3bdbcad44557e9f05e6841
*** Element info: {Using=xpath, value=//*[@id="primary-content"]/div/div[3]/div[1]/a}
	at sun.reflect.NativeConstructorAccessorImpl.newInstance0(Native Method)
	at sun.reflect.NativeConstructorAccessorImpl.newInstance(NativeConstructorAccessorImpl.java:62)
	at sun.reflect.DelegatingConstructorAccessorImpl.newInstance(DelegatingConstructorAccessorImpl.java:45)
	at java.lang.reflect.Constructor.newInstance(Constructor.java:423)
	at org.openqa.selenium.remote.ErrorHandler.createThrowable(ErrorHandler.java:214)
	at org.openqa.selenium.remote.ErrorHandler.throwIfResponseFailed(ErrorHandler.java:166)
	at org.openqa.selenium.remote.http.JsonHttpResponseCodec.reconstructValue(JsonHttpResponseCodec.java:40)
	at org.openqa.selenium.remote.http.AbstractHttpResponseCodec.decode(AbstractHttpResponseCodec.java:80)
	at org.openqa.selenium.remote.http.AbstractHttpResponseCodec.decode(AbstractHttpResponseCodec.java:44)
	at org.openqa.selenium.remote.HttpCommandExecutor.execute(HttpCommandExecutor.java:158)
	at org.openqa.selenium.remote.RemoteWebDriver.execute(RemoteWebDriver.java:545)
	at org.openqa.selenium.remote.RemoteWebDriver.findElement(RemoteWebDriver.java:319)
	at org.openqa.selenium.remote.RemoteWebDriver.findElementByXPath(RemoteWebDriver.java:421)
	at org.openqa.selenium.By$ByXPath.findElement(By.java:361)
	at org.openqa.selenium.remote.RemoteWebDriver.findElement(RemoteWebDriver.java:311)
	at net.thucydides.core.webdriver.WebDriverFacade.findElement(WebDriverFacade.java:231)
	at gov.gsa.sam.stepdefinition.LoginDepartmentSubTierOfficeAdminStepDef.User_click_on_first_office(LoginDepartmentSubTierOfficeAdminStepDef.java:562)
	at ?.User click on first office(src/test/resources/features/LoginDepartmentSubTierOfficeAdmin.feature:108)
&amp#27;[0m
    &amp#27;[36mAnd &amp#27;[0m&amp#27;[36mTAS-2 code is not visible&amp#27;[0m                                            &amp#27;[90m# LoginDepartmentSubTierOfficeAdminStepDef.TAS2_code_is_not_visible()&amp#27;[0m
    &amp#27;[36mAnd &amp#27;[0m&amp#27;[36mGo to profile page&amp#27;[0m                                                   &amp#27;[90m# LoginDepartmentSubTierOfficeAdminStepDef.Go_to_profile_page()&amp#27;[0m
    &amp#27;[36mAnd &amp#27;[0m&amp#27;[36mClick on My Role Tab&amp#27;[0m                                                 &amp#27;[90m# LoginDepartmentSubTierOfficeAdminStepDef.Click_on_My_Role_Tab()&amp#27;[0m
    &amp#27;[36mThen &amp#27;[0m&amp#27;[36msubTier Validate that the orgs that appear matches with user's role&amp#27;[0m &amp#27;[90m# LoginDepartmentSubTierOfficeAdminStepDef.subTier_Validate_that_the_orgs_that_appear_matches_with_users_role()&amp#27;[0m
]]></system-out>
    <system-err><![CDATA[[main] INFO net.thucydides.core.steps.ConsoleLoggingListener - 
        __    _____ _____ ____ _____   ____   _    ____  ____  _____ ____  
  _     \ \  |_   _| ____/ ___|_   _| |  _ \ / \  / ___|/ ___|| ____|  _ \ 
 (_)_____| |   | | |  _| \___ \ | |   | |_) / _ \ \___ \\___ \|  _| | | | |
  _|_____| |   | | | |___ ___) || |   |  __/ ___ \ ___) |___) | |___| |_| |
 (_)     | |   |_| |_____|____/ |_|   |_| /_/   \_\____/|____/|_____|____/ 
        /_/                                                                

TEST PASSED: Log into the GSA website as SubTierAdmin
----------------------------------------------------------------------------
[main] INFO net.thucydides.core.steps.ConsoleLoggingListener - 
 _____ _____ ____ _____   ____ _____  _    ____ _____ _____ ____  
|_   _| ____/ ___|_   _| / ___|_   _|/ \  |  _ \_   _| ____|  _ \ 
  | | |  _| \___ \ | |   \___ \ | | / _ \ | |_) || | |  _| | | | |
  | | | |___ ___) || |    ___) || |/ ___ \|  _ < | | | |___| |_| |
  |_| |_____|____/ |_|   |____/ |_/_/   \_\_| \_\|_| |_____|____/ 
                                                                  

TEST STARTED: SubTier Admin
-------------------------------------------------------------------(validate-login-with-different-users-admin;subtier-admin)
[main] INFO gov.gsa.sam.stepdefinition.LoginDepartmentSubTierOfficeAdminStepDef - Test:::WebDriverFacade for chrome
[main] INFO gov.gsa.sam.stepdefinition.LoginDepartmentSubTierOfficeAdminStepDef - Agency Code4700
[main] INFO gov.gsa.sam.stepdefinition.LoginDepartmentSubTierOfficeAdminStepDef - User click on the search button
[main] INFO gov.gsa.sam.stepdefinition.LoginDepartmentSubTierOfficeAdminStepDef - User Click on Hierarchy
[main] ERROR net.thucydides.core.steps.ConsoleLoggingListener - 
           __  _____ _____ ____ _____   _____ _    ___ _     _____ ____  
  _       / / |_   _| ____/ ___|_   _| |  ___/ \  |_ _| |   | ____|  _ \ 
 (_)_____| |    | | |  _| \___ \ | |   | |_ / _ \  | || |   |  _| | | | |
  _|_____| |    | | | |___ ___) || |   |  _/ ___ \ | || |___| |___| |_| |
 (_)     | |    |_| |_____|____/ |_|   |_|/_/   \_\___|_____|_____|____/ 
          \_\                                                            

TEST FAILED WITH ERROR: SubTier Admin
---------------------------------------------------------------------
[main] ERROR net.thucydides.core.steps.ConsoleLoggingListener - TEST FAILED AT STEP Then User click on first office
[main] ERROR net.thucydides.core.steps.ConsoleLoggingListener - no such element: Unable to locate element: {"method":"xpath","selector":"//*[@id="primary-content"]/div/div[3]/div[1]/a"}  (Session info: chrome=73.0.3683.86)  (Driver info: chromedriver=2.38.552522 (437e6fbedfa8762dec75e2c5b3ddb86763dc9dcb),platform=Windows NT 6.1.7601 SP1 x86_64) (WARNING: The server did not provide any stacktrace information)Command duration or timeout: 0 millisecondsFor documentation on this error, please visit: http://seleniumhq.org/exceptionso_such_element.htmlBuild info: version: '3.11.0', revision: 'e59cfb3', time: '2018-03-11T20:26:55.152Z'System info: host: 'I07R7C-AF1F18', ip: '172.21.72.72', os.name: 'Windows 7', os.arch: 'amd64', os.version: '6.1', java.version: '1.8.0_191'Driver info: org.openqa.selenium.remote.RemoteWebDriverCapabilities {acceptInsecureCerts: false, acceptSslCerts: false, applicationCacheEnabled: false, browserConnectionEnabled: false, browserName: chrome, chrome: {chromedriverVersion: 2.38.552522 (437e6fbedfa876..., userDataDir: C:\Users\SH359E~1\AppData\L...}, cssSelectorsEnabled: true, databaseEnabled: false, handlesAlerts: true, hasTouchScreen: false, javascriptEnabled: true, locationContextEnabled: true, mobileEmulationEnabled: false, nativeEvents: true, networkConnectionEnabled: false, pageLoadStrategy: normal, platform: XP, platformName: XP, rotatable: false, setWindowRect: true, takesHeapSnapshot: true, takesScreenshot: true, unexpectedAlertBehaviour: , unhandledPromptBehavior: , version: 73.0.3683.86, webStorageEnabled: true}Session ID: 0c89efe8cc3bdbcad44557e9f05e6841*** Element info: {Using=xpath, value=//*[@id="primary-content"]/div/div[3]/div[1]/a}For documentation on this error, please visit: http://seleniumhq.org/exceptionso_such_element.htmlBuild info: version: '3.11.0', revision: 'e59cfb3', time: '2018-03-11T20:26:55.152Z'System info: host: 'I07R7C-AF1F18', ip: '172.21.72.72', os.name: 'Windows 7', os.arch: 'amd64', os.version: '6.1', java.version: '1.8.0_191'Driver info: driver.version: unknown
]]></system-err>
  </testcase>
  <testcase name="Log into the GSA website as officeAdmin" classname="Validate login with different users admin" time="73.785"/>
  <testcase name="Office Admin" classname="Validate login with different users admin" time="63.495">
    <error message="no such element: Unable to locate element: {&quot;method&quot;:&quot;xpath&quot;,&quot;selector&quot;:&quot;//*[@id=&quot;primary-content&quot;]/ng-component/div/div[1]/div[1]/title-and-section/div/h1/div&quot;}&#10;  (Session info: chrome=73.0.3683.86)&#10;  (Driver info: chromedriver=2.38.552522 (437e6fbedfa8762dec75e2c5b3ddb86763dc9dcb),platform=Windows NT 6.1.7601 SP1 x86_64) (WARNING: The server did not provide any stacktrace information)&#10;Command duration or timeout: 0 milliseconds&#10;For documentation on this error, please visit: http://seleniumhq.org/exceptions/no_such_element.html&#10;Build info: version: &apos;3.11.0&apos;, revision: &apos;e59cfb3&apos;, time: &apos;2018-03-11T20:26:55.152Z&apos;&#10;System info: host: &apos;I07R7C-AF1F18&apos;, ip: &apos;172.21.72.72&apos;, os.name: &apos;Windows 7&apos;, os.arch: &apos;amd64&apos;, os.version: &apos;6.1&apos;, java.version: &apos;1.8.0_191&apos;&#10;Driver info: org.openqa.selenium.remote.RemoteWebDriver&#10;Capabilities {acceptInsecureCerts: false, acceptSslCerts: false, applicationCacheEnabled: false, browserConnectionEnabled: false, browserName: chrome, chrome: {chromedriverVersion: 2.38.552522 (437e6fbedfa876..., userDataDir: C:\Users\SH359E~1\AppData\L...}, cssSelectorsEnabled: true, databaseEnabled: false, handlesAlerts: true, hasTouchScreen: false, javascriptEnabled: true, locationContextEnabled: true, mobileEmulationEnabled: false, nativeEvents: true, networkConnectionEnabled: false, pageLoadStrategy: normal, platform: XP, platformName: XP, rotatable: false, setWindowRect: true, takesHeapSnapshot: true, takesScreenshot: true, unexpectedAlertBehaviour: , unhandledPromptBehavior: , version: 73.0.3683.86, webStorageEnabled: true}&#10;Session ID: 1e91c16ca794975024839fe5ed8ac53f&#10;*** Element info: {Using=xpath, value=//*[@id=&quot;primary-content&quot;]/ng-component/div/div[1]/div[1]/title-and-section/div/h1/div}" type="org.openqa.selenium.NoSuchElementException">org.openqa.selenium.NoSuchElementException: 
no such element: Unable to locate element: {"method":"xpath","selector":"//*[@id="primary-content"]/ng-component/div/div[1]/div[1]/title-and-section/div/h1/div"}
  (Session info: chrome=73.0.3683.86)
  (Driver info: chromedriver=2.38.552522 (437e6fbedfa8762dec75e2c5b3ddb86763dc9dcb),platform=Windows NT 6.1.7601 SP1 x86_64) (WARNING: The server did not provide any stacktrace information)
Command duration or timeout: 0 milliseconds
For documentation on this error, please visit: http://seleniumhq.org/exceptions/no_such_element.html
Build info: version: '3.11.0', revision: 'e59cfb3', time: '2018-03-11T20:26:55.152Z'
System info: host: 'I07R7C-AF1F18', ip: '172.21.72.72', os.name: 'Windows 7', os.arch: 'amd64', os.version: '6.1', java.version: '1.8.0_191'
Driver info: org.openqa.selenium.remote.RemoteWebDriver
Capabilities {acceptInsecureCerts: false, acceptSslCerts: false, applicationCacheEnabled: false, browserConnectionEnabled: false, browserName: chrome, chrome: {chromedriverVersion: 2.38.552522 (437e6fbedfa876..., userDataDir: C:\Users\SH359E~1\AppData\L...}, cssSelectorsEnabled: true, databaseEnabled: false, handlesAlerts: true, hasTouchScreen: false, javascriptEnabled: true, locationContextEnabled: true, mobileEmulationEnabled: false, nativeEvents: true, networkConnectionEnabled: false, pageLoadStrategy: normal, platform: XP, platformName: XP, rotatable: false, setWindowRect: true, takesHeapSnapshot: true, takesScreenshot: true, unexpectedAlertBehaviour: , unhandledPromptBehavior: , version: 73.0.3683.86, webStorageEnabled: true}
Session ID: 1e91c16ca794975024839fe5ed8ac53f
*** Element info: {Using=xpath, value=//*[@id="primary-content"]/ng-component/div/div[1]/div[1]/title-and-section/div/h1/div}
</error>
    <system-out><![CDATA[
  @LoginDepartmentSubTierOfficeAdminRunner @officeAdmin
  Scenario: Office Admin                                                 &amp#27;[90m# src/test/resources/features/LoginDepartmentSubTierOfficeAdmin.feature:132&amp#27;[0m
    &amp#27;[32mGiven &amp#27;[0m&amp#27;[32mUser Click on go to department link&amp#27;[0m                            &amp#27;[90m# LoginDepartmentSubTierOfficeAdminStepDef.User_Click_on_go_to_department_link()&amp#27;[0m
    &amp#27;[32mAnd &amp#27;[0m&amp#27;[32mOffice admin select check box in Organizations that I administer&amp#27;[0m &amp#27;[90m# LoginDepartmentSubTierOfficeAdminStepDef.Office_admin_select_check_box_in_Organizations_that_I_administer()&amp#27;[0m
    &amp#27;[32mAnd &amp#27;[0m&amp#27;[32mValidate search results page&amp#27;[0m                                     &amp#27;[90m# LoginDepartmentSubTierOfficeAdminStepDef.Validate_search_results_page()&amp#27;[0m
    &amp#27;[32mThen &amp#27;[0m&amp#27;[32mUser click on first subTier link&amp#27;[0m                                &amp#27;[90m# LoginDepartmentSubTierOfficeAdminStepDef.User_click_on_first_subTier_link()&amp#27;[0m
    &amp#27;[32mAnd &amp#27;[0m&amp#27;[32mTAS-2 code is not visible&amp#27;[0m                                        &amp#27;[90m# LoginDepartmentSubTierOfficeAdminStepDef.TAS2_code_is_not_visible()&amp#27;[0m
    &amp#27;[32mGiven &amp#27;[0m&amp#27;[32mUser Click on Hierarchy&amp#27;[0m                                        &amp#27;[90m# LoginDepartmentSubTierOfficeAdminStepDef.User_Click_on_Hierarchy()&amp#27;[0m
    &amp#27;[31mThen &amp#27;[0m&amp#27;[31mUser click on first office&amp#27;[0m                                      &amp#27;[90m# LoginDepartmentSubTierOfficeAdminStepDef.User_click_on_first_office()&amp#27;[0m
      &amp#27;[31morg.openqa.selenium.NoSuchElementException: no such element: Unable to locate element: {"method":"xpath","selector":"//*[@id="primary-content"]/ng-component/div/div[1]/div[1]/title-and-section/div/h1/div"}
  (Session info: chrome=73.0.3683.86)
  (Driver info: chromedriver=2.38.552522 (437e6fbedfa8762dec75e2c5b3ddb86763dc9dcb),platform=Windows NT 6.1.7601 SP1 x86_64) (WARNING: The server did not provide any stacktrace information)
Command duration or timeout: 0 milliseconds
For documentation on this error, please visit: http://seleniumhq.org/exceptions/no_such_element.html
Build info: version: '3.11.0', revision: 'e59cfb3', time: '2018-03-11T20:26:55.152Z'
System info: host: 'I07R7C-AF1F18', ip: '172.21.72.72', os.name: 'Windows 7', os.arch: 'amd64', os.version: '6.1', java.version: '1.8.0_191'
Driver info: org.openqa.selenium.remote.RemoteWebDriver
Capabilities {acceptInsecureCerts: false, acceptSslCerts: false, applicationCacheEnabled: false, browserConnectionEnabled: false, browserName: chrome, chrome: {chromedriverVersion: 2.38.552522 (437e6fbedfa876..., userDataDir: C:\Users\SH359E~1\AppData\L...}, cssSelectorsEnabled: true, databaseEnabled: false, handlesAlerts: true, hasTouchScreen: false, javascriptEnabled: true, locationContextEnabled: true, mobileEmulationEnabled: false, nativeEvents: true, networkConnectionEnabled: false, pageLoadStrategy: normal, platform: XP, platformName: XP, rotatable: false, setWindowRect: true, takesHeapSnapshot: true, takesScreenshot: true, unexpectedAlertBehaviour: , unhandledPromptBehavior: , version: 73.0.3683.86, webStorageEnabled: true}
Session ID: 1e91c16ca794975024839fe5ed8ac53f
*** Element info: {Using=xpath, value=//*[@id="primary-content"]/ng-component/div/div[1]/div[1]/title-and-section/div/h1/div}
	at sun.reflect.NativeConstructorAccessorImpl.newInstance0(Native Method)
	at sun.reflect.NativeConstructorAccessorImpl.newInstance(NativeConstructorAccessorImpl.java:62)
	at sun.reflect.DelegatingConstructorAccessorImpl.newInstance(DelegatingConstructorAccessorImpl.java:45)
	at java.lang.reflect.Constructor.newInstance(Constructor.java:423)
	at org.openqa.selenium.remote.ErrorHandler.createThrowable(ErrorHandler.java:214)
	at org.openqa.selenium.remote.ErrorHandler.throwIfResponseFailed(ErrorHandler.java:166)
	at org.openqa.selenium.remote.http.JsonHttpResponseCodec.reconstructValue(JsonHttpResponseCodec.java:40)
	at org.openqa.selenium.remote.http.AbstractHttpResponseCodec.decode(AbstractHttpResponseCodec.java:80)
	at org.openqa.selenium.remote.http.AbstractHttpResponseCodec.decode(AbstractHttpResponseCodec.java:44)
	at org.openqa.selenium.remote.HttpCommandExecutor.execute(HttpCommandExecutor.java:158)
	at org.openqa.selenium.remote.RemoteWebDriver.execute(RemoteWebDriver.java:545)
	at org.openqa.selenium.remote.RemoteWebDriver.findElement(RemoteWebDriver.java:319)
	at org.openqa.selenium.remote.RemoteWebDriver.findElementByXPath(RemoteWebDriver.java:421)
	at org.openqa.selenium.By$ByXPath.findElement(By.java:361)
	at org.openqa.selenium.remote.RemoteWebDriver.findElement(RemoteWebDriver.java:311)
	at net.thucydides.core.webdriver.WebDriverFacade.findElement(WebDriverFacade.java:231)
	at gov.gsa.sam.stepdefinition.LoginDepartmentSubTierOfficeAdminStepDef.User_click_on_first_office(LoginDepartmentSubTierOfficeAdminStepDef.java:567)
	at ?.User click on first office(src/test/resources/features/LoginDepartmentSubTierOfficeAdmin.feature:141)
&amp#27;[0m
    &amp#27;[36mGiven &amp#27;[0m&amp#27;[36mUser Click on Hierarchy&amp#27;[0m                                        &amp#27;[90m# LoginDepartmentSubTierOfficeAdminStepDef.User_Click_on_Hierarchy()&amp#27;[0m
    &amp#27;[36mThen &amp#27;[0m&amp#27;[36mUser click on first office&amp#27;[0m                                      &amp#27;[90m# LoginDepartmentSubTierOfficeAdminStepDef.User_click_on_first_office()&amp#27;[0m
    &amp#27;[36mAnd &amp#27;[0m&amp#27;[36mGo to profile page&amp#27;[0m                                               &amp#27;[90m# LoginDepartmentSubTierOfficeAdminStepDef.Go_to_profile_page()&amp#27;[0m
    &amp#27;[36mAnd &amp#27;[0m&amp#27;[36mClick on My Role Tab&amp#27;[0m                                             &amp#27;[90m# LoginDepartmentSubTierOfficeAdminStepDef.Click_on_My_Role_Tab()&amp#27;[0m
    &amp#27;[36mThen &amp#27;[0m&amp#27;[36mValidate that the orgs that appear matches with user's role&amp#27;[0m     &amp#27;[90m# LoginDepartmentSubTierOfficeAdminStepDef.Validate_that_the_orgs_that_appear_matches_with_user_role()&amp#27;[0m
]]></system-out>
    <system-err><![CDATA[[main] INFO net.thucydides.core.steps.ConsoleLoggingListener - 
        __    _____ _____ ____ _____   ____   _    ____  ____  _____ ____  
  _     \ \  |_   _| ____/ ___|_   _| |  _ \ / \  / ___|/ ___|| ____|  _ \ 
 (_)_____| |   | | |  _| \___ \ | |   | |_) / _ \ \___ \\___ \|  _| | | | |
  _|_____| |   | | | |___ ___) || |   |  __/ ___ \ ___) |___) | |___| |_| |
 (_)     | |   |_| |_____|____/ |_|   |_| /_/   \_\____/|____/|_____|____/ 
        /_/                                                                

TEST PASSED: Log into the GSA website as officeAdmin
----------------------------------------------------------------------------
[main] INFO net.thucydides.core.steps.ConsoleLoggingListener - 
 _____ _____ ____ _____   ____ _____  _    ____ _____ _____ ____  
|_   _| ____/ ___|_   _| / ___|_   _|/ \  |  _ \_   _| ____|  _ \ 
  | | |  _| \___ \ | |   \___ \ | | / _ \ | |_) || | |  _| | | | |
  | | | |___ ___) || |    ___) || |/ ___ \|  _ < | | | |___| |_| |
  |_| |_____|____/ |_|   |____/ |_/_/   \_\_| \_\|_| |_____|____/ 
                                                                  

TEST STARTED: Office Admin
-------------------------------------------------------------------(validate-login-with-different-users-admin;office-admin)
[main] INFO gov.gsa.sam.stepdefinition.LoginDepartmentSubTierOfficeAdminStepDef - Test:::WebDriverFacade for chrome
[main] INFO gov.gsa.sam.stepdefinition.LoginDepartmentSubTierOfficeAdminStepDef - AAC Code: 470504
[main] INFO gov.gsa.sam.stepdefinition.LoginDepartmentSubTierOfficeAdminStepDef - User click on the search button
[main] INFO gov.gsa.sam.stepdefinition.LoginDepartmentSubTierOfficeAdminStepDef - TAS-2::false
[main] INFO gov.gsa.sam.stepdefinition.LoginDepartmentSubTierOfficeAdminStepDef - OMB Bureau Codefalse
[main] INFO gov.gsa.sam.stepdefinition.LoginDepartmentSubTierOfficeAdminStepDef - User Click on Hierarchy
[main] ERROR net.thucydides.core.steps.ConsoleLoggingListener - 
           __  _____ _____ ____ _____   _____ _    ___ _     _____ ____  
  _       / / |_   _| ____/ ___|_   _| |  ___/ \  |_ _| |   | ____|  _ \ 
 (_)_____| |    | | |  _| \___ \ | |   | |_ / _ \  | || |   |  _| | | | |
  _|_____| |    | | | |___ ___) || |   |  _/ ___ \ | || |___| |___| |_| |
 (_)     | |    |_| |_____|____/ |_|   |_|/_/   \_\___|_____|_____|____/ 
          \_\                                                            

TEST FAILED WITH ERROR: Office Admin
---------------------------------------------------------------------
[main] ERROR net.thucydides.core.steps.ConsoleLoggingListener - TEST FAILED AT STEP Then User click on first office
[main] ERROR net.thucydides.core.steps.ConsoleLoggingListener - no such element: Unable to locate element: {"method":"xpath","selector":"//*[@id="primary-content"]g-component/div/div[1]/div[1]/title-and-section/div/h1/div"}  (Session info: chrome=73.0.3683.86)  (Driver info: chromedriver=2.38.552522 (437e6fbedfa8762dec75e2c5b3ddb86763dc9dcb),platform=Windows NT 6.1.7601 SP1 x86_64) (WARNING: The server did not provide any stacktrace information)Command duration or timeout: 0 millisecondsFor documentation on this error, please visit: http://seleniumhq.org/exceptionso_such_element.htmlBuild info: version: '3.11.0', revision: 'e59cfb3', time: '2018-03-11T20:26:55.152Z'System info: host: 'I07R7C-AF1F18', ip: '172.21.72.72', os.name: 'Windows 7', os.arch: 'amd64', os.version: '6.1', java.version: '1.8.0_191'Driver info: org.openqa.selenium.remote.RemoteWebDriverCapabilities {acceptInsecureCerts: false, acceptSslCerts: false, applicationCacheEnabled: false, browserConnectionEnabled: false, browserName: chrome, chrome: {chromedriverVersion: 2.38.552522 (437e6fbedfa876..., userDataDir: C:\Users\SH359E~1\AppData\L...}, cssSelectorsEnabled: true, databaseEnabled: false, handlesAlerts: true, hasTouchScreen: false, javascriptEnabled: true, locationContextEnabled: true, mobileEmulationEnabled: false, nativeEvents: true, networkConnectionEnabled: false, pageLoadStrategy: normal, platform: XP, platformName: XP, rotatable: false, setWindowRect: true, takesHeapSnapshot: true, takesScreenshot: true, unexpectedAlertBehaviour: , unhandledPromptBehavior: , version: 73.0.3683.86, webStorageEnabled: true}Session ID: 1e91c16ca794975024839fe5ed8ac53f*** Element info: {Using=xpath, value=//*[@id="primary-content"]g-component/div/div[1]/div[1]/title-and-section/div/h1/div}For documentation on this error, please visit: http://seleniumhq.org/exceptionso_such_element.htmlBuild info: version: '3.11.0', revision: 'e59cfb3', time: '2018-03-11T20:26:55.152Z'System info: host: 'I07R7C-AF1F18', ip: '172.21.72.72', os.name: 'Windows 7', os.arch: 'amd64', os.version: '6.1', java.version: '1.8.0_191'Driver info: driver.version: unknown
]]></system-err>
  </testcase>
  <testcase name="Log into the GSA website" classname="Validate error meaasage in sub tier page" time="127.122"/>
  <testcase name="This field cannot be empty" classname="Validate error meaasage in sub tier page" time="14.72"/>
  <testcase name="EMPTY_NAME" classname="Validate error meaasage in sub tier page" time="9.356"/>
  <testcase name="EMPTY_NAME" classname="Validate error meaasage in sub tier page" time="9.371"/>
  <testcase name="EMPTY_NAME" classname="Validate error meaasage in sub tier page" time="9.441"/>
  <testcase name="EMPTY_NAME" classname="Validate error meaasage in sub tier page" time="9.352"/>
  <testcase name="EMPTY_NAME" classname="Validate error meaasage in sub tier page" time="9.383"/>
  <testcase name="EMPTY_NAME" classname="Validate error meaasage in sub tier page" time="9.393"/>
  <testcase name="EMPTY_NAME" classname="Validate error meaasage in sub tier page" time="9.376"/>
  <testcase name="Description field is Empty" classname="Validate error meaasage in sub tier page" time="31.606"/>
  <testcase name="This field is required" classname="Validate error meaasage in sub tier page" time="3.852"/>
  <testcase name="Required Field" classname="Validate error meaasage in sub tier page" time="9.364"/>
  <testcase name="Agency is Required" classname="Validate error meaasage in sub tier page" time="5.479"/>
  <testcase name="CGAC is Required" classname="Validate error meaasage in sub tier page" time="5.29"/>
  <testcase name=": Reading CGAC only numbers expection" classname="Validate error meaasage in sub tier page" time="6.46"/>
  <testcase name="CGAC only numbers" classname="Validate error meaasage in sub tier page" time="7.092"/>
  <testcase name="Date field" classname="Validate error meaasage in sub tier page" time="15.211"/>
  <testcase name="Click on federal Hierancy" classname="Validate error meaasage in sub tier page" time="16.879"/>
  <testcase name="Click on federal Hierancy" classname="Validate error meaasage in sub tier page" time="15.139"/>
  <testcase name="Date field expection" classname="Validate error meaasage in sub tier page" time="35.451">
    <error message="Expected condition failed: waiting for visibility of element located by By.xpath: //*[@id=&quot;primary-content&quot;]/ng-component/div/div[1]/div[3]/div[6]/form/sam-fieldset-wrapper/div/fieldset/sam-date/sam-fieldset-wrapper/div/fieldset/span (tried for 30 second(s) with 500 milliseconds interval)" type="org.openqa.selenium.TimeoutException">org.openqa.selenium.TimeoutException: Expected condition failed: waiting for visibility of element located by By.xpath: //*[@id="primary-content"]/ng-component/div/div[1]/div[3]/div[6]/form/sam-fieldset-wrapper/div/fieldset/sam-date/sam-fieldset-wrapper/div/fieldset/span (tried for 30 second(s) with 500 milliseconds interval)
Caused by: org.openqa.selenium.NoSuchElementException: 
Cannot locate an element using By.xpath: //*[@id="primary-content"]/ng-component/div/div[1]/div[3]/div[6]/form/sam-fieldset-wrapper/div/fieldset/sam-date/sam-fieldset-wrapper/div/fieldset/span
For documentation on this error, please visit: http://seleniumhq.org/exceptions/no_such_element.html
Build info: version: '3.11.0', revision: 'e59cfb3', time: '2018-03-11T20:26:55.152Z'
System info: host: 'I07R7C-AF1F18', ip: '172.21.72.72', os.name: 'Windows 7', os.arch: 'amd64', os.version: '6.1', java.version: '1.8.0_191'
Driver info: driver.version: unknown
</error>
    <system-out><![CDATA[
  @NegEditDepartmentSubTier @SubTierDateField
  Scenario: Date field expection       &amp#27;[90m# src/test/resources/features/NegEditDepartmentSubTier.feature:207&amp#27;[0m
    &amp#27;[32mGiven &amp#27;[0m&amp#27;[32mReading date field Expection&amp#27;[0m &amp#27;[90m# NegEditDepartmentSubTierStepDef.Reading_date_field_Expection()&amp#27;[0m
    &amp#27;[31mThen &amp#27;[0m&amp#27;[31mdate field Expection&amp#27;[0m          &amp#27;[90m# NegEditDepartmentSubTierStepDef.date_field_Expection()&amp#27;[0m
      &amp#27;[31morg.openqa.selenium.TimeoutException: Expected condition failed: waiting for visibility of element located by By.xpath: //*[@id="primary-content"]/ng-component/div/div[1]/div[3]/div[6]/form/sam-fieldset-wrapper/div/fieldset/sam-date/sam-fieldset-wrapper/div/fieldset/span (tried for 30 second(s) with 500 milliseconds interval)
	at org.openqa.selenium.support.ui.WebDriverWait.timeoutException(WebDriverWait.java:81)
	at org.openqa.selenium.support.ui.FluentWait.until(FluentWait.java:271)
	at gov.gsa.sam.stepdefinition.NegEditDepartmentSubTierStepDef.date_field_Expection(NegEditDepartmentSubTierStepDef.java:650)
	at ?.date field Expection(src/test/resources/features/NegEditDepartmentSubTier.feature:209)
Caused by: org.openqa.selenium.NoSuchElementException: Cannot locate an element using By.xpath: //*[@id="primary-content"]/ng-component/div/div[1]/div[3]/div[6]/form/sam-fieldset-wrapper/div/fieldset/sam-date/sam-fieldset-wrapper/div/fieldset/span
For documentation on this error, please visit: http://seleniumhq.org/exceptions/no_such_element.html
Build info: version: '3.11.0', revision: 'e59cfb3', time: '2018-03-11T20:26:55.152Z'
System info: host: 'I07R7C-AF1F18', ip: '172.21.72.72', os.name: 'Windows 7', os.arch: 'amd64', os.version: '6.1', java.version: '1.8.0_191'
Driver info: driver.version: unknown
	at org.openqa.selenium.support.ui.ExpectedConditions.lambda$findElement$0(ExpectedConditions.java:896)
	at java.util.Optional.orElseThrow(Optional.java:290)
	at org.openqa.selenium.support.ui.ExpectedConditions.findElement(ExpectedConditions.java:895)
	at org.openqa.selenium.support.ui.ExpectedConditions.access$000(ExpectedConditions.java:44)
	at org.openqa.selenium.support.ui.ExpectedConditions$7.apply(ExpectedConditions.java:206)
	at org.openqa.selenium.support.ui.ExpectedConditions$7.apply(ExpectedConditions.java:202)
	at org.openqa.selenium.support.ui.FluentWait.until(FluentWait.java:248)
	at gov.gsa.sam.stepdefinition.NegEditDepartmentSubTierStepDef.date_field_Expection(NegEditDepartmentSubTierStepDef.java:650)
	at sun.reflect.NativeMethodAccessorImpl.invoke0(Native Method)
	at sun.reflect.NativeMethodAccessorImpl.invoke(NativeMethodAccessorImpl.java:62)
	at sun.reflect.DelegatingMethodAccessorImpl.invoke(DelegatingMethodAccessorImpl.java:43)
	at java.lang.reflect.Method.invoke(Method.java:498)
	at cucumber.runtime.Utils$1.call(Utils.java:32)
	at cucumber.runtime.Timeout.timeout(Timeout.java:16)
	at cucumber.runtime.Utils.invoke(Utils.java:26)
	at cucumber.runtime.java.JavaStepDefinition.execute(JavaStepDefinition.java:37)
	at cucumber.runtime.StepDefinitionMatch.runStep(StepDefinitionMatch.java:40)
	at cucumber.api.TestStep.executeStep(TestStep.java:102)
	at cucumber.api.TestStep.run(TestStep.java:83)
	at cucumber.api.TestCase.run(TestCase.java:58)
	at cucumber.runner.Runner.runPickle(Runner.java:80)
	at cucumber.runtime.junit.PickleRunners$NoStepDescriptions.run(PickleRunners.java:140)
	at cucumber.runtime.junit.FeatureRunner.runChild(FeatureRunner.java:68)
	at cucumber.runtime.junit.FeatureRunner.runChild(FeatureRunner.java:23)
	at org.junit.runners.ParentRunner$3.run(ParentRunner.java:290)
	at org.junit.runners.ParentRunner$1.schedule(ParentRunner.java:71)
	at org.junit.runners.ParentRunner.runChildren(ParentRunner.java:288)
	at org.junit.runners.ParentRunner.access$000(ParentRunner.java:58)
	at org.junit.runners.ParentRunner$2.evaluate(ParentRunner.java:268)
	at org.junit.runners.ParentRunner.run(ParentRunner.java:363)
	at cucumber.runtime.junit.FeatureRunner.run(FeatureRunner.java:73)
	at cucumber.api.junit.Cucumber.runChild(Cucumber.java:117)
	at cucumber.api.junit.Cucumber.runChild(Cucumber.java:55)
	at org.junit.runners.ParentRunner$3.run(ParentRunner.java:290)
	at org.junit.runners.ParentRunner$1.schedule(ParentRunner.java:71)
	at org.junit.runners.ParentRunner.runChildren(ParentRunner.java:288)
	at org.junit.runners.ParentRunner.access$000(ParentRunner.java:58)
	at org.junit.runners.ParentRunner$2.evaluate(ParentRunner.java:268)
	at cucumber.api.junit.Cucumber$1.evaluate(Cucumber.java:126)
	at org.junit.runners.ParentRunner.run(ParentRunner.java:363)
	at org.apache.maven.surefire.junit4.JUnit4Provider.execute(JUnit4Provider.java:365)
	at org.apache.maven.surefire.junit4.JUnit4Provider.executeWithRerun(JUnit4Provider.java:272)
	at org.apache.maven.surefire.junit4.JUnit4Provider.executeTestSet(JUnit4Provider.java:236)
	at org.apache.maven.surefire.junit4.JUnit4Provider.invoke(JUnit4Provider.java:159)
	at org.apache.maven.surefire.booter.ForkedBooter.invokeProviderInSameClassLoader(ForkedBooter.java:386)
	at org.apache.maven.surefire.booter.ForkedBooter.runSuitesInProcess(ForkedBooter.java:323)
	at org.apache.maven.surefire.booter.ForkedBooter.main(ForkedBooter.java:143)
&amp#27;[0m
]]></system-out>
    <system-err><![CDATA[[main] INFO net.thucydides.core.steps.ConsoleLoggingListener - 
        __    _____ _____ ____ _____   ____   _    ____  ____  _____ ____  
  _     \ \  |_   _| ____/ ___|_   _| |  _ \ / \  / ___|/ ___|| ____|  _ \ 
 (_)_____| |   | | |  _| \___ \ | |   | |_) / _ \ \___ \\___ \|  _| | | | |
  _|_____| |   | | | |___ ___) || |   |  __/ ___ \ ___) |___) | |___| |_| |
 (_)     | |   |_| |_____|____/ |_|   |_| /_/   \_\____/|____/|_____|____/ 
        /_/                                                                

TEST PASSED: Click on federal Hierancy
----------------------------------------------------------------------------
[main] INFO net.thucydides.core.steps.ConsoleLoggingListener - 
 _____ _____ ____ _____   ____ _____  _    ____ _____ _____ ____  
|_   _| ____/ ___|_   _| / ___|_   _|/ \  |  _ \_   _| ____|  _ \ 
  | | |  _| \___ \ | |   \___ \ | | / _ \ | |_) || | |  _| | | | |
  | | | |___ ___) || |    ___) || |/ ___ \|  _ < | | | |___| |_| |
  |_| |_____|____/ |_|   |____/ |_/_/   \_\_| \_\|_| |_____|____/ 
                                                                  

TEST STARTED: Date field expection
-------------------------------------------------------------------(validate-error-meaasage-in-sub-tier-page;date-field-expection)
[main] INFO gov.gsa.sam.stepdefinition.NegEditDepartmentSubTierStepDef - user click on agency details button
[main] INFO gov.gsa.sam.stepdefinition.NegEditDepartmentSubTierStepDef - ^user click submit agency details$
[main] INFO gov.gsa.sam.stepdefinition.NegEditDepartmentSubTierStepDef - Month$$$$$$$$$$$$$$$$$$$$$$$$$$$$$$$$$$$$$$$$$$$$$$
[main] ERROR net.thucydides.core.steps.ConsoleLoggingListener - 
           __  _____ _____ ____ _____   _____ _    ___ _     _____ ____  
  _       / / |_   _| ____/ ___|_   _| |  ___/ \  |_ _| |   | ____|  _ \ 
 (_)_____| |    | | |  _| \___ \ | |   | |_ / _ \  | || |   |  _| | | | |
  _|_____| |    | | | |___ ___) || |   |  _/ ___ \ | || |___| |___| |_| |
 (_)     | |    |_| |_____|____/ |_|   |_|/_/   \_\___|_____|_____|____/ 
          \_\                                                            

TEST FAILED WITH ERROR: Date field expection
---------------------------------------------------------------------
[main] ERROR net.thucydides.core.steps.ConsoleLoggingListener - TEST FAILED AT STEP Then date field Expection
[main] ERROR net.thucydides.core.steps.ConsoleLoggingListener - Cannot locate an element using By.xpath: //*[@id="primary-content"]/ng-component/div/div[1]/div[3]/div[6]/form/sam-fieldset-wrapper/div/fieldset/sam-date/sam-fieldset-wrapper/div/fieldset/span
]]></system-err>
  </testcase>
  <testcase name="Super Admin Edit SubTier" classname="Validate error meaasage in sub tier page" time="16.244"/>
  <testcase name="Super Admin Edit SubTier" classname="Validate error meaasage in sub tier page" time="7.825"/>
  <testcase name="0ne" classname="Validate error meaasage in sub tier page" time="15.039"/>
  <testcase name="Agency Code Field Edit SubTier" classname="Validate error meaasage in sub tier page" time="7.475"/>
  <testcase name="two" classname="Validate error meaasage in sub tier page" time="15.047"/>
  <testcase name="browser sign out" classname="Validate error meaasage in sub tier page" time="8.414"/>
  <testcase name="Log into the GSA website as createDepartment" classname="Editing Request Office Page" time="85.894"/>
  <testcase name="Account name" classname="Editing Request Office Page" time="29.51"/>
  <testcase name="My Workspace" classname="Editing Request Office Page" time="75.761"/>
  <testcase name="Edit request office positive scenarios" classname="Editing Request Office Page" time="742.465"/>
  <testcase name="Log into the GSA website" classname="Create and Editing department and sub tier" time="12.119">
    <error message="no such element: Unable to locate element: {&quot;method&quot;:&quot;xpath&quot;,&quot;selector&quot;:&quot;//*[@id=&quot;signin-button&quot;]&quot;}&#10;  (Session info: chrome=73.0.3683.86)&#10;  (Driver info: chromedriver=2.38.552522 (437e6fbedfa8762dec75e2c5b3ddb86763dc9dcb),platform=Windows NT 6.1.7601 SP1 x86_64) (WARNING: The server did not provide any stacktrace information)&#10;Command duration or timeout: 0 milliseconds&#10;For documentation on this error, please visit: http://seleniumhq.org/exceptions/no_such_element.html&#10;Build info: version: &apos;3.11.0&apos;, revision: &apos;e59cfb3&apos;, time: &apos;2018-03-11T20:26:55.152Z&apos;&#10;System info: host: &apos;I07R7C-AF1F18&apos;, ip: &apos;172.21.72.72&apos;, os.name: &apos;Windows 7&apos;, os.arch: &apos;amd64&apos;, os.version: &apos;6.1&apos;, java.version: &apos;1.8.0_191&apos;&#10;Driver info: org.openqa.selenium.remote.RemoteWebDriver&#10;Capabilities {acceptInsecureCerts: false, acceptSslCerts: false, applicationCacheEnabled: false, browserConnectionEnabled: false, browserName: chrome, chrome: {chromedriverVersion: 2.38.552522 (437e6fbedfa876..., userDataDir: C:\Users\SH359E~1\AppData\L...}, cssSelectorsEnabled: true, databaseEnabled: false, handlesAlerts: true, hasTouchScreen: false, javascriptEnabled: true, locationContextEnabled: true, mobileEmulationEnabled: false, nativeEvents: true, networkConnectionEnabled: false, pageLoadStrategy: normal, platform: XP, platformName: XP, rotatable: false, setWindowRect: true, takesHeapSnapshot: true, takesScreenshot: true, unexpectedAlertBehaviour: , unhandledPromptBehavior: , version: 73.0.3683.86, webStorageEnabled: true}&#10;Session ID: 1d62cde8d7afcea7cfd0fb49b4835e97&#10;*** Element info: {Using=xpath, value=//*[@id=&quot;signin-button&quot;]}" type="org.openqa.selenium.NoSuchElementException">org.openqa.selenium.NoSuchElementException: 
no such element: Unable to locate element: {"method":"xpath","selector":"//*[@id="signin-button"]"}
  (Session info: chrome=73.0.3683.86)
  (Driver info: chromedriver=2.38.552522 (437e6fbedfa8762dec75e2c5b3ddb86763dc9dcb),platform=Windows NT 6.1.7601 SP1 x86_64) (WARNING: The server did not provide any stacktrace information)
Command duration or timeout: 0 milliseconds
For documentation on this error, please visit: http://seleniumhq.org/exceptions/no_such_element.html
Build info: version: '3.11.0', revision: 'e59cfb3', time: '2018-03-11T20:26:55.152Z'
System info: host: 'I07R7C-AF1F18', ip: '172.21.72.72', os.name: 'Windows 7', os.arch: 'amd64', os.version: '6.1', java.version: '1.8.0_191'
Driver info: org.openqa.selenium.remote.RemoteWebDriver
Capabilities {acceptInsecureCerts: false, acceptSslCerts: false, applicationCacheEnabled: false, browserConnectionEnabled: false, browserName: chrome, chrome: {chromedriverVersion: 2.38.552522 (437e6fbedfa876..., userDataDir: C:\Users\SH359E~1\AppData\L...}, cssSelectorsEnabled: true, databaseEnabled: false, handlesAlerts: true, hasTouchScreen: false, javascriptEnabled: true, locationContextEnabled: true, mobileEmulationEnabled: false, nativeEvents: true, networkConnectionEnabled: false, pageLoadStrategy: normal, platform: XP, platformName: XP, rotatable: false, setWindowRect: true, takesHeapSnapshot: true, takesScreenshot: true, unexpectedAlertBehaviour: , unhandledPromptBehavior: , version: 73.0.3683.86, webStorageEnabled: true}
Session ID: 1d62cde8d7afcea7cfd0fb49b4835e97
*** Element info: {Using=xpath, value=//*[@id="signin-button"]}
</error>
    <system-out><![CDATA[
@DepartmentCreated
Feature: Create and Editing department and sub tier
	     1) Create department
         2) Editing department
         3) Create sub tier
         4) Editing sub tier
         5) Create Office
         6) Profile Page

  @DepartmentCreated @otp
  Scenario: Log into the GSA website                                       &amp#27;[90m# src/test/resources/features/createDepartment.feature:11&amp#27;[0m
****COMP_HOME_PAGE. driver::WebDriverFacade for chrome
One::COMP_HOME_PAGE
HI::COMP_HOME_PAGE
    &amp#27;[32mAnd &amp#27;[0m&amp#27;[32mThe user enters environment department &amp#27;[0m&amp#27;[32m&amp#27;[1mCOMP_HOME_PAGE&amp#27;[0m              &amp#27;[90m# CreateDepartmentStepDef.the_user_enters_a_URL1(String)&amp#27;[0m
    &amp#27;[31mAnd &amp#27;[0m&amp#27;[31mThe user click on department sign in link&amp#27;[0m                          &amp#27;[90m# CreateDepartmentStepDef.the_user_click_on_sign_in_link1()&amp#27;[0m
      &amp#27;[31morg.openqa.selenium.NoSuchElementException: no such element: Unable to locate element: {"method":"xpath","selector":"//*[@id="signin-button"]"}
  (Session info: chrome=73.0.3683.86)
  (Driver info: chromedriver=2.38.552522 (437e6fbedfa8762dec75e2c5b3ddb86763dc9dcb),platform=Windows NT 6.1.7601 SP1 x86_64) (WARNING: The server did not provide any stacktrace information)
Command duration or timeout: 0 milliseconds
For documentation on this error, please visit: http://seleniumhq.org/exceptions/no_such_element.html
Build info: version: '3.11.0', revision: 'e59cfb3', time: '2018-03-11T20:26:55.152Z'
System info: host: 'I07R7C-AF1F18', ip: '172.21.72.72', os.name: 'Windows 7', os.arch: 'amd64', os.version: '6.1', java.version: '1.8.0_191'
Driver info: org.openqa.selenium.remote.RemoteWebDriver
Capabilities {acceptInsecureCerts: false, acceptSslCerts: false, applicationCacheEnabled: false, browserConnectionEnabled: false, browserName: chrome, chrome: {chromedriverVersion: 2.38.552522 (437e6fbedfa876..., userDataDir: C:\Users\SH359E~1\AppData\L...}, cssSelectorsEnabled: true, databaseEnabled: false, handlesAlerts: true, hasTouchScreen: false, javascriptEnabled: true, locationContextEnabled: true, mobileEmulationEnabled: false, nativeEvents: true, networkConnectionEnabled: false, pageLoadStrategy: normal, platform: XP, platformName: XP, rotatable: false, setWindowRect: true, takesHeapSnapshot: true, takesScreenshot: true, unexpectedAlertBehaviour: , unhandledPromptBehavior: , version: 73.0.3683.86, webStorageEnabled: true}
Session ID: 1d62cde8d7afcea7cfd0fb49b4835e97
*** Element info: {Using=xpath, value=//*[@id="signin-button"]}
	at sun.reflect.NativeConstructorAccessorImpl.newInstance0(Native Method)
	at sun.reflect.NativeConstructorAccessorImpl.newInstance(NativeConstructorAccessorImpl.java:62)
	at sun.reflect.DelegatingConstructorAccessorImpl.newInstance(DelegatingConstructorAccessorImpl.java:45)
	at java.lang.reflect.Constructor.newInstance(Constructor.java:423)
	at org.openqa.selenium.remote.ErrorHandler.createThrowable(ErrorHandler.java:214)
	at org.openqa.selenium.remote.ErrorHandler.throwIfResponseFailed(ErrorHandler.java:166)
	at org.openqa.selenium.remote.http.JsonHttpResponseCodec.reconstructValue(JsonHttpResponseCodec.java:40)
	at org.openqa.selenium.remote.http.AbstractHttpResponseCodec.decode(AbstractHttpResponseCodec.java:80)
	at org.openqa.selenium.remote.http.AbstractHttpResponseCodec.decode(AbstractHttpResponseCodec.java:44)
	at org.openqa.selenium.remote.HttpCommandExecutor.execute(HttpCommandExecutor.java:158)
	at org.openqa.selenium.remote.RemoteWebDriver.execute(RemoteWebDriver.java:545)
	at org.openqa.selenium.remote.RemoteWebDriver.findElement(RemoteWebDriver.java:319)
	at org.openqa.selenium.remote.RemoteWebDriver.findElementByXPath(RemoteWebDriver.java:421)
	at org.openqa.selenium.By$ByXPath.findElement(By.java:361)
	at org.openqa.selenium.remote.RemoteWebDriver.findElement(RemoteWebDriver.java:311)
	at net.thucydides.core.webdriver.WebDriverFacade.findElement(WebDriverFacade.java:231)
	at gov.gsa.sam.stepdefinition.CreateDepartmentStepDef.the_user_click_on_sign_in_link1(CreateDepartmentStepDef.java:244)
	at ?.The user click on department sign in link(src/test/resources/features/createDepartment.feature:14)
&amp#27;[0m
    &amp#27;[36mAnd &amp#27;[0m&amp#27;[36mThen click on department accept button&amp#27;[0m                             &amp#27;[90m# CreateDepartmentStepDef.then_click_accept_button1()&amp#27;[0m
    &amp#27;[36mAnd &amp#27;[0m&amp#27;[36mThe user enters the department email id &amp#27;[0m&amp#27;[36m&amp#27;[1mcreateDepartment&amp#27;[0m           &amp#27;[90m# CreateDepartmentStepDef.the_user_enters_the_email_id1(String)&amp#27;[0m
    &amp#27;[36mAnd &amp#27;[0m&amp#27;[36mThe user enters the department password &amp#27;[0m&amp#27;[36m&amp#27;[1malertadminPassword1&amp#27;[0m        &amp#27;[90m# CreateDepartmentStepDef.the_user_enters_the_password1(String)&amp#27;[0m
    &amp#27;[36mThen &amp#27;[0m&amp#27;[36mThe user click on department sign in button&amp#27;[0m                       &amp#27;[90m# CreateDepartmentStepDef.the_user_click_on_sign_in_button1()&amp#27;[0m
    &amp#27;[36mAnd &amp#27;[0m&amp#27;[36mThe user want to receive your one time department password &amp#27;[0m&amp#27;[36m&amp#27;[1mmyEmail&amp#27;[0m &amp#27;[90m# CreateDepartmentStepDef.the_user_want_to_receive_your_one_time_password1(String)&amp#27;[0m
    &amp#27;[36mAnd &amp#27;[0m&amp#27;[36mThe user enters department one time access code&amp#27;[0m                    &amp#27;[90m# CreateDepartmentStepDef.the_user_enters_one_time_access_code1()&amp#27;[0m
    &amp#27;[36mThen &amp#27;[0m&amp#27;[36mThe user click on department one time submit button&amp#27;[0m               &amp#27;[90m# CreateDepartmentStepDef.the_user_click_on_one_time_submit_button1()&amp#27;[0m
]]></system-out>
    <system-err><![CDATA[[main] INFO net.thucydides.core.steps.ConsoleLoggingListener - 
        __    _____ _____ ____ _____   ____   _    ____  ____  _____ ____  
  _     \ \  |_   _| ____/ ___|_   _| |  _ \ / \  / ___|/ ___|| ____|  _ \ 
 (_)_____| |   | | |  _| \___ \ | |   | |_) / _ \ \___ \\___ \|  _| | | | |
  _|_____| |   | | | |___ ___) || |   |  __/ ___ \ ___) |___) | |___| |_| |
 (_)     | |   |_| |_____|____/ |_|   |_| /_/   \_\____/|____/|_____|____/ 
        /_/                                                                

TEST PASSED: Edit request office positive scenarios
----------------------------------------------------------------------------
[main] INFO net.thucydides.core.steps.ConsoleLoggingListener - 
 _____ _____ ____ _____   ____ _____  _    ____ _____ _____ ____  
|_   _| ____/ ___|_   _| / ___|_   _|/ \  |  _ \_   _| ____|  _ \ 
  | | |  _| \___ \ | |   \___ \ | | / _ \ | |_) || | |  _| | | | |
  | | | |___ ___) || |    ___) || |/ ___ \|  _ < | | | |___| |_| |
  |_| |_____|____/ |_|   |____/ |_/_/   \_\_| \_\|_| |_____|____/ 
                                                                  

TEST STARTED: Log into the GSA website
-------------------------------------------------------------------(create-and-editing-department-and-sub-tier;log-into-the-gsa-website)
[main] ERROR net.thucydides.core.steps.ConsoleLoggingListener - 
           __  _____ _____ ____ _____   _____ _    ___ _     _____ ____  
  _       / / |_   _| ____/ ___|_   _| |  ___/ \  |_ _| |   | ____|  _ \ 
 (_)_____| |    | | |  _| \___ \ | |   | |_ / _ \  | || |   |  _| | | | |
  _|_____| |    | | | |___ ___) || |   |  _/ ___ \ | || |___| |___| |_| |
 (_)     | |    |_| |_____|____/ |_|   |_|/_/   \_\___|_____|_____|____/ 
          \_\                                                            

TEST FAILED WITH ERROR: Log into the GSA website
---------------------------------------------------------------------
[main] ERROR net.thucydides.core.steps.ConsoleLoggingListener - TEST FAILED AT STEP And The user click on department sign in link
[main] ERROR net.thucydides.core.steps.ConsoleLoggingListener - no such element: Unable to locate element: {"method":"xpath","selector":"//*[@id="signin-button"]"}  (Session info: chrome=73.0.3683.86)  (Driver info: chromedriver=2.38.552522 (437e6fbedfa8762dec75e2c5b3ddb86763dc9dcb),platform=Windows NT 6.1.7601 SP1 x86_64) (WARNING: The server did not provide any stacktrace information)Command duration or timeout: 0 millisecondsFor documentation on this error, please visit: http://seleniumhq.org/exceptionso_such_element.htmlBuild info: version: '3.11.0', revision: 'e59cfb3', time: '2018-03-11T20:26:55.152Z'System info: host: 'I07R7C-AF1F18', ip: '172.21.72.72', os.name: 'Windows 7', os.arch: 'amd64', os.version: '6.1', java.version: '1.8.0_191'Driver info: org.openqa.selenium.remote.RemoteWebDriverCapabilities {acceptInsecureCerts: false, acceptSslCerts: false, applicationCacheEnabled: false, browserConnectionEnabled: false, browserName: chrome, chrome: {chromedriverVersion: 2.38.552522 (437e6fbedfa876..., userDataDir: C:\Users\SH359E~1\AppData\L...}, cssSelectorsEnabled: true, databaseEnabled: false, handlesAlerts: true, hasTouchScreen: false, javascriptEnabled: true, locationContextEnabled: true, mobileEmulationEnabled: false, nativeEvents: true, networkConnectionEnabled: false, pageLoadStrategy: normal, platform: XP, platformName: XP, rotatable: false, setWindowRect: true, takesHeapSnapshot: true, takesScreenshot: true, unexpectedAlertBehaviour: , unhandledPromptBehavior: , version: 73.0.3683.86, webStorageEnabled: true}Session ID: 1d62cde8d7afcea7cfd0fb49b4835e97*** Element info: {Using=xpath, value=//*[@id="signin-button"]}For documentation on this error, please visit: http://seleniumhq.org/exceptionso_such_element.htmlBuild info: version: '3.11.0', revision: 'e59cfb3', time: '2018-03-11T20:26:55.152Z'System info: host: 'I07R7C-AF1F18', ip: '172.21.72.72', os.name: 'Windows 7', os.arch: 'amd64', os.version: '6.1', java.version: '1.8.0_191'Driver info: driver.version: unknown
]]></system-err>
  </testcase>
  <testcase name="Account name" classname="Create and Editing department and sub tier" time="31.364"/>
  <testcase name="Create department" classname="Create and Editing department and sub tier" time="89"/>
  <testcase name="Edit Department" classname="Create and Editing department and sub tier" time="68.326"/>
  <testcase name="Create Sub Tier" classname="Create and Editing department and sub tier" time="43.204"/>
  <testcase name="Edit Sub Tier" classname="Create and Editing department and sub tier" time="45.268"/>
  <testcase name="Create office" classname="Create and Editing department and sub tier" time="162.929">
    <error message="no such element: Unable to locate element: {&quot;method&quot;:&quot;xpath&quot;,&quot;selector&quot;:&quot;//*[@id=&quot;main-container&quot;]/ng-component/div/div/div[2]/page/div/div/div[2]/div/div[1]/div[2]/div/div[2]/div[2]/sam-address-form-v2/div/div[1]/h3/span&quot;}&#10;  (Session info: chrome=73.0.3683.86)&#10;  (Driver info: chromedriver=2.38.552522 (437e6fbedfa8762dec75e2c5b3ddb86763dc9dcb),platform=Windows NT 6.1.7601 SP1 x86_64) (WARNING: The server did not provide any stacktrace information)&#10;Command duration or timeout: 0 milliseconds&#10;For documentation on this error, please visit: http://seleniumhq.org/exceptions/no_such_element.html&#10;Build info: version: &apos;3.11.0&apos;, revision: &apos;e59cfb3&apos;, time: &apos;2018-03-11T20:26:55.152Z&apos;&#10;System info: host: &apos;I07R7C-AF1F18&apos;, ip: &apos;172.21.72.72&apos;, os.name: &apos;Windows 7&apos;, os.arch: &apos;amd64&apos;, os.version: &apos;6.1&apos;, java.version: &apos;1.8.0_191&apos;&#10;Driver info: org.openqa.selenium.remote.RemoteWebDriver&#10;Capabilities {acceptInsecureCerts: false, acceptSslCerts: false, applicationCacheEnabled: false, browserConnectionEnabled: false, browserName: chrome, chrome: {chromedriverVersion: 2.38.552522 (437e6fbedfa876..., userDataDir: C:\Users\SH359E~1\AppData\L...}, cssSelectorsEnabled: true, databaseEnabled: false, handlesAlerts: true, hasTouchScreen: false, javascriptEnabled: true, locationContextEnabled: true, mobileEmulationEnabled: false, nativeEvents: true, networkConnectionEnabled: false, pageLoadStrategy: normal, platform: XP, platformName: XP, rotatable: false, setWindowRect: true, takesHeapSnapshot: true, takesScreenshot: true, unexpectedAlertBehaviour: , unhandledPromptBehavior: , version: 73.0.3683.86, webStorageEnabled: true}&#10;Session ID: 1d62cde8d7afcea7cfd0fb49b4835e97&#10;*** Element info: {Using=xpath, value=//*[@id=&quot;main-container&quot;]/ng-component/div/div/div[2]/page/div/div/div[2]/div/div[1]/div[2]/div/div[2]/div[2]/sam-address-form-v2/div/div[1]/h3/span}" type="org.openqa.selenium.NoSuchElementException">org.openqa.selenium.NoSuchElementException: 
no such element: Unable to locate element: {"method":"xpath","selector":"//*[@id="main-container"]/ng-component/div/div/div[2]/page/div/div/div[2]/div/div[1]/div[2]/div/div[2]/div[2]/sam-address-form-v2/div/div[1]/h3/span"}
  (Session info: chrome=73.0.3683.86)
  (Driver info: chromedriver=2.38.552522 (437e6fbedfa8762dec75e2c5b3ddb86763dc9dcb),platform=Windows NT 6.1.7601 SP1 x86_64) (WARNING: The server did not provide any stacktrace information)
Command duration or timeout: 0 milliseconds
For documentation on this error, please visit: http://seleniumhq.org/exceptions/no_such_element.html
Build info: version: '3.11.0', revision: 'e59cfb3', time: '2018-03-11T20:26:55.152Z'
System info: host: 'I07R7C-AF1F18', ip: '172.21.72.72', os.name: 'Windows 7', os.arch: 'amd64', os.version: '6.1', java.version: '1.8.0_191'
Driver info: org.openqa.selenium.remote.RemoteWebDriver
Capabilities {acceptInsecureCerts: false, acceptSslCerts: false, applicationCacheEnabled: false, browserConnectionEnabled: false, browserName: chrome, chrome: {chromedriverVersion: 2.38.552522 (437e6fbedfa876..., userDataDir: C:\Users\SH359E~1\AppData\L...}, cssSelectorsEnabled: true, databaseEnabled: false, handlesAlerts: true, hasTouchScreen: false, javascriptEnabled: true, locationContextEnabled: true, mobileEmulationEnabled: false, nativeEvents: true, networkConnectionEnabled: false, pageLoadStrategy: normal, platform: XP, platformName: XP, rotatable: false, setWindowRect: true, takesHeapSnapshot: true, takesScreenshot: true, unexpectedAlertBehaviour: , unhandledPromptBehavior: , version: 73.0.3683.86, webStorageEnabled: true}
Session ID: 1d62cde8d7afcea7cfd0fb49b4835e97
*** Element info: {Using=xpath, value=//*[@id="main-container"]/ng-component/div/div/div[2]/page/div/div/div[2]/div/div[1]/div[2]/div/div[2]/div[2]/sam-address-form-v2/div/div[1]/h3/span}
</error>
    <system-out><![CDATA[
  @RequestOffice
  Scenario Outline: Create office &amp#27;[90m# src/test/resources/features/createDepartment.feature:119&amp#27;[0m
    &amp#27;[36mGiven Click on edit button&amp#27;[0m
    &amp#27;[36mAnd The user enters office details Name <officeDetails>&amp#27;[0m
    &amp#27;[36mAnd The user enters create office start month <startMonth>&amp#27;[0m
    &amp#27;[36mAnd The user enters create office start day <startDay>&amp#27;[0m
    &amp#27;[36mAnd The user enters create office start year <startYear>&amp#27;[0m
    &amp#27;[36mAnd The user enters create office end month <EndMonth>&amp#27;[0m
    &amp#27;[36mAnd The user enters create office end day <EndDay>&amp#27;[0m
    &amp#27;[36mAnd The user enters create office end year <EndYear>&amp#27;[0m
    &amp#27;[36mAnd The user enters office short name <ShortName>&amp#27;[0m
    &amp#27;[36mAnd The user enters office office region <OfficeRegion>&amp#27;[0m
    &amp#27;[36mAnd The user enters office ACC <ACC>&amp#27;[0m
    &amp#27;[36mAnd The user enters POC check box <POCCheckBox>&amp#27;[0m
    &amp#27;[36mAnd The user enters POC name <POCName>&amp#27;[0m
    &amp#27;[36mAnd The user enters POC Email <POCEmail>&amp#27;[0m
    &amp#27;[36mAnd The user enters POC Number <POCNumber>&amp#27;[0m
    &amp#27;[36mAnd The user select office type contract Awards <contractAwards>&amp#27;[0m
    &amp#27;[36mAnd The user enters contract Awards start month <contractAwardsstartMonth>&amp#27;[0m
    &amp#27;[36mAnd The user enters contract Awards start day <contractAwardsstartDay>&amp#27;[0m
    &amp#27;[36mAnd The user enters contract Awards start year <contractAwardsstartYear>&amp#27;[0m
    &amp#27;[36mAnd The user enters contract Awards end month <contractAwardsEndMonth>&amp#27;[0m
    &amp#27;[36mAnd The user enters contract Awards end day <contractAwardsEndDay>&amp#27;[0m
    &amp#27;[36mAnd The user enters contract Awards end year <contractAwardsEndYear>&amp#27;[0m
    &amp#27;[36mAnd The user select office type Financial Awards <FinancialAwards>&amp#27;[0m
    &amp#27;[36mAnd The user enters Financial Awards start month <FinancialAwardsstartMonth>&amp#27;[0m
    &amp#27;[36mAnd The user enters Financial Awards start day <FinancialAwardsstartDay>&amp#27;[0m
    &amp#27;[36mAnd The user enters Financial Awards start year <FinancialAwardsstartYear>&amp#27;[0m
    &amp#27;[36mAnd The user enters Financial Awards end month <FinancialAwardsEndMonth>&amp#27;[0m
[...]
    &amp#27;[36mThen The user click on Confirmation create office button&amp#27;[0m
    &amp#27;[36mAnd Click on edit button on confirmation office Request page&amp#27;[0m
    &amp#27;[36mAnd Deselect Contract Awards&amp#27;[0m
    &amp#27;[36mAnd The user select office type contract funding  <Contractfunding>&amp#27;[0m
    &amp#27;[36mAnd The user select office type Financial Awards <FinancialAwards>&amp#27;[0m
    &amp#27;[36mAnd The user enters awards office TAC3 street address <address3>&amp#27;[0m
    &amp#27;[36mAnd The user enters TAC3 country <country3>&amp#27;[0m
    &amp#27;[36mAnd The enters TAC3 zip <Zip3>&amp#27;[0m
    &amp#27;[36mAnd The enters TAC3 city <officeCity3>&amp#27;[0m
    &amp#27;[36mAnd The enters TAC3 state <state3>&amp#27;[0m
    &amp#27;[36mThen Shipping address word Required is visible&amp#27;[0m
    &amp#27;[36mThen Billing address word Required is visible&amp#27;[0m
    &amp#27;[36mThen Shipping address TAC2 cross symbol is visible&amp#27;[0m
    &amp#27;[36mThen Billing address TAC3 cross symbol is visible&amp#27;[0m
    &amp#27;[36mThen The user click on submit create office button&amp#27;[0m
    &amp#27;[36mThen The user click on Confirmation create office button&amp#27;[0m
    &amp#27;[36mAnd Click on close button on office Request page&amp#27;[0m

    Examples: 

  @negativeOffice @OfficeAddress4
  Scenario Outline: Validation on office address error messages  &amp#27;[90m# src/test/resources/features/negRequestOffice.feature:296&amp#27;[0m
    &amp#27;[32mAnd &amp#27;[0m&amp#27;[32mScroll up&amp#27;[0m                                                &amp#27;[90m# FeedsStepDef.Scroll_up()&amp#27;[0m
    &amp#27;[31mGiven &amp#27;[0m&amp#27;[31mUser click on subTier breadcrumb link&amp#27;[0m                  &amp#27;[90m# NegRequestOfficeStepDef.User_click_on_subTier_breadcrumb_link()&amp#27;[0m
      &amp#27;[31morg.openqa.selenium.NoSuchElementException: no such element: Unable to locate element: {"method":"xpath","selector":"//*[@id="main-container"]/ng-component/div/div/div[2]/page/div/div/div[1]/div/sam-breadcrumbs/ul/li[4]/a"}
  (Session info: chrome=73.0.3683.86)
  (Driver info: chromedriver=2.38.552522 (437e6fbedfa8762dec75e2c5b3ddb86763dc9dcb),platform=Windows NT 6.1.7601 SP1 x86_64) (WARNING: The server did not provide any stacktrace information)
Command duration or timeout: 0 milliseconds
For documentation on this error, please visit: http://seleniumhq.org/exceptions/no_such_element.html
Build info: version: '3.11.0', revision: 'e59cfb3', time: '2018-03-11T20:26:55.152Z'
System info: host: 'I07R7C-AF1F18', ip: '172.21.72.72', os.name: 'Windows 7', os.arch: 'amd64', os.version: '6.1', java.version: '1.8.0_191'
Driver info: org.openqa.selenium.remote.RemoteWebDriver
Capabilities {acceptInsecureCerts: false, acceptSslCerts: false, applicationCacheEnabled: false, browserConnectionEnabled: false, browserName: chrome, chrome: {chromedriverVersion: 2.38.552522 (437e6fbedfa876..., userDataDir: C:\Users\SH359E~1\AppData\L...}, cssSelectorsEnabled: true, databaseEnabled: false, handlesAlerts: true, hasTouchScreen: false, javascriptEnabled: true, locationContextEnabled: true, mobileEmulationEnabled: false, nativeEvents: true, networkConnectionEnabled: false, pageLoadStrategy: normal, platform: XP, platformName: XP, rotatable: false, setWindowRect: true, takesHeapSnapshot: true, takesScreenshot: true, unexpectedAlertBehaviour: , unhandledPromptBehavior: , version: 73.0.3683.86, webStorageEnabled: true}
Session ID: 64b81c4f3df0c7a01590797b0bf9d7d4
*** Element info: {Using=xpath, value=//*[@id="main-container"]/ng-component/div/div/div[2]/page/div/div/div[1]/div/sam-breadcrumbs/ul/li[4]/a}
	at sun.reflect.GeneratedConstructorAccessor31.newInstance(Unknown Source)
	at sun.reflect.DelegatingConstructorAccessorImpl.newInstance(DelegatingConstructorAccessorImpl.java:45)
	at java.lang.reflect.Constructor.newInstance(Constructor.java:423)
	at org.openqa.selenium.remote.ErrorHandler.createThrowable(ErrorHandler.java:214)
	at org.openqa.selenium.remote.ErrorHandler.throwIfResponseFailed(ErrorHandler.java:166)
	at org.openqa.selenium.remote.http.JsonHttpResponseCodec.reconstructValue(JsonHttpResponseCodec.java:40)
	at org.openqa.selenium.remote.http.AbstractHttpResponseCodec.decode(AbstractHttpResponseCodec.java:80)
	at org.openqa.selenium.remote.http.AbstractHttpResponseCodec.decode(AbstractHttpResponseCodec.java:44)
	at org.openqa.selenium.remote.HttpCommandExecutor.execute(HttpCommandExecutor.java:158)
	at org.openqa.selenium.remote.RemoteWebDriver.execute(RemoteWebDriver.java:545)
	at org.openqa.selenium.remote.RemoteWebDriver.findElement(RemoteWebDriver.java:319)
	at org.openqa.selenium.remote.RemoteWebDriver.findElementByXPath(RemoteWebDriver.java:421)
	at org.openqa.selenium.By$ByXPath.findElement(By.java:361)
	at org.openqa.selenium.remote.RemoteWebDriver.findElement(RemoteWebDriver.java:311)
	at net.thucydides.core.webdriver.WebDriverFacade.findElement(WebDriverFacade.java:231)
	at gov.gsa.sam.stepdefinition.NegRequestOfficeStepDef.User_click_on_subTier_breadcrumb_link(NegRequestOfficeStepDef.java:178)
	at ?.User click on subTier breadcrumb link(src/test/resources/features/negRequestOffice.feature:241)
&amp#27;[0m
    &amp#27;[36mGiven &amp#27;[0m&amp#27;[36mClick on edit button&amp#27;[0m                                   &amp#27;[90m# CreateOfficeStepDef.Create_office_submit_button()&amp#27;[0m
    &amp#27;[36mAnd &amp#27;[0m&amp#27;[36mThe user enters office details Name &amp#27;[0m&amp#27;[36m&amp#27;[1m&amp#27;[0m                     &amp#27;[90m# CreateOfficeStepDef.The_user_enters_office_details_Name(String)&amp#27;[0m
    &amp#27;[36mAnd &amp#27;[0m&amp#27;[36mThe user enters create office start month &amp#27;[0m&amp#27;[36m&amp#27;[1m&amp#27;[0m               &amp#27;[90m# CreateOfficeStepDef.The_user_enters_create_office_start_month(String)&amp#27;[0m
    &amp#27;[36mAnd &amp#27;[0m&amp#27;[36mThe user enters create office start day &amp#27;[0m&amp#27;[36m&amp#27;[1m&amp#27;[0m                 &amp#27;[90m# CreateOfficeStepDef.The_user_enters_create_office_start_day(String)&amp#27;[0m
    &amp#27;[36mAnd &amp#27;[0m&amp#27;[36mThe user enters create office start year &amp#27;[0m&amp#27;[36m&amp#27;[1m&amp#27;[0m                &amp#27;[90m# CreateOfficeStepDef.The_user_enters_create_office_start_year(String)&amp#27;[0m
    &amp#27;[36mAnd &amp#27;[0m&amp#27;[36mSelect Poc check box&amp#27;[0m                                     &amp#27;[90m# CreateOfficeStepDef.Select_Poc_check_box()&amp#27;[0m
    &amp#27;[36mAnd &amp#27;[0m&amp#27;[36mThe user select office type contract Awards &amp#27;[0m&amp#27;[36m&amp#27;[1m&amp#27;[0m             &amp#27;[90m# CreateOfficeStepDef.The_user_select_office_type_contracting(String)&amp#27;[0m
    &amp#27;[36mAnd &amp#27;[0m&amp#27;[36mClick on the mailing address plus symbol&amp#27;[0m                 &amp#27;[90m# NegRequestOfficeStepDef.Click_on_the_mailing_address_plus_symbol()&amp#27;[0m
    &amp#27;[36mAnd &amp#27;[0m&amp#27;[36mThe user enters street address &amp#27;[0m&amp#27;[36m&amp#27;[1m&amp#27;[0m                          &amp#27;[90m# CreateOfficeStepDef.The_user_enters_street_address(String)&amp#27;[0m
    &amp#27;[36mAnd &amp#27;[0m&amp#27;[36mThe user enters country &amp#27;[0m&amp#27;[36m&amp#27;[1m&amp#27;[0m                                 &amp#27;[90m# CreateOfficeStepDef.The_user_enters_country(String)&amp#27;[0m
    &amp#27;[36mAnd &amp#27;[0m&amp#27;[36mThe enters zip &amp#27;[0m&amp#27;[36m&amp#27;[1m&amp#27;[0m                                          &amp#27;[90m# CreateOfficeStepDef.The_enters_zip(String)&amp#27;[0m
    &amp#27;[36mAnd &amp#27;[0m&amp#27;[36mThe enters city &amp#27;[0m&amp#27;[36m&amp#27;[1m&amp#27;[0m                                         &amp#27;[90m# CreateOfficeStepDef.The_enters_city(String)&amp#27;[0m
    &amp#27;[36mAnd &amp#27;[0m&amp#27;[36mThe enters state &amp#27;[0m&amp#27;[36m&amp#27;[1m&amp#27;[0m                                        &amp#27;[90m# CreateOfficeStepDef.The_enters_state(String)&amp#27;[0m
    &amp#27;[36mAnd &amp#27;[0m&amp#27;[36mSelect address type&amp#27;[0m                                      &amp#27;[90m# NegRequestOfficeStepDef.Select_address_type()&amp#27;[0m
    &amp#27;[36mAnd &amp#27;[0m&amp#27;[36mClick on the first plus symbol&amp#27;[0m                           &amp#27;[90m# NegRequestOfficeStepDef.Click_on_the_first_plus_symbol()&amp#27;[0m
    &amp#27;[36mAnd &amp#27;[0m&amp#27;[36mThe user enters awards office TAC3 street address &amp#27;[0m&amp#27;[36m&amp#27;[1m&amp#27;[0m       &amp#27;[90m# CreateOfficeStepDef.The_user_entersawards_office_street_address_TAC3(String)&amp#27;[0m
    &amp#27;[36mAnd &amp#27;[0m&amp#27;[36mThe user enters TAC3 country &amp#27;[0m&amp#27;[36m&amp#27;[1m&amp#27;[0m                            &amp#27;[90m# CreateOfficeStepDef.The_user_enters_country_TAC3(String)&amp#27;[0m
    &amp#27;[36mAnd &amp#27;[0m&amp#27;[36mThe enters TAC3 zip &amp#27;[0m&amp#27;[36m&amp#27;[1m&amp#27;[0m                                     &amp#27;[90m# CreateOfficeStepDef.The_enters_zip_TAC3(String)&amp#27;[0m
    &amp#27;[36mAnd &amp#27;[0m&amp#27;[36mThe enters TAC3 city &amp#27;[0m&amp#27;[36m&amp#27;[1m&amp#27;[0m                                    &amp#27;[90m# CreateOfficeStepDef.The_enters_city_TAC3(String)&amp#27;[0m
    &amp#27;[36mAnd &amp#27;[0m&amp#27;[36mThe enters TAC3 state &amp#27;[0m&amp#27;[36m&amp#27;[1m&amp#27;[0m                                   &amp#27;[90m# CreateOfficeStepDef.The_enters_state_TAC3(String)&amp#27;[0m
    &amp#27;[36mAnd &amp#27;[0m&amp#27;[36mThe user enters awards office TAC2 street address &amp#27;[0m&amp#27;[36m&amp#27;[1m&amp#27;[0m       &amp#27;[90m# CreateOfficeStepDef.The_user_enters_awards_street_address_TAC2(String)&amp#27;[0m
    &amp#27;[36mAnd &amp#27;[0m&amp#27;[36mThe user enters TAC2 country &amp#27;[0m&amp#27;[36m&amp#27;[1m&amp#27;[0m                            &amp#27;[90m# CreateOfficeStepDef.The_user_enters_country_TAC2(String)&amp#27;[0m
    &amp#27;[36mAnd &amp#27;[0m&amp#27;[36mThe enters TAC2 zip &amp#27;[0m&amp#27;[36m&amp#27;[1m&amp#27;[0m                                     &amp#27;[90m# CreateOfficeStepDef.The_enters_zip_TAC2(String)&amp#27;[0m
    &amp#27;[36mAnd &amp#27;[0m&amp#27;[36mThe enters TAC2 city &amp#27;[0m&amp#27;[36m&amp#27;[1m&amp#27;[0m                                    &amp#27;[90m# CreateOfficeStepDef.The_enters_city_TAC2(String)&amp#27;[0m
    &amp#27;[36mAnd &amp#27;[0m&amp#27;[36mThe enters TAC2 state &amp#27;[0m&amp#27;[36m&amp#27;[1m&amp#27;[0m                                   &amp#27;[90m# CreateOfficeStepDef.The_enters_state_TAC2(String)&amp#27;[0m
    &amp#27;[36mThen &amp#27;[0m&amp#27;[36mShipping address TAC2 cross symbol is visible&amp#27;[0m           &amp#27;[90m# NegRequestOfficeStepDef.Shipping_address_TAC2_cross_symbol_is_visible()&amp#27;[0m
    &amp#27;[36mThen &amp#27;[0m&amp#27;[36mBilling address TAC3 cross symbol is visible&amp#27;[0m            &amp#27;[90m# NegRequestOfficeStepDef.Billing_address_TAC3_cross_symbol_is_visible()&amp#27;[0m
    &amp#27;[36mAnd &amp#27;[0m&amp#27;[36mClick on the second cross button&amp#27;[0m                         &amp#27;[90m# NegRequestOfficeStepDef.Click_on_the_second_cross_button()&amp#27;[0m
    &amp#27;[36mThen &amp#27;[0m&amp#27;[36mThe user click on submit create office button&amp#27;[0m           &amp#27;[90m# CreateOfficeStepDef.The_user_click_on_submit_create_office_button()&amp#27;[0m
    &amp#27;[36mThen &amp#27;[0m&amp#27;[36mThe user click on Confirmation create office button&amp#27;[0m     &amp#27;[90m# CreateOfficeStepDef.The_user_click_on_Confirmation_create_office_button()&amp#27;[0m
    &amp#27;[36mAnd &amp#27;[0m&amp#27;[36mClick on edit button on confirmation office Request page&amp#27;[0m &amp#27;[90m# NegRequestOfficeStepDef.Click_on_edit_button_on_confirmation_office_Request_page()&amp#27;[0m
    &amp#27;[36mAnd &amp#27;[0m&amp#27;[36mDeselect Contract Awards&amp#27;[0m                                 &amp#27;[90m# NegRequestOfficeStepDef.Deselect_Contract_Awards()&amp#27;[0m
    &amp#27;[36mAnd &amp#27;[0m&amp#27;[36mThe user select office type contract funding &amp#27;[0m&amp#27;[36m&amp#27;[1m &amp#27;[0m           &amp#27;[90m# CreateOfficeStepDef.The_user_select_office_type_other(String)&amp#27;[0m
    &amp#27;[36mAnd &amp#27;[0m&amp#27;[36mThe user select office type Financial Awards &amp#27;[0m&amp#27;[36m&amp#27;[1m&amp#27;[0m            &amp#27;[90m# CreateOfficeStepDef.The_user_select_office_type_grants(String)&amp#27;[0m
    &amp#27;[36mAnd &amp#27;[0m&amp#27;[36mThe user enters awards office TAC3 street address &amp#27;[0m&amp#27;[36m&amp#27;[1m&amp#27;[0m       &amp#27;[90m# CreateOfficeStepDef.The_user_entersawards_office_street_address_TAC3(String)&amp#27;[0m
    &amp#27;[36mAnd &amp#27;[0m&amp#27;[36mThe user enters TAC3 country &amp#27;[0m&amp#27;[36m&amp#27;[1m&amp#27;[0m                            &amp#27;[90m# CreateOfficeStepDef.The_user_enters_country_TAC3(String)&amp#27;[0m
    &amp#27;[36mAnd &amp#27;[0m&amp#27;[36mThe enters TAC3 zip &amp#27;[0m&amp#27;[36m&amp#27;[1m&amp#27;[0m                                     &amp#27;[90m# CreateOfficeStepDef.The_enters_zip_TAC3(String)&amp#27;[0m
    &amp#27;[36mAnd &amp#27;[0m&amp#27;[36mThe enters TAC3 city &amp#27;[0m&amp#27;[36m&amp#27;[1m&amp#27;[0m                                    &amp#27;[90m# CreateOfficeStepDef.The_enters_city_TAC3(String)&amp#27;[0m
    &amp#27;[36mAnd &amp#27;[0m&amp#27;[36mThe enters TAC3 state &amp#27;[0m&amp#27;[36m&amp#27;[1m&amp#27;[0m                                   &amp#27;[90m# CreateOfficeStepDef.The_enters_state_TAC3(String)&amp#27;[0m
    &amp#27;[36mThen &amp#27;[0m&amp#27;[36mShipping address word Required is visible&amp#27;[0m               &amp#27;[90m# NegRequestOfficeStepDef.Shipping_address_word_Required_is_visible()&amp#27;[0m
    &amp#27;[36mThen &amp#27;[0m&amp#27;[36mBilling address word Required is visible&amp#27;[0m                &amp#27;[90m# NegRequestOfficeStepDef.Billing_address_word_Required_is_visible()&amp#27;[0m
    &amp#27;[36mThen &amp#27;[0m&amp#27;[36mShipping address TAC2 cross symbol is visible&amp#27;[0m           &amp#27;[90m# NegRequestOfficeStepDef.Shipping_address_TAC2_cross_symbol_is_visible()&amp#27;[0m
    &amp#27;[36mThen &amp#27;[0m&amp#27;[36mBilling address TAC3 cross symbol is visible&amp#27;[0m            &amp#27;[90m# NegRequestOfficeStepDef.Billing_address_TAC3_cross_symbol_is_visible()&amp#27;[0m
    &amp#27;[36mThen &amp#27;[0m&amp#27;[36mThe user click on submit create office button&amp#27;[0m           &amp#27;[90m# CreateOfficeStepDef.The_user_click_on_submit_create_office_button()&amp#27;[0m
    &amp#27;[36mThen &amp#27;[0m&amp#27;[36mThe user click on Confirmation create office button&amp#27;[0m     &amp#27;[90m# CreateOfficeStepDef.The_user_click_on_Confirmation_create_office_button()&amp#27;[0m
    &amp#27;[36mAnd &amp#27;[0m&amp#27;[36mClick on close button on office Request page&amp#27;[0m             &amp#27;[90m# CreateOfficeStepDef.Click_on_close_button_on_office_Request_page()&amp#27;[0m
]]></system-out>
    <system-err><![CDATA[[main] ERROR net.thucydides.core.steps.ConsoleLoggingListener - 
           __  _____ _____ ____ _____   _____ _    ___ _     _____ ____  
  _       / / |_   _| ____/ ___|_   _| |  ___/ \  |_ _| |   | ____|  _ \ 
 (_)_____| |    | | |  _| \___ \ | |   | |_ / _ \  | || |   |  _| | | | |
  _|_____| |    | | | |___ ___) || |   |  _/ ___ \ | || |___| |___| |_| |
 (_)     | |    |_| |_____|____/ |_|   |_|/_/   \_\___|_____|_____|____/ 
          \_\                                                            

TEST FAILED WITH ERROR: Validation on Funding office types error messages
---------------------------------------------------------------------
[main] ERROR net.thucydides.core.steps.ConsoleLoggingListener - TEST FAILED AT STEP Given User click on subTier breadcrumb link
[main] ERROR net.thucydides.core.steps.ConsoleLoggingListener - expected:<[987]> but was:<[111]>
[main] INFO net.thucydides.core.steps.ConsoleLoggingListener - 
 _____ _____ ____ _____   ____ _____  _    ____ _____ _____ ____  
|_   _| ____/ ___|_   _| / ___|_   _|/ \  |  _ \_   _| ____|  _ \ 
  | | |  _| \___ \ | |   \___ \ | | / _ \ | |_) || | |  _| | | | |
  | | | |___ ___) || |    ___) || |/ ___ \|  _ < | | | |___| |_| |
  |_| |_____|____/ |_|   |____/ |_/_/   \_\_| \_\|_| |_____|____/ 
                                                                  

TEST STARTED: Validation on office address error messages
-------------------------------------------------------------------(validate-error-meaasage-in-office-page;validation-on-office-address-error-messages)
[main] INFO gov.gsa.sam.stepdefinition.FeedsStepDef - Scroll down
[main] ERROR net.thucydides.core.steps.ConsoleLoggingListener - 
           __  _____ _____ ____ _____   _____ _    ___ _     _____ ____  
  _       / / |_   _| ____/ ___|_   _| |  ___/ \  |_ _| |   | ____|  _ \ 
 (_)_____| |    | | |  _| \___ \ | |   | |_ / _ \  | || |   |  _| | | | |
  _|_____| |    | | | |___ ___) || |   |  _/ ___ \ | || |___| |___| |_| |
 (_)     | |    |_| |_____|____/ |_|   |_|/_/   \_\___|_____|_____|____/ 
          \_\                                                            

TEST FAILED WITH ERROR: Validation on office address error messages
---------------------------------------------------------------------
[main] ERROR net.thucydides.core.steps.ConsoleLoggingListener - TEST FAILED AT STEP Given User click on subTier breadcrumb link
[main] ERROR net.thucydides.core.steps.ConsoleLoggingListener - no such element: Unable to locate element: {"method":"xpath","selector":"//*[@id="main-container"]g-component/div/div/div[2]/page/div/div/div[1]/div/sam-breadcrumbs/ul/li[4]/a"}  (Session info: chrome=73.0.3683.86)  (Driver info: chromedriver=2.38.552522 (437e6fbedfa8762dec75e2c5b3ddb86763dc9dcb),platform=Windows NT 6.1.7601 SP1 x86_64) (WARNING: The server did not provide any stacktrace information)Command duration or timeout: 0 millisecondsFor documentation on this error, please visit: http://seleniumhq.org/exceptionso_such_element.htmlBuild info: version: '3.11.0', revision: 'e59cfb3', time: '2018-03-11T20:26:55.152Z'System info: host: 'I07R7C-AF1F18', ip: '172.21.72.72', os.name: 'Windows 7', os.arch: 'amd64', os.version: '6.1', java.version: '1.8.0_191'Driver info: org.openqa.selenium.remote.RemoteWebDriverCapabilities {acceptInsecureCerts: false, acceptSslCerts: false, applicationCacheEnabled: false, browserConnectionEnabled: false, browserName: chrome, chrome: {chromedriverVersion: 2.38.552522 (437e6fbedfa876..., userDataDir: C:\Users\SH359E~1\AppData\L...}, cssSelectorsEnabled: true, databaseEnabled: false, handlesAlerts: true, hasTouchScreen: false, javascriptEnabled: true, locationContextEnabled: true, mobileEmulationEnabled: false, nativeEvents: true, networkConnectionEnabled: false, pageLoadStrategy: normal, platform: XP, platformName: XP, rotatable: false, setWindowRect: true, takesHeapSnapshot: true, takesScreenshot: true, unexpectedAlertBehaviour: , unhandledPromptBehavior: , version: 73.0.3683.86, webStorageEnabled: true}Session ID: 64b81c4f3df0c7a01590797b0bf9d7d4*** Element info: {Using=xpath, value=//*[@id="main-container"]g-component/div/div/div[2]/page/div/div/div[1]/div/sam-breadcrumbs/ul/li[4]/a}For documentation on this error, please visit: http://seleniumhq.org/exceptionso_such_element.htmlBuild info: version: '3.11.0', revision: 'e59cfb3', time: '2018-03-11T20:26:55.152Z'System info: host: 'I07R7C-AF1F18', ip: '172.21.72.72', os.name: 'Windows 7', os.arch: 'amd64', os.version: '6.1', java.version: '1.8.0_191'Driver info: driver.version: unknown
]]></system-err>
  </testcase>
  <testcase name="Department created browser sign out" classname="Validate error meaasage in office page" time="6.175"/>
</testsuite>